#
# There is insufficient memory for the Java Runtime Environment to continue.
# Native memory allocation (malloc) failed to allocate 32744 bytes for ChunkPool::allocate
# Possible reasons:
#   The system is out of physical RAM or swap space
#   In 32 bit mode, the process size limit was hit
# Possible solutions:
#   Reduce memory load on the system
#   Increase physical memory or swap space
#   Check if swap backing store is full
#   Use 64 bit Java on a 64 bit OS
#   Decrease Java heap size (-Xmx/-Xms)
#   Decrease number of Java threads
#   Decrease Java thread stack sizes (-Xss)
#   Set larger code cache with -XX:ReservedCodeCacheSize=
# This output file may be truncated or incomplete.
#
#  Out of Memory Error (allocation.cpp:273), pid=262596, tid=0x0000000000031cd8
#
# JRE version: Java(TM) SE Runtime Environment (8.0_181-b13) (build 1.8.0_181-b13)
# Java VM: Java HotSpot(TM) 64-Bit Server VM (25.181-b13 mixed mode windows-amd64 compressed oops)
# Failed to write core dump. Minidumps are not enabled by default on client versions of Windows
#

---------------  T H R E A D  ---------------

Current thread (0x000000001993b800):  JavaThread "C2 CompilerThread0" daemon [_thread_in_native, id=203992, stack(0x000000001af90000,0x000000001b090000)]

Stack: [0x000000001af90000,0x000000001b090000]
[error occurred during error reporting (printing stack bounds), id 0xc0000005]

Native frames: (J=compiled Java code, j=interpreted, Vv=VM code, C=native code)


Current CompileTask:
C2:   1691 1937   !   4       java.net.URLClassLoader$1::run (63 bytes)


---------------  P R O C E S S  ---------------

Java Threads: ( => current thread )
  0x00000000199d5000 JavaThread "Service Thread" daemon [_thread_blocked, id=261988, stack(0x000000001b390000,0x000000001b490000)]
  0x000000001994d000 JavaThread "C1 CompilerThread3" daemon [_thread_blocked, id=262428, stack(0x000000001b290000,0x000000001b390000)]
  0x000000001994b000 JavaThread "C2 CompilerThread2" daemon [_thread_in_native, id=246608, stack(0x000000001b190000,0x000000001b290000)]
  0x0000000019945000 JavaThread "C2 CompilerThread1" daemon [_thread_in_native, id=251956, stack(0x000000001b090000,0x000000001b190000)]
=>0x000000001993b800 JavaThread "C2 CompilerThread0" daemon [_thread_in_native, id=203992, stack(0x000000001af90000,0x000000001b090000)]
  0x000000001993a800 JavaThread "Attach Listener" daemon [_thread_blocked, id=251448, stack(0x000000001ae90000,0x000000001af90000)]
  0x0000000019939800 JavaThread "Signal Dispatcher" daemon [_thread_blocked, id=263340, stack(0x000000001ad90000,0x000000001ae90000)]
  0x000000001826b000 JavaThread "Finalizer" daemon [_thread_blocked, id=258368, stack(0x000000001ab90000,0x000000001ac90000)]
  0x0000000019923000 JavaThread "Reference Handler" daemon [_thread_blocked, id=264228, stack(0x000000001aa90000,0x000000001ab90000)]
  0x0000000002efb800 JavaThread "main" [_thread_in_native, id=229644, stack(0x0000000002dd0000,0x0000000002ed0000)]

Other Threads:
  0x000000001825a800 VMThread [stack: 0x000000001a990000,0x000000001aa90000] [id=160840]
  0x0000000019a16800 WatcherThread [stack: 0x000000001b490000,0x000000001b590000] [id=251552]

VM state:not at safepoint (normal execution)

VM Mutex/Monitor currently owned by a thread: None

Heap:
 PSYoungGen      total 140800K, used 105335K [0x00000000d5580000, 0x00000000de980000, 0x0000000100000000)
  eden space 130048K, 72% used [0x00000000d5580000,0x00000000db1e2390,0x00000000dd480000)
  from space 10752K, 99% used [0x00000000ddf00000,0x00000000de97bb20,0x00000000de980000)
  to   space 10752K, 0% used [0x00000000dd480000,0x00000000dd480000,0x00000000ddf00000)
 ParOldGen       total 173568K, used 1257K [0x0000000080000000, 0x000000008a980000, 0x00000000d5580000)
  object space 173568K, 0% used [0x0000000080000000,0x000000008013a668,0x000000008a980000)
 Metaspace       used 20733K, capacity 20962K, committed 21296K, reserved 1069056K
  class space    used 2283K, capacity 2364K, committed 2432K, reserved 1048576K

Card table byte_map: [0x00000000123b0000,0x00000000127c0000] byte_map_base: 0x0000000011fb0000

Marking Bits: (ParMarkBitMap*) 0x0000000053662d00
 Begin Bits: [0x0000000013470000, 0x0000000015470000)
 End Bits:   [0x0000000015470000, 0x0000000017470000)

Polling page: 0x0000000000e70000

CodeCache: size=245760Kb used=9257Kb max_used=9266Kb free=236502Kb
 bounds [0x0000000002ff0000, 0x0000000003910000, 0x0000000011ff0000]
 total_blobs=2592 nmethods=1961 adapters=543
 compilation: enabled

Compilation events (10 events):
Event: 1.629 Thread 0x000000001994b000 nmethod 1961 0x00000000038ff990 code [0x00000000038ffb40, 0x00000000039007f8]
Event: 1.629 Thread 0x000000001994b000 1962       4       java.util.LinkedHashMap$LinkedHashIterator::nextNode (54 bytes)
Event: 1.629 Thread 0x000000001994b000 nmethod 1962 0x00000000038e8e50 code [0x00000000038e8f80, 0x00000000038e9058]
Event: 1.629 Thread 0x000000001994b000 1964       4       org.codehaus.groovy.ast.ClassNode$MapOfLists::<init> (5 bytes)
Event: 1.630 Thread 0x000000001994b000 nmethod 1964 0x00000000038ed590 code [0x00000000038ed6e0, 0x00000000038ed7d8]
Event: 1.635 Thread 0x000000001994d000 1967       3       org.codehaus.groovy.ast.ModuleNode::getImport (14 bytes)
Event: 1.636 Thread 0x000000001994d000 nmethod 1967 0x00000000038f80d0 code [0x00000000038f8240, 0x00000000038f8548]
Event: 1.665 Thread 0x000000001994b000 1968       4       java.util.HashMap$HashIterator::<init> (79 bytes)
Event: 1.666 Thread 0x000000001994b000 nmethod 1968 0x00000000038fdd10 code [0x00000000038fde60, 0x00000000038fdfd8]
Event: 1.682 Thread 0x000000001994b000 1969       4       org.codehaus.groovy.control.ResolveVisitor$ConstructedNestedClass::<init> (50 bytes)

GC Heap History (8 events):
Event: 0.535 GC heap before
{Heap before GC invocations=1 (full 0):
 PSYoungGen      total 75776K, used 65024K [0x00000000d5580000, 0x00000000daa00000, 0x0000000100000000)
  eden space 65024K, 100% used [0x00000000d5580000,0x00000000d9500000,0x00000000d9500000)
  from space 10752K, 0% used [0x00000000d9f80000,0x00000000d9f80000,0x00000000daa00000)
  to   space 10752K, 0% used [0x00000000d9500000,0x00000000d9500000,0x00000000d9f80000)
 ParOldGen       total 173568K, used 0K [0x0000000080000000, 0x000000008a980000, 0x00000000d5580000)
  object space 173568K, 0% used [0x0000000080000000,0x0000000080000000,0x000000008a980000)
 Metaspace       used 9930K, capacity 10026K, committed 10240K, reserved 1058816K
  class space    used 1122K, capacity 1169K, committed 1280K, reserved 1048576K
Event: 0.539 GC heap after
Heap after GC invocations=1 (full 0):
 PSYoungGen      total 75776K, used 7237K [0x00000000d5580000, 0x00000000daa00000, 0x0000000100000000)
  eden space 65024K, 0% used [0x00000000d5580000,0x00000000d5580000,0x00000000d9500000)
  from space 10752K, 67% used [0x00000000d9500000,0x00000000d9c11400,0x00000000d9f80000)
  to   space 10752K, 0% used [0x00000000d9f80000,0x00000000d9f80000,0x00000000daa00000)
 ParOldGen       total 173568K, used 16K [0x0000000080000000, 0x000000008a980000, 0x00000000d5580000)
  object space 173568K, 0% used [0x0000000080000000,0x0000000080004000,0x000000008a980000)
 Metaspace       used 9930K, capacity 10026K, committed 10240K, reserved 1058816K
  class space    used 1122K, capacity 1169K, committed 1280K, reserved 1048576K
}
Event: 0.876 GC heap before
{Heap before GC invocations=2 (full 0):
 PSYoungGen      total 75776K, used 72261K [0x00000000d5580000, 0x00000000daa00000, 0x0000000100000000)
  eden space 65024K, 100% used [0x00000000d5580000,0x00000000d9500000,0x00000000d9500000)
  from space 10752K, 67% used [0x00000000d9500000,0x00000000d9c11400,0x00000000d9f80000)
  to   space 10752K, 0% used [0x00000000d9f80000,0x00000000d9f80000,0x00000000daa00000)
 ParOldGen       total 173568K, used 16K [0x0000000080000000, 0x000000008a980000, 0x00000000d5580000)
  object space 173568K, 0% used [0x0000000080000000,0x0000000080004000,0x000000008a980000)
 Metaspace       used 16446K, capacity 16590K, committed 16768K, reserved 1064960K
  class space    used 1801K, capacity 1867K, committed 1920K, reserved 1048576K
Event: 0.881 GC heap after
Heap after GC invocations=2 (full 0):
 PSYoungGen      total 75776K, used 9062K [0x00000000d5580000, 0x00000000daa00000, 0x0000000100000000)
  eden space 65024K, 0% used [0x00000000d5580000,0x00000000d5580000,0x00000000d9500000)
  from space 10752K, 84% used [0x00000000d9f80000,0x00000000da859af0,0x00000000daa00000)
  to   space 10752K, 0% used [0x00000000d9500000,0x00000000d9500000,0x00000000d9f80000)
 ParOldGen       total 173568K, used 24K [0x0000000080000000, 0x000000008a980000, 0x00000000d5580000)
  object space 173568K, 0% used [0x0000000080000000,0x0000000080006000,0x000000008a980000)
 Metaspace       used 16446K, capacity 16590K, committed 16768K, reserved 1064960K
  class space    used 1801K, capacity 1867K, committed 1920K, reserved 1048576K
}
Event: 1.319 GC heap before
{Heap before GC invocations=3 (full 0):
 PSYoungGen      total 75776K, used 74086K [0x00000000d5580000, 0x00000000daa00000, 0x0000000100000000)
  eden space 65024K, 100% used [0x00000000d5580000,0x00000000d9500000,0x00000000d9500000)
  from space 10752K, 84% used [0x00000000d9f80000,0x00000000da859af0,0x00000000daa00000)
  to   space 10752K, 0% used [0x00000000d9500000,0x00000000d9500000,0x00000000d9f80000)
 ParOldGen       total 173568K, used 24K [0x0000000080000000, 0x000000008a980000, 0x00000000d5580000)
  object space 173568K, 0% used [0x0000000080000000,0x0000000080006000,0x000000008a980000)
 Metaspace       used 20348K, capacity 20642K, committed 20864K, reserved 1067008K
  class space    used 2269K, capacity 2364K, committed 2432K, reserved 1048576K
Event: 1.325 GC heap after
Heap after GC invocations=3 (full 0):
 PSYoungGen      total 75776K, used 10738K [0x00000000d5580000, 0x00000000de980000, 0x0000000100000000)
  eden space 65024K, 0% used [0x00000000d5580000,0x00000000d5580000,0x00000000d9500000)
  from space 10752K, 99% used [0x00000000d9500000,0x00000000d9f7cbc0,0x00000000d9f80000)
  to   space 10752K, 0% used [0x00000000ddf00000,0x00000000ddf00000,0x00000000de980000)
 ParOldGen       total 173568K, used 1222K [0x0000000080000000, 0x000000008a980000, 0x00000000d5580000)
  object space 173568K, 0% used [0x0000000080000000,0x0000000080131b18,0x000000008a980000)
 Metaspace       used 20348K, capacity 20642K, committed 20864K, reserved 1067008K
  class space    used 2269K, capacity 2364K, committed 2432K, reserved 1048576K
}
Event: 1.469 GC heap before
{Heap before GC invocations=4 (full 0):
 PSYoungGen      total 75776K, used 75762K [0x00000000d5580000, 0x00000000de980000, 0x0000000100000000)
  eden space 65024K, 100% used [0x00000000d5580000,0x00000000d9500000,0x00000000d9500000)
  from space 10752K, 99% used [0x00000000d9500000,0x00000000d9f7cbc0,0x00000000d9f80000)
  to   space 10752K, 0% used [0x00000000ddf00000,0x00000000ddf00000,0x00000000de980000)
 ParOldGen       total 173568K, used 1222K [0x0000000080000000, 0x000000008a980000, 0x00000000d5580000)
  object space 173568K, 0% used [0x0000000080000000,0x0000000080131b18,0x000000008a980000)
 Metaspace       used 20694K, capacity 20962K, committed 21296K, reserved 1069056K
  class space    used 2282K, capacity 2364K, committed 2432K, reserved 1048576K
Event: 1.474 GC heap after
Heap after GC invocations=4 (full 0):
 PSYoungGen      total 140800K, used 10734K [0x00000000d5580000, 0x00000000de980000, 0x0000000100000000)
  eden space 130048K, 0% used [0x00000000d5580000,0x00000000d5580000,0x00000000dd480000)
  from space 10752K, 99% used [0x00000000ddf00000,0x00000000de97bb20,0x00000000de980000)
  to   space 10752K, 0% used [0x00000000dd480000,0x00000000dd480000,0x00000000ddf00000)
 ParOldGen       total 173568K, used 1257K [0x0000000080000000, 0x000000008a980000, 0x00000000d5580000)
  object space 173568K, 0% used [0x0000000080000000,0x000000008013a668,0x000000008a980000)
 Metaspace       used 20694K, capacity 20962K, committed 21296K, reserved 1069056K
  class space    used 2282K, capacity 2364K, committed 2432K, reserved 1048576K
}

Deoptimization events (10 events):
Event: 0.801 Thread 0x0000000002efb800 Uncommon trap: reason=unstable_if action=reinterpret pc=0x0000000003250580 method=sun.misc.MetaIndex.mayContain(Ljava/lang/String;)Z @ 38
Event: 0.817 Thread 0x0000000002efb800 Uncommon trap: reason=unstable_if action=reinterpret pc=0x000000000353d510 method=java.util.jar.Attributes.read(Ljava/util/jar/Manifest$FastInputStream;[B)V @ 17
Event: 0.926 Thread 0x0000000002efb800 Uncommon trap: reason=class_check action=maybe_recompile pc=0x00000000032210f0 method=java.io.BufferedInputStream.read([BII)I @ 101
Event: 0.932 Thread 0x0000000002efb800 Uncommon trap: reason=unstable_if action=reinterpret pc=0x0000000003220f2c method=java.io.DataInputStream.readUTF(Ljava/io/DataInput;)Ljava/lang/String; @ 31
Event: 0.942 Thread 0x0000000002efb800 Uncommon trap: reason=unstable_if action=reinterpret pc=0x0000000003590e84 method=java.util.concurrent.ConcurrentHashMap.putVal(Ljava/lang/Object;Ljava/lang/Object;Z)Ljava/lang/Object; @ 181
Event: 0.944 Thread 0x0000000002efb800 Uncommon trap: reason=unstable_if action=reinterpret pc=0x000000000358e424 method=java.io.WinNTFileSystem.prefixLength(Ljava/lang/String;)I @ 42
Event: 0.956 Thread 0x0000000002efb800 Uncommon trap: reason=unstable_if action=reinterpret pc=0x00000000034eacdc method=java.lang.ThreadLocal$ThreadLocalMap.getEntry(Ljava/lang/ThreadLocal;)Ljava/lang/ThreadLocal$ThreadLocalMap$Entry; @ 29
Event: 1.045 Thread 0x0000000002efb800 Uncommon trap: reason=unstable_if action=reinterpret pc=0x000000000326199c method=java.io.WinNTFileSystem.normalize(Ljava/lang/String;II)Ljava/lang/String; @ 8
Event: 1.193 Thread 0x0000000002efb800 Uncommon trap: reason=unstable_if action=reinterpret pc=0x000000000359de00 method=java.lang.Class$MethodArray.addIfNotPresent(Ljava/lang/reflect/Method;)V @ 19
Event: 1.273 Thread 0x0000000002efb800 Uncommon trap: reason=unstable_if action=reinterpret pc=0x00000000031ee498 method=java.io.WinNTFileSystem.isLetter(C)Z @ 3

Classes redefined (0 events):
No events

Internal exceptions (10 events):
Event: 1.468 Thread 0x0000000002efb800 Exception <a 'java/security/PrivilegedActionException'> (0x00000000d94d7838) thrown at [C:\re\workspace\8-2-build-windows-amd64-cygwin\jdk8u181\11358\hotspot\src\share\vm\prims\jvm.cpp, line 1435]
Event: 1.468 Thread 0x0000000002efb800 Exception <a 'java/security/PrivilegedActionException'> (0x00000000d94d7e18) thrown at [C:\re\workspace\8-2-build-windows-amd64-cygwin\jdk8u181\11358\hotspot\src\share\vm\prims\jvm.cpp, line 1435]
Event: 1.478 Thread 0x0000000002efb800 Exception <a 'java/security/PrivilegedActionException'> (0x00000000d57e9c10) thrown at [C:\re\workspace\8-2-build-windows-amd64-cygwin\jdk8u181\11358\hotspot\src\share\vm\prims\jvm.cpp, line 1435]
Event: 1.478 Thread 0x0000000002efb800 Exception <a 'java/security/PrivilegedActionException'> (0x00000000d57ea1f0) thrown at [C:\re\workspace\8-2-build-windows-amd64-cygwin\jdk8u181\11358\hotspot\src\share\vm\prims\jvm.cpp, line 1435]
Event: 1.478 Thread 0x0000000002efb800 Exception <a 'java/security/PrivilegedActionException'> (0x00000000d57f1260) thrown at [C:\re\workspace\8-2-build-windows-amd64-cygwin\jdk8u181\11358\hotspot\src\share\vm\prims\jvm.cpp, line 1435]
Event: 1.478 Thread 0x0000000002efb800 Exception <a 'java/security/PrivilegedActionException'> (0x00000000d57f1840) thrown at [C:\re\workspace\8-2-build-windows-amd64-cygwin\jdk8u181\11358\hotspot\src\share\vm\prims\jvm.cpp, line 1435]
Event: 1.479 Thread 0x0000000002efb800 Exception <a 'java/security/PrivilegedActionException'> (0x00000000d57fe3c0) thrown at [C:\re\workspace\8-2-build-windows-amd64-cygwin\jdk8u181\11358\hotspot\src\share\vm\prims\jvm.cpp, line 1435]
Event: 1.479 Thread 0x0000000002efb800 Exception <a 'java/security/PrivilegedActionException'> (0x00000000d57fe9a0) thrown at [C:\re\workspace\8-2-build-windows-amd64-cygwin\jdk8u181\11358\hotspot\src\share\vm\prims\jvm.cpp, line 1435]
Event: 1.479 Thread 0x0000000002efb800 Exception <a 'java/security/PrivilegedActionException'> (0x00000000d5805a10) thrown at [C:\re\workspace\8-2-build-windows-amd64-cygwin\jdk8u181\11358\hotspot\src\share\vm\prims\jvm.cpp, line 1435]
Event: 1.479 Thread 0x0000000002efb800 Exception <a 'java/security/PrivilegedActionException'> (0x00000000d5805ff0) thrown at [C:\re\workspace\8-2-build-windows-amd64-cygwin\jdk8u181\11358\hotspot\src\share\vm\prims\jvm.cpp, line 1435]

Events (10 events):
Event: 1.687 loading class groovy/lang/GroovyObject$java$util$Script1583327438813$CheckoutOneTimeCharge
Event: 1.687 loading class groovy/lang/GroovyObject$java$util$Script1583327438813$CheckoutOneTimeCharge done
Event: 1.688 loading class java/util/Script1583327438813$CheckoutOneTimeCharge
Event: 1.688 loading class java/util/Script1583327438813$CheckoutOneTimeCharge done
Event: 1.688 loading class groovy/lang/GroovyObject$groovy$lang$Script1583327438813$CheckoutOneTimeCharge
Event: 1.688 loading class groovy/lang/GroovyObject$groovy$lang$Script1583327438813$CheckoutOneTimeCharge done
Event: 1.688 loading class groovy/lang/Script1583327438813$CheckoutOneTimeCharge
Event: 1.688 loading class groovy/lang/Script1583327438813$CheckoutOneTimeCharge done
Event: 1.689 loading class groovy/lang/GroovyObject$groovy$util$Script1583327438813$CheckoutOneTimeCharge
Event: 1.689 loading class groovy/lang/GroovyObject$groovy$util$Script1583327438813$CheckoutOneTimeCharge done


Dynamic libraries:
0x00007ff624eb0000 - 0x00007ff624ee7000 	D:\D drive data\Katalon_Studio_Windows_64-7.2.1\jre\bin\javaw.exe
0x00007ffbe13d0000 - 0x00007ffbe15bd000 	C:\Windows\SYSTEM32\ntdll.dll
0x00007ffbdeaf0000 - 0x00007ffbdeba3000 	C:\Windows\System32\KERNEL32.DLL
0x00007ffbdd770000 - 0x00007ffbdda03000 	C:\Windows\System32\KERNELBASE.dll
0x0000000054350000 - 0x00000000543e3000 	C:\Windows\System32\SYSFER.DLL
0x00007ffbe0b00000 - 0x00007ffbe0ba3000 	C:\Windows\System32\ADVAPI32.dll
0x00007ffbdeed0000 - 0x00007ffbdef6e000 	C:\Windows\System32\msvcrt.dll
0x00007ffbdeff0000 - 0x00007ffbdf08e000 	C:\Windows\System32\sechost.dll
0x00007ffbde950000 - 0x00007ffbdea72000 	C:\Windows\System32\RPCRT4.dll
0x00007ffbde5f0000 - 0x00007ffbde787000 	C:\Windows\System32\USER32.dll
0x00007ffbdd4b0000 - 0x00007ffbdd4d0000 	C:\Windows\System32\win32u.dll
0x00007ffbdf440000 - 0x00007ffbdf469000 	C:\Windows\System32\GDI32.dll
0x00007ffbdd520000 - 0x00007ffbdd6b9000 	C:\Windows\System32\gdi32full.dll
0x00007ffbde4f0000 - 0x00007ffbde590000 	C:\Windows\System32\msvcp_win.dll
0x00007ffbdda10000 - 0x00007ffbddb0a000 	C:\Windows\System32\ucrtbase.dll
0x00007ffbca7c0000 - 0x00007ffbcaa39000 	C:\Windows\WinSxS\amd64_microsoft.windows.common-controls_6595b64144ccf1df_6.0.17763.973_none_05b245900721eb81\COMCTL32.dll
0x00007ffbdf110000 - 0x00007ffbdf43c000 	C:\Windows\System32\combase.dll
0x00007ffbde290000 - 0x00007ffbde30e000 	C:\Windows\System32\bcryptPrimitives.dll
0x00007ffbdebb0000 - 0x00007ffbdebde000 	C:\Windows\System32\IMM32.DLL
0x00000000537d0000 - 0x00000000538a2000 	D:\D drive data\Katalon_Studio_Windows_64-7.2.1\jre\bin\msvcr100.dll
0x0000000052e40000 - 0x00000000536e2000 	D:\D drive data\Katalon_Studio_Windows_64-7.2.1\jre\bin\server\jvm.dll
0x00007ffbdea80000 - 0x00007ffbdea88000 	C:\Windows\System32\PSAPI.DLL
0x00007ffbcfad0000 - 0x00007ffbcfad9000 	C:\Windows\SYSTEM32\WSOCK32.dll
0x00007ffbdf090000 - 0x00007ffbdf0fd000 	C:\Windows\System32\WS2_32.dll
0x00007ffbda6a0000 - 0x00007ffbda6c4000 	C:\Windows\SYSTEM32\WINMM.dll
0x00007ffbd8040000 - 0x00007ffbd804a000 	C:\Windows\SYSTEM32\VERSION.dll
0x00007ffbda670000 - 0x00007ffbda69d000 	C:\Windows\SYSTEM32\WINMMBASE.dll
0x00007ffbdd4d0000 - 0x00007ffbdd51a000 	C:\Windows\System32\cfgmgr32.dll
0x00000000539a0000 - 0x00000000539af000 	D:\D drive data\Katalon_Studio_Windows_64-7.2.1\jre\bin\verify.dll
0x0000000053970000 - 0x0000000053999000 	D:\D drive data\Katalon_Studio_Windows_64-7.2.1\jre\bin\java.dll
0x0000000053950000 - 0x0000000053966000 	D:\D drive data\Katalon_Studio_Windows_64-7.2.1\jre\bin\zip.dll
0x00007ffbdf4d0000 - 0x00007ffbe09c4000 	C:\Windows\System32\SHELL32.dll
0x00007ffbdecb0000 - 0x00007ffbded58000 	C:\Windows\System32\shcore.dll
0x00007ffbddb10000 - 0x00007ffbde25d000 	C:\Windows\System32\windows.storage.dll
0x00007ffbdd400000 - 0x00007ffbdd424000 	C:\Windows\System32\profapi.dll
0x00007ffbdd430000 - 0x00007ffbdd48d000 	C:\Windows\System32\powrprof.dll
0x00007ffbdea90000 - 0x00007ffbdeae2000 	C:\Windows\System32\shlwapi.dll
0x00007ffbdd3c0000 - 0x00007ffbdd3d1000 	C:\Windows\System32\kernel.appcore.dll
0x00007ffbdd490000 - 0x00007ffbdd4a7000 	C:\Windows\System32\cryptsp.dll
0x0000000053930000 - 0x000000005394a000 	D:\D drive data\Katalon_Studio_Windows_64-7.2.1\jre\bin\net.dll
0x00007ffbdcbd0000 - 0x00007ffbdcc37000 	C:\Windows\system32\mswsock.dll
0x0000000053910000 - 0x0000000053921000 	D:\D drive data\Katalon_Studio_Windows_64-7.2.1\jre\bin\nio.dll

VM Arguments:
jvm_args: -Dgroovy.home=/D:/D drive data/Katalon_Studio_Windows_64-7.2.1/plugins/org.codehaus.groovy_2.4.7.xx-201611170128-e46/ -Xmx2048m -Dfile.encoding=UTF-8 
java_command: org.codehaus.groovy.tools.GroovyStarter --classpath C:\Users\lachmipriya.g\Katalon Studio\Complex Order\Include\scripts\groovy;C:\Users\lachmipriya.g\Katalon Studio\Complex Order\Keywords;C:\Users\lachmipriya.g\Katalon Studio\Complex Order\Libs;C:\Users\lachmipriya.g\Katalon Studio\Complex Order\Test Listeners;D:\D drive data\Katalon_Studio_Windows_64-7.2.1\configuration\resources\lib\aalto-xml-1.0.0.jar;D:\D drive data\Katalon_Studio_Windows_64-7.2.1\configuration\resources\lib\aspectjweaver-1.9.1.jar;D:\D drive data\Katalon_Studio_Windows_64-7.2.1\configuration\resources\lib\bcpkix-jdk15on-1.58.jar;D:\D drive data\Katalon_Studio_Windows_64-7.2.1\configuration\resources\lib\bcprov-jdk15on-1.58.jar;D:\D drive data\Katalon_Studio_Windows_64-7.2.1\configuration\resources\lib\browsermob-core-2.1.5.jar;D:\D drive data\Katalon_Studio_Windows_64-7.2.1\configuration\resources\lib\cglib-3.2.10.jar;D:\D drive data\Katalon_Studio_Windows_64-7.2.1\configuration\resources\lib\commons-codec-1.10.jar;D:\D drive data\Katalon_Studio_Windows_64-7.2.1\configuration\resources\lib\commons-collections4-4.1.jar;D:\D drive data\Katalon_Studio_Windows_64-7.2.1\configuration\resources\lib\commons-validator-1.6.jar;D:\D drive data\Katalon_Studio_Windows_64-7.2.1\configuration\resources\lib\curvesapi-1.04.jar;D:\D drive data\Katalon_Studio_Windows_64-7.2.1\configuration\resources\lib\dnsjava-2.1.8.jar;D:\D drive data\Katalon_Studio_Windows_64-7.2.1\configuration\resources\lib\java-client-7.0.0.jar;D:\D drive data\Katalon_Studio_Windows_64-7.2.1\configuration\resources\lib\jna-4.1.0.jar;D:\D drive data\Katalon_Studio_Windows_64-7.2.1\configuration\resources\lib\jna-platform-4.1.0.jar;D:\D drive data\Katalon_Studio_Windows_64-7.2.1\configuration\resources\lib\jzlib-1.1.3.jar;D:\D drive data\Katalon_Studio_Windows_64-7.2.1\configuration\resources\lib\kat-server.jar;D:\D drive data\Katalon_Studio_Windows_64-7.2.1\configuration\resources\lib\littleproxy-1.1.0-beta-bmp-17.jar;D:\D d
java_class_path (initial): C:\Users\lachmipriya.g\Katalon Studio\Complex Order\bin\keyword;C:\Users\lachmipriya.g\Katalon Studio\Complex Order\bin\listener;C:\Users\lachmipriya.g\Katalon Studio\Complex Order\bin\lib;C:\Users\lachmipriya.g\Katalon Studio\Complex Order\bin\groovy;C:\Users\lachmipriya.g\Katalon Studio\Complex Order\bin;D:\D drive data\Katalon_Studio_Windows_64-7.2.1\plugins\com.kms.katalon.core_1.0.0.201912180934.jar;D:\D drive data\Katalon_Studio_Windows_64-7.2.1\configuration\resources\lib\aalto-xml-1.0.0.jar;D:\D drive data\Katalon_Studio_Windows_64-7.2.1\configuration\resources\lib\aspectjweaver-1.9.1.jar;D:\D drive data\Katalon_Studio_Windows_64-7.2.1\configuration\resources\lib\bcpkix-jdk15on-1.58.jar;D:\D drive data\Katalon_Studio_Windows_64-7.2.1\configuration\resources\lib\bcprov-jdk15on-1.58.jar;D:\D drive data\Katalon_Studio_Windows_64-7.2.1\configuration\resources\lib\browsermob-core-2.1.5.jar;D:\D drive data\Katalon_Studio_Windows_64-7.2.1\configuration\resources\lib\cglib-3.2.10.jar;D:\D drive data\Katalon_Studio_Windows_64-7.2.1\configuration\resources\lib\commons-codec-1.10.jar;D:\D drive data\Katalon_Studio_Windows_64-7.2.1\configuration\resources\lib\commons-collections4-4.1.jar;D:\D drive data\Katalon_Studio_Windows_64-7.2.1\configuration\resources\lib\commons-validator-1.6.jar;D:\D drive data\Katalon_Studio_Windows_64-7.2.1\configuration\resources\lib\curvesapi-1.04.jar;D:\D drive data\Katalon_Studio_Windows_64-7.2.1\configuration\resources\lib\dnsjava-2.1.8.jar;D:\D drive data\Katalon_Studio_Windows_64-7.2.1\configuration\resources\lib\java-client-7.0.0.jar;D:\D drive data\Katalon_Studio_Windows_64-7.2.1\configuration\resources\lib\jna-4.1.0.jar;D:\D drive data\Katalon_Studio_Windows_64-7.2.1\configuration\resources\lib\jna-platform-4.1.0.jar;D:\D drive data\Katalon_Studio_Windows_64-7.2.1\configuration\resources\lib\jzlib-1.1.3.jar;D:\D drive data\Katalon_Studio_Windows_64-7.2.1\configuration\resources\lib\kat-server.jar;D:\D dr
Launcher Type: SUN_STANDARD

Environment Variables:
PATH=D:/D drive data/Katalon_Studio_Windows_64-7.2.1/jre/bin/server;D:/D drive data/Katalon_Studio_Windows_64-7.2.1/jre/bin;D:/D drive data/Katalon_Studio_Windows_64-7.2.1/jre/lib/amd64;C:\Program Files (x86)\Common Files\Oracle\Java\javapath;C:\Program Files (x86)\Intel\Intel(R) Management Engine Components\iCLS\;C:\Program Files\Intel\Intel(R) Management Engine Components\iCLS\;C:\Windows\system32;C:\Windows;C:\Windows\System32\Wbem;C:\Windows\System32\WindowsPowerShell\v1.0\;C:\Windows\System32\OpenSSH\;C:\Program Files (x86)\Intel\Intel(R) Management Engine Components\DAL;C:\Program Files\Intel\Intel(R) Management Engine Components\DAL;C:\Program Files\TortoiseSVN\bin;C:\Windows\System32\cmd.exe;C:\Python27\tcl;C:\Python27;C:\Python27\Lib;C:\Python27\Tools\Scripts;C:\Python27\Scripts;C:\Users\lachmipriya.g\AppData\Local\Microsoft\WindowsApps;;D:\D drive data\Katalon_Studio_Windows_64-7.2.1;
USERNAME=lachmipriya.g
OS=Windows_NT
PROCESSOR_IDENTIFIER=Intel64 Family 6 Model 158 Stepping 10, GenuineIntel



---------------  S Y S T E M  ---------------

OS: Windows 10.0 , 64 bit Build 17763 (10.0.17763.475)

CPU:total 12 (initial active 12) (6 cores per cpu, 2 threads per core) family 6 model 158 stepping 10, cmov, cx8, fxsr, mmx, sse, sse2, sse3, ssse3, sse4.1, sse4.2, popcnt, avx, avx2, aes, clmul, erms, rtm, 3dnowpref, lzcnt, ht, tsc, tscinvbit, bmi1, bmi2, adx

Memory: 4k page, physical 16596392k(3367904k free), swap 29224612k(5132k free)

vm_info: Java HotSpot(TM) 64-Bit Server VM (25.181-b13) for windows-amd64 JRE (1.8.0_181-b13), built on Jul  7 2018 04:01:33 by "java_re" with MS VC++ 10.0 (VS2010)

time: Fri Mar 06 17:47:54 2020
elapsed time: 1 seconds (0d 0h 0m 1s)

