#
# There is insufficient memory for the Java Runtime Environment to continue.
# Native memory allocation (malloc) failed to allocate 32744 bytes for ChunkPool::allocate
# Possible reasons:
#   The system is out of physical RAM or swap space
#   In 32 bit mode, the process size limit was hit
# Possible solutions:
#   Reduce memory load on the system
#   Increase physical memory or swap space
#   Check if swap backing store is full
#   Use 64 bit Java on a 64 bit OS
#   Decrease Java heap size (-Xmx/-Xms)
#   Decrease number of Java threads
#   Decrease Java thread stack sizes (-Xss)
#   Set larger code cache with -XX:ReservedCodeCacheSize=
# This output file may be truncated or incomplete.
#
#  Out of Memory Error (allocation.cpp:273), pid=258648, tid=0x000000000003e2f8
#
# JRE version: Java(TM) SE Runtime Environment (8.0_181-b13) (build 1.8.0_181-b13)
# Java VM: Java HotSpot(TM) 64-Bit Server VM (25.181-b13 mixed mode windows-amd64 compressed oops)
# Failed to write core dump. Minidumps are not enabled by default on client versions of Windows
#

---------------  T H R E A D  ---------------

Current thread (0x00000000191ca000):  JavaThread "C2 CompilerThread2" daemon [_thread_in_native, id=254712, stack(0x000000001b050000,0x000000001b150000)]

Stack: [0x000000001b050000,0x000000001b150000]
[error occurred during error reporting (printing stack bounds), id 0xc0000005]

Native frames: (J=compiled Java code, j=interpreted, Vv=VM code, C=native code)


Current CompileTask:
C2: 268595 3855       4       org.codehaus.groovy.control.ResolveVisitor::resolveFromStaticInnerClasses (125 bytes)


---------------  P R O C E S S  ---------------

Java Threads: ( => current thread )
  0x000000001d09a800 JavaThread "Okio Watchdog" daemon [_thread_blocked, id=244748, stack(0x0000000028f40000,0x0000000029040000)]
  0x000000001d09d000 JavaThread "OkHttp ConnectionPool" daemon [_thread_blocked, id=47232, stack(0x0000000026e30000,0x0000000026f30000)]
  0x000000002761c800 JavaThread "Exec Stream Pumper" daemon [_thread_in_native, id=260116, stack(0x00000000231a0000,0x00000000232a0000)]
  0x000000002761b000 JavaThread "Exec Stream Pumper" daemon [_thread_in_native, id=257100, stack(0x00000000230a0000,0x00000000231a0000)]
  0x0000000027618000 JavaThread "Exec Default Executor" daemon [_thread_in_native, id=248108, stack(0x000000001fc40000,0x000000001fd40000)]
  0x0000000019251800 JavaThread "Service Thread" daemon [_thread_blocked, id=194400, stack(0x000000001b250000,0x000000001b350000)]
  0x00000000191ce000 JavaThread "C1 CompilerThread3" daemon [_thread_blocked, id=252708, stack(0x000000001b150000,0x000000001b250000)]
=>0x00000000191ca000 JavaThread "C2 CompilerThread2" daemon [_thread_in_native, id=254712, stack(0x000000001b050000,0x000000001b150000)]
  0x00000000191c5800 JavaThread "C2 CompilerThread1" daemon [_thread_in_native, id=215492, stack(0x000000001af50000,0x000000001b050000)]
  0x00000000191c3800 JavaThread "C2 CompilerThread0" daemon [_thread_blocked, id=256612, stack(0x000000001ae50000,0x000000001af50000)]
  0x00000000191b7800 JavaThread "JDWP Command Reader" daemon [_thread_in_native, id=76204, stack(0x000000001ad50000,0x000000001ae50000)]
  0x00000000191b1000 JavaThread "JDWP Event Helper Thread" daemon [_thread_blocked, id=245672, stack(0x000000001ac50000,0x000000001ad50000)]
  0x00000000191a4800 JavaThread "JDWP Transport Listener: dt_socket" daemon [_thread_blocked, id=250500, stack(0x000000001ab50000,0x000000001ac50000)]
  0x0000000019198800 JavaThread "Attach Listener" daemon [_thread_blocked, id=240912, stack(0x000000001a710000,0x000000001a810000)]
  0x0000000019197800 JavaThread "Signal Dispatcher" daemon [_thread_blocked, id=226020, stack(0x000000001a610000,0x000000001a710000)]
  0x0000000017abb800 JavaThread "Finalizer" daemon [_thread_blocked, id=256676, stack(0x000000001a410000,0x000000001a510000)]
  0x0000000019183000 JavaThread "Reference Handler" daemon [_thread_blocked, id=78700, stack(0x000000001a310000,0x000000001a410000)]
  0x000000000274c800 JavaThread "Forwarding executeAsyncScript on session 076ad124-3b0c-451d-bb92-1ab819cd905d to remote" [_thread_in_native, id=123740, stack(0x0000000002640000,0x0000000002740000)]

Other Threads:
  0x0000000017aab000 VMThread [stack: 0x000000001a210000,0x000000001a310000] [id=255352]
  0x00000000192a7000 WatcherThread [stack: 0x000000001b350000,0x000000001b450000] [id=237900]

VM state:not at safepoint (normal execution)

VM Mutex/Monitor currently owned by a thread: None

Heap:
 PSYoungGen      total 137216K, used 116720K [0x00000000d5580000, 0x00000000df100000, 0x0000000100000000)
  eden space 125440K, 84% used [0x00000000d5580000,0x00000000dbd920f8,0x00000000dd000000)
  from space 11776K, 86% used [0x00000000de580000,0x00000000def6a1e8,0x00000000df100000)
  to   space 16896K, 0% used [0x00000000dd000000,0x00000000dd000000,0x00000000de080000)
 ParOldGen       total 109056K, used 10577K [0x0000000080000000, 0x0000000086a80000, 0x00000000d5580000)
  object space 109056K, 9% used [0x0000000080000000,0x0000000080a54688,0x0000000086a80000)
 Metaspace       used 30297K, capacity 31396K, committed 31616K, reserved 1077248K
  class space    used 3582K, capacity 3904K, committed 3968K, reserved 1048576K

Card table byte_map: [0x0000000011c00000,0x0000000012010000] byte_map_base: 0x0000000011800000

Marking Bits: (ParMarkBitMap*) 0x0000000053662d00
 Begin Bits: [0x0000000012cc0000, 0x0000000014cc0000)
 End Bits:   [0x0000000014cc0000, 0x0000000016cc0000)

Polling page: 0x0000000000be0000

CodeCache: size=245760Kb used=15603Kb max_used=16882Kb free=230156Kb
 bounds [0x0000000002840000, 0x00000000038d0000, 0x0000000011840000]
 total_blobs=4216 nmethods=3545 adapters=590
 compilation: enabled

Compilation events (10 events):
Event: 268.378 Thread 0x00000000191ce000 nmethod 3867 0x00000000029e5750 code [0x00000000029e58e0, 0x00000000029e5c68]
Event: 268.396 Thread 0x00000000191c5800 nmethod 3856 0x0000000002e08510 code [0x0000000002e088c0, 0x0000000002e0bc18]
Event: 268.396 Thread 0x00000000191c5800 3858       4       java.util.HashMap::putVal (300 bytes)
Event: 268.400 Thread 0x00000000191c5800 nmethod 3858 0x0000000002d52390 code [0x0000000002d52540, 0x0000000002d52e58]
Event: 268.400 Thread 0x00000000191c5800 3864       4       groovyjarjarasm.asm.Type::getArgumentsAndReturnSizes (151 bytes)
Event: 268.403 Thread 0x00000000191c5800 nmethod 3864 0x0000000002a10490 code [0x0000000002a10600, 0x0000000002a10b38]
Event: 268.403 Thread 0x00000000191c5800 3857       4       org.codehaus.groovy.control.ResolveVisitor::resolve (229 bytes)
Event: 268.460 Thread 0x00000000191c3800 nmethod 3854 0x000000000296b190 code [0x000000000296b6e0, 0x0000000002972a08]
Event: 268.460 Thread 0x00000000191c3800 3860       4       java.util.AbstractSequentialList::iterator (5 bytes)
Event: 268.461 Thread 0x00000000191c3800 nmethod 3860 0x0000000002961650 code [0x00000000029617a0, 0x0000000002961918]

GC Heap History (10 events):
Event: 2.061 GC heap before
{Heap before GC invocations=5 (full 1):
 PSYoungGen      total 75776K, used 10699K [0x00000000d5580000, 0x00000000de980000, 0x0000000100000000)
  eden space 65024K, 0% used [0x00000000d5580000,0x00000000d5580000,0x00000000d9500000)
  from space 10752K, 99% used [0x00000000d9f80000,0x00000000da9f2fc8,0x00000000daa00000)
  to   space 10752K, 0% used [0x00000000d9500000,0x00000000d9500000,0x00000000d9f80000)
 ParOldGen       total 173568K, used 1307K [0x0000000080000000, 0x000000008a980000, 0x00000000d5580000)
  object space 173568K, 0% used [0x0000000080000000,0x0000000080146d60,0x000000008a980000)
 Metaspace       used 20867K, capacity 21094K, committed 21296K, reserved 1069056K
  class space    used 2279K, capacity 2364K, committed 2432K, reserved 1048576K
Event: 2.087 GC heap after
Heap after GC invocations=5 (full 1):
 PSYoungGen      total 75776K, used 0K [0x00000000d5580000, 0x00000000de980000, 0x0000000100000000)
  eden space 65024K, 0% used [0x00000000d5580000,0x00000000d5580000,0x00000000d9500000)
  from space 10752K, 0% used [0x00000000d9f80000,0x00000000d9f80000,0x00000000daa00000)
  to   space 10752K, 0% used [0x00000000d9500000,0x00000000d9500000,0x00000000d9f80000)
 ParOldGen       total 109056K, used 10553K [0x0000000080000000, 0x0000000086a80000, 0x00000000d5580000)
  object space 109056K, 9% used [0x0000000080000000,0x0000000080a4e688,0x0000000086a80000)
 Metaspace       used 20867K, capacity 21094K, committed 21296K, reserved 1069056K
  class space    used 2279K, capacity 2364K, committed 2432K, reserved 1048576K
}
Event: 2.343 GC heap before
{Heap before GC invocations=6 (full 1):
 PSYoungGen      total 75776K, used 65024K [0x00000000d5580000, 0x00000000de980000, 0x0000000100000000)
  eden space 65024K, 100% used [0x00000000d5580000,0x00000000d9500000,0x00000000d9500000)
  from space 10752K, 0% used [0x00000000d9f80000,0x00000000d9f80000,0x00000000daa00000)
  to   space 10752K, 0% used [0x00000000d9500000,0x00000000d9500000,0x00000000d9f80000)
 ParOldGen       total 109056K, used 10553K [0x0000000080000000, 0x0000000086a80000, 0x00000000d5580000)
  object space 109056K, 9% used [0x0000000080000000,0x0000000080a4e688,0x0000000086a80000)
 Metaspace       used 20938K, capacity 21222K, committed 21552K, reserved 1069056K
  class space    used 2282K, capacity 2364K, committed 2432K, reserved 1048576K
Event: 2.344 GC heap after
Heap after GC invocations=6 (full 1):
 PSYoungGen      total 75776K, used 448K [0x00000000d5580000, 0x00000000dd080000, 0x0000000100000000)
  eden space 65024K, 0% used [0x00000000d5580000,0x00000000d5580000,0x00000000d9500000)
  from space 10752K, 4% used [0x00000000d9500000,0x00000000d9570000,0x00000000d9f80000)
  to   space 15360K, 0% used [0x00000000dc180000,0x00000000dc180000,0x00000000dd080000)
 ParOldGen       total 109056K, used 10561K [0x0000000080000000, 0x0000000086a80000, 0x00000000d5580000)
  object space 109056K, 9% used [0x0000000080000000,0x0000000080a50688,0x0000000086a80000)
 Metaspace       used 20938K, capacity 21222K, committed 21552K, reserved 1069056K
  class space    used 2282K, capacity 2364K, committed 2432K, reserved 1048576K
}
Event: 2.580 GC heap before
{Heap before GC invocations=7 (full 1):
 PSYoungGen      total 75776K, used 65472K [0x00000000d5580000, 0x00000000dd080000, 0x0000000100000000)
  eden space 65024K, 100% used [0x00000000d5580000,0x00000000d9500000,0x00000000d9500000)
  from space 10752K, 4% used [0x00000000d9500000,0x00000000d9570000,0x00000000d9f80000)
  to   space 15360K, 0% used [0x00000000dc180000,0x00000000dc180000,0x00000000dd080000)
 ParOldGen       total 109056K, used 10561K [0x0000000080000000, 0x0000000086a80000, 0x00000000d5580000)
  object space 109056K, 9% used [0x0000000080000000,0x0000000080a50688,0x0000000086a80000)
 Metaspace       used 20955K, capacity 21222K, committed 21552K, reserved 1069056K
  class space    used 2283K, capacity 2364K, committed 2432K, reserved 1048576K
Event: 2.581 GC heap after
Heap after GC invocations=7 (full 1):
 PSYoungGen      total 108544K, used 672K [0x00000000d5580000, 0x00000000dd000000, 0x0000000100000000)
  eden space 93696K, 0% used [0x00000000d5580000,0x00000000d5580000,0x00000000db100000)
  from space 14848K, 4% used [0x00000000dc180000,0x00000000dc228020,0x00000000dd000000)
  to   space 15872K, 0% used [0x00000000db100000,0x00000000db100000,0x00000000dc080000)
 ParOldGen       total 109056K, used 10561K [0x0000000080000000, 0x0000000086a80000, 0x00000000d5580000)
  object space 109056K, 9% used [0x0000000080000000,0x0000000080a50688,0x0000000086a80000)
 Metaspace       used 20955K, capacity 21222K, committed 21552K, reserved 1069056K
  class space    used 2283K, capacity 2364K, committed 2432K, reserved 1048576K
}
Event: 4.176 GC heap before
{Heap before GC invocations=8 (full 1):
 PSYoungGen      total 108544K, used 94368K [0x00000000d5580000, 0x00000000dd000000, 0x0000000100000000)
  eden space 93696K, 100% used [0x00000000d5580000,0x00000000db100000,0x00000000db100000)
  from space 14848K, 4% used [0x00000000dc180000,0x00000000dc228020,0x00000000dd000000)
  to   space 15872K, 0% used [0x00000000db100000,0x00000000db100000,0x00000000dc080000)
 ParOldGen       total 109056K, used 10561K [0x0000000080000000, 0x0000000086a80000, 0x00000000d5580000)
  object space 109056K, 9% used [0x0000000080000000,0x0000000080a50688,0x0000000086a80000)
 Metaspace       used 26918K, capacity 27578K, committed 27648K, reserved 1073152K
  class space    used 3125K, capacity 3290K, committed 3328K, reserved 1048576K
Event: 4.181 GC heap after
Heap after GC invocations=8 (full 1):
 PSYoungGen      total 109568K, used 11537K [0x00000000d5580000, 0x00000000df600000, 0x0000000100000000)
  eden space 93696K, 0% used [0x00000000d5580000,0x00000000d5580000,0x00000000db100000)
  from space 15872K, 72% used [0x00000000db100000,0x00000000dbc446f8,0x00000000dc080000)
  to   space 16896K, 0% used [0x00000000de580000,0x00000000de580000,0x00000000df600000)
 ParOldGen       total 109056K, used 10569K [0x0000000080000000, 0x0000000086a80000, 0x00000000d5580000)
  object space 109056K, 9% used [0x0000000080000000,0x0000000080a52688,0x0000000086a80000)
 Metaspace       used 26918K, capacity 27578K, committed 27648K, reserved 1073152K
  class space    used 3125K, capacity 3290K, committed 3328K, reserved 1048576K
}
Event: 8.663 GC heap before
{Heap before GC invocations=9 (full 1):
 PSYoungGen      total 109568K, used 105233K [0x00000000d5580000, 0x00000000df600000, 0x0000000100000000)
  eden space 93696K, 100% used [0x00000000d5580000,0x00000000db100000,0x00000000db100000)
  from space 15872K, 72% used [0x00000000db100000,0x00000000dbc446f8,0x00000000dc080000)
  to   space 16896K, 0% used [0x00000000de580000,0x00000000de580000,0x00000000df600000)
 ParOldGen       total 109056K, used 10569K [0x0000000080000000, 0x0000000086a80000, 0x00000000d5580000)
  object space 109056K, 9% used [0x0000000080000000,0x0000000080a52688,0x0000000086a80000)
 Metaspace       used 29306K, capacity 30168K, committed 30336K, reserved 1075200K
  class space    used 3466K, capacity 3704K, committed 3712K, reserved 1048576K
Event: 8.668 GC heap after
Heap after GC invocations=9 (full 1):
 PSYoungGen      total 137216K, used 10152K [0x00000000d5580000, 0x00000000df100000, 0x0000000100000000)
  eden space 125440K, 0% used [0x00000000d5580000,0x00000000d5580000,0x00000000dd000000)
  from space 11776K, 86% used [0x00000000de580000,0x00000000def6a1e8,0x00000000df100000)
  to   space 16896K, 0% used [0x00000000dd000000,0x00000000dd000000,0x00000000de080000)
 ParOldGen       total 109056K, used 10577K [0x0000000080000000, 0x0000000086a80000, 0x00000000d5580000)
  object space 109056K, 9% used [0x0000000080000000,0x0000000080a54688,0x0000000086a80000)
 Metaspace       used 29306K, capacity 30168K, committed 30336K, reserved 1075200K
  class space    used 3466K, capacity 3704K, committed 3712K, reserved 1048576K
}

Deoptimization events (10 events):
Event: 268.374 Thread 0x000000000274c800 Uncommon trap: reason=unhandled action=none pc=0x0000000003194754 method=java.net.URLClassLoader.findClass(Ljava/lang/String;)Ljava/lang/Class; @ 44
Event: 268.374 Thread 0x000000000274c800 Uncommon trap: reason=unhandled action=none pc=0x0000000003194754 method=java.net.URLClassLoader.findClass(Ljava/lang/String;)Ljava/lang/Class; @ 44
Event: 268.374 Thread 0x000000000274c800 Uncommon trap: reason=unhandled action=none pc=0x0000000003194754 method=java.net.URLClassLoader.findClass(Ljava/lang/String;)Ljava/lang/Class; @ 44
Event: 268.374 Thread 0x000000000274c800 Uncommon trap: reason=unhandled action=none pc=0x0000000003194754 method=java.net.URLClassLoader.findClass(Ljava/lang/String;)Ljava/lang/Class; @ 44
Event: 268.374 Thread 0x000000000274c800 Uncommon trap: reason=unhandled action=none pc=0x0000000003194754 method=java.net.URLClassLoader.findClass(Ljava/lang/String;)Ljava/lang/Class; @ 44
Event: 268.375 Thread 0x000000000274c800 Uncommon trap: reason=unhandled action=none pc=0x0000000003194754 method=java.net.URLClassLoader.findClass(Ljava/lang/String;)Ljava/lang/Class; @ 44
Event: 268.375 Thread 0x000000000274c800 Uncommon trap: reason=unhandled action=none pc=0x0000000003194754 method=java.net.URLClassLoader.findClass(Ljava/lang/String;)Ljava/lang/Class; @ 44
Event: 268.375 Thread 0x000000000274c800 Uncommon trap: reason=unhandled action=none pc=0x0000000003194754 method=java.net.URLClassLoader.findClass(Ljava/lang/String;)Ljava/lang/Class; @ 44
Event: 268.377 Thread 0x000000000274c800 Uncommon trap: reason=unhandled action=none pc=0x0000000003194754 method=java.net.URLClassLoader.findClass(Ljava/lang/String;)Ljava/lang/Class; @ 44
Event: 268.378 Thread 0x000000000274c800 Uncommon trap: reason=unhandled action=none pc=0x0000000003194754 method=java.net.URLClassLoader.findClass(Ljava/lang/String;)Ljava/lang/Class; @ 44

Classes redefined (0 events):
No events

Internal exceptions (10 events):
Event: 268.357 Thread 0x000000000274c800 Exception <a 'java/security/PrivilegedActionException'> (0x00000000db607a20) thrown at [C:\re\workspace\8-2-build-windows-amd64-cygwin\jdk8u181\11358\hotspot\src\share\vm\prims\jvm.cpp, line 1435]
Event: 268.363 Thread 0x000000000274c800 Exception <a 'java/security/PrivilegedActionException'> (0x00000000db76cd68) thrown at [C:\re\workspace\8-2-build-windows-amd64-cygwin\jdk8u181\11358\hotspot\src\share\vm\prims\jvm.cpp, line 1435]
Event: 268.363 Thread 0x000000000274c800 Exception <a 'java/security/PrivilegedActionException'> (0x00000000db76d348) thrown at [C:\re\workspace\8-2-build-windows-amd64-cygwin\jdk8u181\11358\hotspot\src\share\vm\prims\jvm.cpp, line 1435]
Event: 268.363 Thread 0x000000000274c800 Exception <a 'java/security/PrivilegedActionException'> (0x00000000db774460) thrown at [C:\re\workspace\8-2-build-windows-amd64-cygwin\jdk8u181\11358\hotspot\src\share\vm\prims\jvm.cpp, line 1435]
Event: 268.363 Thread 0x000000000274c800 Exception <a 'java/security/PrivilegedActionException'> (0x00000000db774a40) thrown at [C:\re\workspace\8-2-build-windows-amd64-cygwin\jdk8u181\11358\hotspot\src\share\vm\prims\jvm.cpp, line 1435]
Event: 268.368 Thread 0x000000000274c800 Exception <a 'java/lang/ClassNotFoundException': Script1BeanInfo> (0x00000000db85d098) thrown at [C:\re\workspace\8-2-build-windows-amd64-cygwin\jdk8u181\11358\hotspot\src\share\vm\classfile\systemDictionary.cpp, line 210]
Event: 268.369 Thread 0x000000000274c800 Exception <a 'java/lang/ClassNotFoundException': Script1Customizer> (0x00000000db88a830) thrown at [C:\re\workspace\8-2-build-windows-amd64-cygwin\jdk8u181\11358\hotspot\src\share\vm\classfile\systemDictionary.cpp, line 210]
Event: 268.374 Thread 0x000000000274c800 Exception <a 'java/lang/ClassNotFoundException': com/kms/katalon/core/webui/keyword/builtin/GetAttributeKeywordBeanInfo> (0x00000000db9f7018) thrown at [C:\re\workspace\8-2-build-windows-amd64-cygwin\jdk8u181\11358\hotspot\src\share\vm\classfile\systemDic
Event: 268.375 Thread 0x000000000274c800 Exception <a 'java/lang/ClassNotFoundException': com/kms/katalon/core/webui/keyword/builtin/GetAttributeKeywordCustomizer> (0x00000000dba46008) thrown at [C:\re\workspace\8-2-build-windows-amd64-cygwin\jdk8u181\11358\hotspot\src\share\vm\classfile\systemD
Event: 268.381 Thread 0x000000000274c800 Exception <a 'java/net/SocketTimeoutException': Read timed out> (0x00000000dbb6d550) thrown at [C:\re\workspace\8-2-build-windows-amd64-cygwin\jdk8u181\11358\hotspot\src\share\vm\prims\jni.cpp, line 735]

Events (10 events):
Event: 268.379 Thread 0x000000000274c800 DEOPT PACKING pc=0x00000000037866f4 sp=0x000000000273bb10
Event: 268.379 Thread 0x000000000274c800 DEOPT UNPACKING pc=0x0000000002887890 sp=0x000000000273b8c8 mode 1
Event: 268.379 Thread 0x000000000274c800 DEOPT PACKING pc=0x0000000003804e9c sp=0x000000000273b9c0
Event: 268.379 Thread 0x000000000274c800 DEOPT UNPACKING pc=0x0000000002887890 sp=0x000000000273b760 mode 1
Event: 268.379 Thread 0x000000000274c800 DEOPT PACKING pc=0x00000000037866f4 sp=0x000000000273ba90
Event: 268.379 Thread 0x000000000274c800 DEOPT UNPACKING pc=0x0000000002887890 sp=0x000000000273b848 mode 1
Event: 268.379 Thread 0x000000000274c800 DEOPT PACKING pc=0x0000000003804e9c sp=0x000000000273b940
Event: 268.379 Thread 0x000000000274c800 DEOPT UNPACKING pc=0x0000000002887890 sp=0x000000000273b6e0 mode 1
Event: 268.379 Thread 0x000000000274c800 DEOPT PACKING pc=0x00000000037866f4 sp=0x000000000273ba10
Event: 268.379 Thread 0x000000000274c800 DEOPT UNPACKING pc=0x0000000002887890 sp=0x000000000273b7c8 mode 1


Dynamic libraries:
0x00007ff624eb0000 - 0x00007ff624ee7000 	D:\D drive data\Katalon_Studio_Windows_64-7.2.1\jre\bin\javaw.exe
0x00007ffbe13d0000 - 0x00007ffbe15bd000 	C:\Windows\SYSTEM32\ntdll.dll
0x00007ffbdeaf0000 - 0x00007ffbdeba3000 	C:\Windows\System32\KERNEL32.DLL
0x00007ffbdd770000 - 0x00007ffbdda03000 	C:\Windows\System32\KERNELBASE.dll
0x0000000054350000 - 0x00000000543e3000 	C:\Windows\System32\SYSFER.DLL
0x00007ffbe0b00000 - 0x00007ffbe0ba3000 	C:\Windows\System32\ADVAPI32.dll
0x00007ffbdeed0000 - 0x00007ffbdef6e000 	C:\Windows\System32\msvcrt.dll
0x00007ffbdeff0000 - 0x00007ffbdf08e000 	C:\Windows\System32\sechost.dll
0x00007ffbde950000 - 0x00007ffbdea72000 	C:\Windows\System32\RPCRT4.dll
0x00007ffbde5f0000 - 0x00007ffbde787000 	C:\Windows\System32\USER32.dll
0x00007ffbdd4b0000 - 0x00007ffbdd4d0000 	C:\Windows\System32\win32u.dll
0x00007ffbdf440000 - 0x00007ffbdf469000 	C:\Windows\System32\GDI32.dll
0x00007ffbdd520000 - 0x00007ffbdd6b9000 	C:\Windows\System32\gdi32full.dll
0x00007ffbde4f0000 - 0x00007ffbde590000 	C:\Windows\System32\msvcp_win.dll
0x00007ffbdda10000 - 0x00007ffbddb0a000 	C:\Windows\System32\ucrtbase.dll
0x00007ffbca7c0000 - 0x00007ffbcaa39000 	C:\Windows\WinSxS\amd64_microsoft.windows.common-controls_6595b64144ccf1df_6.0.17763.973_none_05b245900721eb81\COMCTL32.dll
0x00007ffbdf110000 - 0x00007ffbdf43c000 	C:\Windows\System32\combase.dll
0x00007ffbde290000 - 0x00007ffbde30e000 	C:\Windows\System32\bcryptPrimitives.dll
0x00007ffbdebb0000 - 0x00007ffbdebde000 	C:\Windows\System32\IMM32.DLL
0x00000000537d0000 - 0x00000000538a2000 	D:\D drive data\Katalon_Studio_Windows_64-7.2.1\jre\bin\msvcr100.dll
0x0000000052e40000 - 0x00000000536e2000 	D:\D drive data\Katalon_Studio_Windows_64-7.2.1\jre\bin\server\jvm.dll
0x00007ffbdea80000 - 0x00007ffbdea88000 	C:\Windows\System32\PSAPI.DLL
0x00007ffbcfad0000 - 0x00007ffbcfad9000 	C:\Windows\SYSTEM32\WSOCK32.dll
0x00007ffbdf090000 - 0x00007ffbdf0fd000 	C:\Windows\System32\WS2_32.dll
0x00007ffbda6a0000 - 0x00007ffbda6c4000 	C:\Windows\SYSTEM32\WINMM.dll
0x00007ffbd8040000 - 0x00007ffbd804a000 	C:\Windows\SYSTEM32\VERSION.dll
0x00007ffbda670000 - 0x00007ffbda69d000 	C:\Windows\SYSTEM32\WINMMBASE.dll
0x00007ffbdd4d0000 - 0x00007ffbdd51a000 	C:\Windows\System32\cfgmgr32.dll
0x00000000539a0000 - 0x00000000539af000 	D:\D drive data\Katalon_Studio_Windows_64-7.2.1\jre\bin\verify.dll
0x0000000053970000 - 0x0000000053999000 	D:\D drive data\Katalon_Studio_Windows_64-7.2.1\jre\bin\java.dll
0x0000000052690000 - 0x00000000526c5000 	D:\D drive data\Katalon_Studio_Windows_64-7.2.1\jre\bin\jdwp.dll
0x00000000537c0000 - 0x00000000537c8000 	D:\D drive data\Katalon_Studio_Windows_64-7.2.1\jre\bin\npt.dll
0x0000000053950000 - 0x0000000053966000 	D:\D drive data\Katalon_Studio_Windows_64-7.2.1\jre\bin\zip.dll
0x00007ffbdf4d0000 - 0x00007ffbe09c4000 	C:\Windows\System32\SHELL32.dll
0x00007ffbdecb0000 - 0x00007ffbded58000 	C:\Windows\System32\shcore.dll
0x00007ffbddb10000 - 0x00007ffbde25d000 	C:\Windows\System32\windows.storage.dll
0x00007ffbdd400000 - 0x00007ffbdd424000 	C:\Windows\System32\profapi.dll
0x00007ffbdd430000 - 0x00007ffbdd48d000 	C:\Windows\System32\powrprof.dll
0x00007ffbdea90000 - 0x00007ffbdeae2000 	C:\Windows\System32\shlwapi.dll
0x00007ffbdd3c0000 - 0x00007ffbdd3d1000 	C:\Windows\System32\kernel.appcore.dll
0x00007ffbdd490000 - 0x00007ffbdd4a7000 	C:\Windows\System32\cryptsp.dll
0x00000000537b0000 - 0x00000000537b9000 	D:\D drive data\Katalon_Studio_Windows_64-7.2.1\jre\bin\dt_socket.dll
0x00007ffbc91c0000 - 0x00007ffbc91d6000 	C:\Windows\system32\napinsp.dll
0x00007ffbc9210000 - 0x00007ffbc922a000 	C:\Windows\system32\pnrpnsp.dll
0x00007ffbdcbd0000 - 0x00007ffbdcc37000 	C:\Windows\System32\mswsock.dll
0x00007ffbdc940000 - 0x00007ffbdca06000 	C:\Windows\SYSTEM32\DNSAPI.dll
0x00007ffbe1390000 - 0x00007ffbe1398000 	C:\Windows\System32\NSI.dll
0x00007ffbdc8f0000 - 0x00007ffbdc92d000 	C:\Windows\SYSTEM32\IPHLPAPI.DLL
0x00007ffbd4560000 - 0x00007ffbd456e000 	C:\Windows\System32\winrnr.dll
0x00007ffbda510000 - 0x00007ffbda52b000 	C:\Windows\system32\NLAapi.dll
0x00007ffbca170000 - 0x00007ffbca185000 	C:\Windows\system32\wshbth.dll
0x00007ffbd81c0000 - 0x00007ffbd8239000 	C:\Windows\System32\fwpuclnt.dll
0x00007ffbde260000 - 0x00007ffbde286000 	C:\Windows\System32\bcrypt.dll
0x00007ffbd4b20000 - 0x00007ffbd4b2a000 	C:\Windows\System32\rasadhlp.dll
0x0000000053930000 - 0x000000005394a000 	D:\D drive data\Katalon_Studio_Windows_64-7.2.1\jre\bin\net.dll
0x0000000053910000 - 0x0000000053921000 	D:\D drive data\Katalon_Studio_Windows_64-7.2.1\jre\bin\nio.dll
0x00000000538d0000 - 0x00000000538f4000 	D:\D drive data\Katalon_Studio_Windows_64-7.2.1\jre\bin\sunec.dll
0x00000000538c0000 - 0x00000000538cb000 	D:\D drive data\Katalon_Studio_Windows_64-7.2.1\jre\bin\sunmscapi.dll
0x00007ffbde310000 - 0x00007ffbde4ec000 	C:\Windows\System32\CRYPT32.dll
0x00007ffbdd3e0000 - 0x00007ffbdd3f2000 	C:\Windows\System32\MSASN1.dll
0x00007ffbd8130000 - 0x00007ffbd8146000 	C:\Windows\SYSTEM32\dhcpcsvc6.DLL
0x00007ffbd8100000 - 0x00007ffbd811c000 	C:\Windows\SYSTEM32\dhcpcsvc.DLL
0x00007ffbdc750000 - 0x00007ffbdc783000 	C:\Windows\system32\rsaenh.dll
0x00007ffbdd2f0000 - 0x00007ffbdd318000 	C:\Windows\SYSTEM32\USERENV.dll
0x00007ffbdcda0000 - 0x00007ffbdcdac000 	C:\Windows\SYSTEM32\CRYPTBASE.dll

VM Arguments:
jvm_args: -agentlib:jdwp=transport=dt_socket,suspend=y,address=localhost:58678 -Dgroovy.home=/D:/D drive data/Katalon_Studio_Windows_64-7.2.1/plugins/org.codehaus.groovy_2.4.7.xx-201611170128-e46/ -Xmx2048m -Dfile.encoding=UTF-8 
java_command: org.codehaus.groovy.tools.GroovyStarter --classpath C:\Users\lachmipriya.g\Katalon Studio\Complex Order\Include\scripts\groovy;C:\Users\lachmipriya.g\Katalon Studio\Complex Order\Keywords;C:\Users\lachmipriya.g\Katalon Studio\Complex Order\Libs;C:\Users\lachmipriya.g\Katalon Studio\Complex Order\Test Listeners;D:\D drive data\Katalon_Studio_Windows_64-7.2.1\configuration\resources\lib\aalto-xml-1.0.0.jar;D:\D drive data\Katalon_Studio_Windows_64-7.2.1\configuration\resources\lib\aspectjweaver-1.9.1.jar;D:\D drive data\Katalon_Studio_Windows_64-7.2.1\configuration\resources\lib\bcpkix-jdk15on-1.58.jar;D:\D drive data\Katalon_Studio_Windows_64-7.2.1\configuration\resources\lib\bcprov-jdk15on-1.58.jar;D:\D drive data\Katalon_Studio_Windows_64-7.2.1\configuration\resources\lib\browsermob-core-2.1.5.jar;D:\D drive data\Katalon_Studio_Windows_64-7.2.1\configuration\resources\lib\cglib-3.2.10.jar;D:\D drive data\Katalon_Studio_Windows_64-7.2.1\configuration\resources\lib\commons-codec-1.10.jar;D:\D drive data\Katalon_Studio_Windows_64-7.2.1\configuration\resources\lib\commons-collections4-4.1.jar;D:\D drive data\Katalon_Studio_Windows_64-7.2.1\configuration\resources\lib\commons-validator-1.6.jar;D:\D drive data\Katalon_Studio_Windows_64-7.2.1\configuration\resources\lib\curvesapi-1.04.jar;D:\D drive data\Katalon_Studio_Windows_64-7.2.1\configuration\resources\lib\dnsjava-2.1.8.jar;D:\D drive data\Katalon_Studio_Windows_64-7.2.1\configuration\resources\lib\java-client-7.0.0.jar;D:\D drive data\Katalon_Studio_Windows_64-7.2.1\configuration\resources\lib\jna-4.1.0.jar;D:\D drive data\Katalon_Studio_Windows_64-7.2.1\configuration\resources\lib\jna-platform-4.1.0.jar;D:\D drive data\Katalon_Studio_Windows_64-7.2.1\configuration\resources\lib\jzlib-1.1.3.jar;D:\D drive data\Katalon_Studio_Windows_64-7.2.1\configuration\resources\lib\kat-server.jar;D:\D drive data\Katalon_Studio_Windows_64-7.2.1\configuration\resources\lib\littleproxy-1.1.0-beta-bmp-17.jar;D:\D d
java_class_path (initial): C:\Users\lachmipriya.g\Katalon Studio\Complex Order\bin\keyword;C:\Users\lachmipriya.g\Katalon Studio\Complex Order\bin\listener;C:\Users\lachmipriya.g\Katalon Studio\Complex Order\bin\lib;C:\Users\lachmipriya.g\Katalon Studio\Complex Order\bin\groovy;C:\Users\lachmipriya.g\Katalon Studio\Complex Order\bin;D:\D drive data\Katalon_Studio_Windows_64-7.2.1\plugins\com.kms.katalon.core_1.0.0.201912180934.jar;D:\D drive data\Katalon_Studio_Windows_64-7.2.1\configuration\resources\lib\aalto-xml-1.0.0.jar;D:\D drive data\Katalon_Studio_Windows_64-7.2.1\configuration\resources\lib\aspectjweaver-1.9.1.jar;D:\D drive data\Katalon_Studio_Windows_64-7.2.1\configuration\resources\lib\bcpkix-jdk15on-1.58.jar;D:\D drive data\Katalon_Studio_Windows_64-7.2.1\configuration\resources\lib\bcprov-jdk15on-1.58.jar;D:\D drive data\Katalon_Studio_Windows_64-7.2.1\configuration\resources\lib\browsermob-core-2.1.5.jar;D:\D drive data\Katalon_Studio_Windows_64-7.2.1\configuration\resources\lib\cglib-3.2.10.jar;D:\D drive data\Katalon_Studio_Windows_64-7.2.1\configuration\resources\lib\commons-codec-1.10.jar;D:\D drive data\Katalon_Studio_Windows_64-7.2.1\configuration\resources\lib\commons-collections4-4.1.jar;D:\D drive data\Katalon_Studio_Windows_64-7.2.1\configuration\resources\lib\commons-validator-1.6.jar;D:\D drive data\Katalon_Studio_Windows_64-7.2.1\configuration\resources\lib\curvesapi-1.04.jar;D:\D drive data\Katalon_Studio_Windows_64-7.2.1\configuration\resources\lib\dnsjava-2.1.8.jar;D:\D drive data\Katalon_Studio_Windows_64-7.2.1\configuration\resources\lib\java-client-7.0.0.jar;D:\D drive data\Katalon_Studio_Windows_64-7.2.1\configuration\resources\lib\jna-4.1.0.jar;D:\D drive data\Katalon_Studio_Windows_64-7.2.1\configuration\resources\lib\jna-platform-4.1.0.jar;D:\D drive data\Katalon_Studio_Windows_64-7.2.1\configuration\resources\lib\jzlib-1.1.3.jar;D:\D drive data\Katalon_Studio_Windows_64-7.2.1\configuration\resources\lib\kat-server.jar;D:\D dr
Launcher Type: SUN_STANDARD

Environment Variables:
PATH=D:\D drive data\Katalon_Studio_Windows_64-7.2.1\jre\bin;D:/D drive data/Katalon_Studio_Windows_64-7.2.1/jre/bin/server;D:/D drive data/Katalon_Studio_Windows_64-7.2.1/jre/bin;D:/D drive data/Katalon_Studio_Windows_64-7.2.1/jre/lib/amd64;C:\Program Files (x86)\Common Files\Oracle\Java\javapath;C:\Program Files (x86)\Intel\Intel(R) Management Engine Components\iCLS\;C:\Program Files\Intel\Intel(R) Management Engine Components\iCLS\;C:\Windows\system32;C:\Windows;C:\Windows\System32\Wbem;C:\Windows\System32\WindowsPowerShell\v1.0\;C:\Windows\System32\OpenSSH\;C:\Program Files (x86)\Intel\Intel(R) Management Engine Components\DAL;C:\Program Files\Intel\Intel(R) Management Engine Components\DAL;C:\Program Files\TortoiseSVN\bin;C:\Windows\System32\cmd.exe;C:\Python27\tcl;C:\Python27;C:\Python27\Lib;C:\Python27\Tools\Scripts;C:\Python27\Scripts;C:\Users\lachmipriya.g\AppData\Local\Microsoft\WindowsApps;;D:\D drive data\Katalon_Studio_Windows_64-7.2.1;
USERNAME=lachmipriya.g
OS=Windows_NT
PROCESSOR_IDENTIFIER=Intel64 Family 6 Model 158 Stepping 10, GenuineIntel



---------------  S Y S T E M  ---------------

OS: Windows 10.0 , 64 bit Build 17763 (10.0.17763.475)

CPU:total 12 (initial active 12) (6 cores per cpu, 2 threads per core) family 6 model 158 stepping 10, cmov, cx8, fxsr, mmx, sse, sse2, sse3, ssse3, sse4.1, sse4.2, popcnt, avx, avx2, aes, clmul, erms, rtm, 3dnowpref, lzcnt, ht, tsc, tscinvbit, bmi1, bmi2, adx

Memory: 4k page, physical 16596392k(3604716k free), swap 29224612k(5568k free)

vm_info: Java HotSpot(TM) 64-Bit Server VM (25.181-b13) for windows-amd64 JRE (1.8.0_181-b13), built on Jul  7 2018 04:01:33 by "java_re" with MS VC++ 10.0 (VS2010)

time: Fri Mar 06 17:33:47 2020
elapsed time: 268 seconds (0d 0h 4m 28s)

