#
# There is insufficient memory for the Java Runtime Environment to continue.
# Native memory allocation (malloc) failed to allocate 1476416 bytes for Chunk::new
# Possible reasons:
#   The system is out of physical RAM or swap space
#   In 32 bit mode, the process size limit was hit
# Possible solutions:
#   Reduce memory load on the system
#   Increase physical memory or swap space
#   Check if swap backing store is full
#   Use 64 bit Java on a 64 bit OS
#   Decrease Java heap size (-Xmx/-Xms)
#   Decrease number of Java threads
#   Decrease Java thread stack sizes (-Xss)
#   Set larger code cache with -XX:ReservedCodeCacheSize=
# This output file may be truncated or incomplete.
#
#  Out of Memory Error (allocation.cpp:390), pid=243508, tid=0x000000000003f564
#
# JRE version: Java(TM) SE Runtime Environment (8.0_181-b13) (build 1.8.0_181-b13)
# Java VM: Java HotSpot(TM) 64-Bit Server VM (25.181-b13 mixed mode windows-amd64 compressed oops)
# Failed to write core dump. Minidumps are not enabled by default on client versions of Windows
#

---------------  T H R E A D  ---------------

Current thread (0x00000000191ba000):  JavaThread "C2 CompilerThread1" daemon [_thread_in_native, id=259428, stack(0x000000001a900000,0x000000001aa00000)]

Stack: [0x000000001a900000,0x000000001aa00000]
[error occurred during error reporting (printing stack bounds), id 0xc0000005]

Native frames: (J=compiled Java code, j=interpreted, Vv=VM code, C=native code)


Current CompileTask:
C2:   7232 3213       4       org.codehaus.groovy.control.ResolveVisitor::resolve (229 bytes)


---------------  P R O C E S S  ---------------

Java Threads: ( => current thread )
  0x000000001d36e000 JavaThread "Okio Watchdog" daemon [_thread_blocked, id=63344, stack(0x0000000023930000,0x0000000023a30000)]
  0x000000001d36e800 JavaThread "OkHttp ConnectionPool" daemon [_thread_blocked, id=245500, stack(0x0000000023830000,0x0000000023930000)]
  0x000000001e92a800 JavaThread "ForkJoinPool.commonPool-worker-15" daemon [_thread_blocked, id=230476, stack(0x0000000023530000,0x0000000023630000)]
  0x000000001e92a000 JavaThread "ForkJoinPool.commonPool-worker-6" daemon [_thread_blocked, id=253880, stack(0x0000000023430000,0x0000000023530000)]
  0x000000001d332800 JavaThread "ForkJoinPool.commonPool-worker-13" daemon [_thread_blocked, id=243748, stack(0x0000000023330000,0x0000000023430000)]
  0x000000001d331800 JavaThread "ForkJoinPool.commonPool-worker-4" daemon [_thread_blocked, id=262152, stack(0x0000000023230000,0x0000000023330000)]
  0x000000001ed80800 JavaThread "ForkJoinPool.commonPool-worker-11" daemon [_thread_blocked, id=265208, stack(0x0000000023130000,0x0000000023230000)]
  0x000000001e929000 JavaThread "ForkJoinPool.commonPool-worker-2" daemon [_thread_blocked, id=259272, stack(0x0000000021ec0000,0x0000000021fc0000)]
  0x000000001e5db000 JavaThread "ForkJoinPool.commonPool-worker-9" daemon [_thread_blocked, id=132204, stack(0x0000000021dc0000,0x0000000021ec0000)]
  0x000000001e98b000 JavaThread "Exec Stream Pumper" daemon [_thread_in_native, id=254932, stack(0x0000000021cc0000,0x0000000021dc0000)]
  0x000000001e98a800 JavaThread "Exec Stream Pumper" daemon [_thread_in_native, id=262696, stack(0x0000000021bc0000,0x0000000021cc0000)]
  0x00000000224ff800 JavaThread "Exec Default Executor" daemon [_thread_in_native, id=244556, stack(0x000000001d7b0000,0x000000001d8b0000)]
  0x00000000191e9000 JavaThread "Service Thread" daemon [_thread_blocked, id=264176, stack(0x000000001ac00000,0x000000001ad00000)]
  0x00000000191ce800 JavaThread "C1 CompilerThread3" daemon [_thread_blocked, id=241192, stack(0x000000001ab00000,0x000000001ac00000)]
  0x00000000191cc800 JavaThread "C2 CompilerThread2" daemon [_thread_blocked, id=225632, stack(0x000000001aa00000,0x000000001ab00000)]
=>0x00000000191ba000 JavaThread "C2 CompilerThread1" daemon [_thread_in_native, id=259428, stack(0x000000001a900000,0x000000001aa00000)]
  0x00000000191c6800 JavaThread "C2 CompilerThread0" daemon [_thread_in_native, id=261960, stack(0x000000001a800000,0x000000001a900000)]
  0x00000000191c5800 JavaThread "Attach Listener" daemon [_thread_blocked, id=259012, stack(0x000000001a700000,0x000000001a800000)]
  0x00000000191c4800 JavaThread "Signal Dispatcher" daemon [_thread_blocked, id=194128, stack(0x000000001a600000,0x000000001a700000)]
  0x0000000017acb000 JavaThread "Finalizer" daemon [_thread_blocked, id=262612, stack(0x000000001a400000,0x000000001a500000)]
  0x00000000191a3000 JavaThread "Reference Handler" daemon [_thread_blocked, id=242820, stack(0x000000001a300000,0x000000001a400000)]
  0x000000000275b800 JavaThread "Forwarding get on session 3ce2a6c9-647d-483e-ac5c-4c5c3cf3cffd to remote" [_thread_in_native, id=195724, stack(0x00000000025d0000,0x00000000026d0000)]

Other Threads:
  0x0000000017aba800 VMThread [stack: 0x000000001a200000,0x000000001a300000] [id=258776]
  0x00000000191ea000 WatcherThread [stack: 0x000000001ad00000,0x000000001ae00000] [id=258404]

VM state:not at safepoint (normal execution)

VM Mutex/Monitor currently owned by a thread: None

Heap:
 PSYoungGen      total 197632K, used 93653K [0x00000000d5580000, 0x00000000e6c00000, 0x0000000100000000)
  eden space 187392K, 44% used [0x00000000d5580000,0x00000000da774dd0,0x00000000e0c80000)
  from space 10240K, 95% used [0x00000000e6200000,0x00000000e6b808b0,0x00000000e6c00000)
  to   space 14336K, 0% used [0x00000000e5000000,0x00000000e5000000,0x00000000e5e00000)
 ParOldGen       total 113152K, used 12699K [0x0000000080000000, 0x0000000086e80000, 0x00000000d5580000)
  object space 113152K, 11% used [0x0000000080000000,0x0000000080c66e20,0x0000000086e80000)
 Metaspace       used 29308K, capacity 30190K, committed 30464K, reserved 1075200K
  class space    used 3497K, capacity 3756K, committed 3840K, reserved 1048576K

Card table byte_map: [0x0000000011c10000,0x0000000012020000] byte_map_base: 0x0000000011810000

Marking Bits: (ParMarkBitMap*) 0x0000000053662d00
 Begin Bits: [0x0000000012cd0000, 0x0000000014cd0000)
 End Bits:   [0x0000000014cd0000, 0x0000000016cd0000)

Polling page: 0x0000000000610000

CodeCache: size=245760Kb used=14349Kb max_used=14349Kb free=231410Kb
 bounds [0x0000000002850000, 0x0000000003660000, 0x0000000011850000]
 total_blobs=4086 nmethods=3408 adapters=590
 compilation: enabled

Compilation events (10 events):
Event: 7.167 Thread 0x00000000191ce800 3414       3       java.util.Formatter$FormatSpecifier::checkBadFlags (39 bytes)
Event: 7.167 Thread 0x00000000191ce800 nmethod 3414 0x0000000003659190 code [0x0000000003659340, 0x00000000036597d8]
Event: 7.167 Thread 0x00000000191ce800 3415       3       java.lang.invoke.LambdaForm$MH/1558763625::linkToTargetMethod (10 bytes)
Event: 7.167 Thread 0x00000000191ce800 nmethod 3415 0x0000000003658a50 code [0x0000000003658bc0, 0x00000000036590b8]
Event: 7.167 Thread 0x00000000191ce800 3416       3       okhttp3.Headers::name (9 bytes)
Event: 7.167 Thread 0x00000000191ce800 nmethod 3416 0x0000000003658690 code [0x00000000036587e0, 0x0000000003658950]
Event: 7.169 Thread 0x00000000191ce800 3417       3       okio.Buffer::writeUtf8 (543 bytes)
Event: 7.170 Thread 0x00000000191ce800 nmethod 3417 0x0000000003659a50 code [0x0000000003659f20, 0x000000000365d168]
Event: 7.170 Thread 0x00000000191ce800 3418       3       okio.Buffer::writableSegment (92 bytes)
Event: 7.170 Thread 0x00000000191ce800 nmethod 3418 0x0000000003657d50 code [0x0000000003657f00, 0x0000000003658448]

GC Heap History (10 events):
Event: 1.286 GC heap before
{Heap before GC invocations=3 (full 0):
 PSYoungGen      total 75776K, used 74099K [0x00000000d5580000, 0x00000000daa00000, 0x0000000100000000)
  eden space 65024K, 100% used [0x00000000d5580000,0x00000000d9500000,0x00000000d9500000)
  from space 10752K, 84% used [0x00000000d9f80000,0x00000000da85cc00,0x00000000daa00000)
  to   space 10752K, 0% used [0x00000000d9500000,0x00000000d9500000,0x00000000d9f80000)
 ParOldGen       total 173568K, used 24K [0x0000000080000000, 0x000000008a980000, 0x00000000d5580000)
  object space 173568K, 0% used [0x0000000080000000,0x0000000080006000,0x000000008a980000)
 Metaspace       used 20353K, capacity 20642K, committed 20864K, reserved 1067008K
  class space    used 2272K, capacity 2364K, committed 2432K, reserved 1048576K
Event: 1.291 GC heap after
Heap after GC invocations=3 (full 0):
 PSYoungGen      total 75776K, used 10741K [0x00000000d5580000, 0x00000000de980000, 0x0000000100000000)
  eden space 65024K, 0% used [0x00000000d5580000,0x00000000d5580000,0x00000000d9500000)
  from space 10752K, 99% used [0x00000000d9500000,0x00000000d9f7d608,0x00000000d9f80000)
  to   space 10752K, 0% used [0x00000000ddf00000,0x00000000ddf00000,0x00000000de980000)
 ParOldGen       total 173568K, used 1136K [0x0000000080000000, 0x000000008a980000, 0x00000000d5580000)
  object space 173568K, 0% used [0x0000000080000000,0x000000008011c0c0,0x000000008a980000)
 Metaspace       used 20353K, capacity 20642K, committed 20864K, reserved 1067008K
  class space    used 2272K, capacity 2364K, committed 2432K, reserved 1048576K
}
Event: 1.433 GC heap before
{Heap before GC invocations=4 (full 0):
 PSYoungGen      total 75776K, used 75765K [0x00000000d5580000, 0x00000000de980000, 0x0000000100000000)
  eden space 65024K, 100% used [0x00000000d5580000,0x00000000d9500000,0x00000000d9500000)
  from space 10752K, 99% used [0x00000000d9500000,0x00000000d9f7d608,0x00000000d9f80000)
  to   space 10752K, 0% used [0x00000000ddf00000,0x00000000ddf00000,0x00000000de980000)
 ParOldGen       total 173568K, used 1136K [0x0000000080000000, 0x000000008a980000, 0x00000000d5580000)
  object space 173568K, 0% used [0x0000000080000000,0x000000008011c0c0,0x000000008a980000)
 Metaspace       used 20667K, capacity 20898K, committed 21120K, reserved 1069056K
  class space    used 2285K, capacity 2364K, committed 2432K, reserved 1048576K
Event: 1.438 GC heap after
Heap after GC invocations=4 (full 0):
 PSYoungGen      total 140800K, used 10698K [0x00000000d5580000, 0x00000000de980000, 0x0000000100000000)
  eden space 130048K, 0% used [0x00000000d5580000,0x00000000d5580000,0x00000000dd480000)
  from space 10752K, 99% used [0x00000000ddf00000,0x00000000de972888,0x00000000de980000)
  to   space 10752K, 0% used [0x00000000dd480000,0x00000000dd480000,0x00000000ddf00000)
 ParOldGen       total 173568K, used 1144K [0x0000000080000000, 0x000000008a980000, 0x00000000d5580000)
  object space 173568K, 0% used [0x0000000080000000,0x000000008011e0c0,0x000000008a980000)
 Metaspace       used 20667K, capacity 20898K, committed 21120K, reserved 1069056K
  class space    used 2285K, capacity 2364K, committed 2432K, reserved 1048576K
}
Event: 1.711 GC heap before
{Heap before GC invocations=5 (full 0):
 PSYoungGen      total 140800K, used 128478K [0x00000000d5580000, 0x00000000de980000, 0x0000000100000000)
  eden space 130048K, 90% used [0x00000000d5580000,0x00000000dc885110,0x00000000dd480000)
  from space 10752K, 99% used [0x00000000ddf00000,0x00000000de972888,0x00000000de980000)
  to   space 10752K, 0% used [0x00000000dd480000,0x00000000dd480000,0x00000000ddf00000)
 ParOldGen       total 173568K, used 1144K [0x0000000080000000, 0x000000008a980000, 0x00000000d5580000)
  object space 173568K, 0% used [0x0000000080000000,0x000000008011e0c0,0x000000008a980000)
 Metaspace       used 20814K, capacity 21058K, committed 21296K, reserved 1069056K
  class space    used 2296K, capacity 2396K, committed 2432K, reserved 1048576K
Event: 1.718 GC heap after
Heap after GC invocations=5 (full 0):
 PSYoungGen      total 140800K, used 10736K [0x00000000d5580000, 0x00000000e7080000, 0x0000000100000000)
  eden space 130048K, 0% used [0x00000000d5580000,0x00000000d5580000,0x00000000dd480000)
  from space 10752K, 99% used [0x00000000dd480000,0x00000000ddefc1c8,0x00000000ddf00000)
  to   space 14848K, 0% used [0x00000000e6200000,0x00000000e6200000,0x00000000e7080000)
 ParOldGen       total 173568K, used 3102K [0x0000000080000000, 0x000000008a980000, 0x00000000d5580000)
  object space 173568K, 1% used [0x0000000080000000,0x00000000803079d0,0x000000008a980000)
 Metaspace       used 20814K, capacity 21058K, committed 21296K, reserved 1069056K
  class space    used 2296K, capacity 2396K, committed 2432K, reserved 1048576K
}
Event: 1.718 GC heap before
{Heap before GC invocations=6 (full 1):
 PSYoungGen      total 140800K, used 10736K [0x00000000d5580000, 0x00000000e7080000, 0x0000000100000000)
  eden space 130048K, 0% used [0x00000000d5580000,0x00000000d5580000,0x00000000dd480000)
  from space 10752K, 99% used [0x00000000dd480000,0x00000000ddefc1c8,0x00000000ddf00000)
  to   space 14848K, 0% used [0x00000000e6200000,0x00000000e6200000,0x00000000e7080000)
 ParOldGen       total 173568K, used 3102K [0x0000000080000000, 0x000000008a980000, 0x00000000d5580000)
  object space 173568K, 1% used [0x0000000080000000,0x00000000803079d0,0x000000008a980000)
 Metaspace       used 20814K, capacity 21058K, committed 21296K, reserved 1069056K
  class space    used 2296K, capacity 2396K, committed 2432K, reserved 1048576K
Event: 1.747 GC heap after
Heap after GC invocations=6 (full 1):
 PSYoungGen      total 140800K, used 0K [0x00000000d5580000, 0x00000000e7080000, 0x0000000100000000)
  eden space 130048K, 0% used [0x00000000d5580000,0x00000000d5580000,0x00000000dd480000)
  from space 10752K, 0% used [0x00000000dd480000,0x00000000dd480000,0x00000000ddf00000)
  to   space 14848K, 0% used [0x00000000e6200000,0x00000000e6200000,0x00000000e7080000)
 ParOldGen       total 113152K, used 12691K [0x0000000080000000, 0x0000000086e80000, 0x00000000d5580000)
  object space 113152K, 11% used [0x0000000080000000,0x0000000080c64e20,0x0000000086e80000)
 Metaspace       used 20814K, capacity 21058K, committed 21296K, reserved 1069056K
  class space    used 2296K, capacity 2396K, committed 2432K, reserved 1048576K
}
Event: 3.242 GC heap before
{Heap before GC invocations=7 (full 1):
 PSYoungGen      total 140800K, used 130048K [0x00000000d5580000, 0x00000000e7080000, 0x0000000100000000)
  eden space 130048K, 100% used [0x00000000d5580000,0x00000000dd480000,0x00000000dd480000)
  from space 10752K, 0% used [0x00000000dd480000,0x00000000dd480000,0x00000000ddf00000)
  to   space 14848K, 0% used [0x00000000e6200000,0x00000000e6200000,0x00000000e7080000)
 ParOldGen       total 113152K, used 12691K [0x0000000080000000, 0x0000000086e80000, 0x00000000d5580000)
  object space 113152K, 11% used [0x0000000080000000,0x0000000080c64e20,0x0000000086e80000)
 Metaspace       used 27087K, capacity 27872K, committed 28032K, reserved 1073152K
  class space    used 3207K, capacity 3407K, committed 3456K, reserved 1048576K
Event: 3.248 GC heap after
Heap after GC invocations=7 (full 1):
 PSYoungGen      total 197632K, used 9730K [0x00000000d5580000, 0x00000000e6c00000, 0x0000000100000000)
  eden space 187392K, 0% used [0x00000000d5580000,0x00000000d5580000,0x00000000e0c80000)
  from space 10240K, 95% used [0x00000000e6200000,0x00000000e6b808b0,0x00000000e6c00000)
  to   space 14336K, 0% used [0x00000000e5000000,0x00000000e5000000,0x00000000e5e00000)
 ParOldGen       total 113152K, used 12699K [0x0000000080000000, 0x0000000086e80000, 0x00000000d5580000)
  object space 113152K, 11% used [0x0000000080000000,0x0000000080c66e20,0x0000000086e80000)
 Metaspace       used 27087K, capacity 27872K, committed 28032K, reserved 1073152K
  class space    used 3207K, capacity 3407K, committed 3456K, reserved 1048576K
}

Deoptimization events (10 events):
Event: 3.315 Thread 0x000000000275b800 Uncommon trap: reason=class_check action=maybe_recompile pc=0x000000000338bf40 method=java.util.HashSet.contains(Ljava/lang/Object;)Z @ 5
Event: 6.672 Thread 0x000000000275b800 Uncommon trap: reason=unstable_if action=reinterpret pc=0x0000000002bcee60 method=java.util.HashMap.getNode(ILjava/lang/Object;)Ljava/util/HashMap$Node; @ 129
Event: 6.672 Thread 0x000000000275b800 Uncommon trap: reason=bimorphic action=maybe_recompile pc=0x0000000003379920 method=java.util.HashMap.putVal(ILjava/lang/Object;Ljava/lang/Object;ZZ)Ljava/lang/Object; @ 203
Event: 6.672 Thread 0x000000000275b800 Uncommon trap: reason=unstable_if action=reinterpret pc=0x0000000002bcb310 method=java.util.HashMap.getNode(ILjava/lang/Object;)Ljava/util/HashMap$Node; @ 129
Event: 6.672 Thread 0x000000000275b800 Uncommon trap: reason=bimorphic action=maybe_recompile pc=0x0000000003379920 method=java.util.HashMap.putVal(ILjava/lang/Object;Ljava/lang/Object;ZZ)Ljava/lang/Object; @ 203
Event: 6.678 Thread 0x000000000275b800 Uncommon trap: reason=bimorphic action=maybe_recompile pc=0x0000000003379920 method=java.util.HashMap.putVal(ILjava/lang/Object;Ljava/lang/Object;ZZ)Ljava/lang/Object; @ 203
Event: 6.679 Thread 0x000000000275b800 Uncommon trap: reason=bimorphic action=maybe_recompile pc=0x0000000003379920 method=java.util.HashMap.putVal(ILjava/lang/Object;Ljava/lang/Object;ZZ)Ljava/lang/Object; @ 203
Event: 7.030 Thread 0x000000000275b800 Uncommon trap: reason=unstable_if action=reinterpret pc=0x0000000002fcc5c0 method=groovy.lang.MetaClassImpl.checkIfStdMethod(Lgroovy/lang/MetaMethod;)V @ 9
Event: 7.066 Thread 0x000000000275b800 Uncommon trap: reason=unstable_if action=reinterpret pc=0x00000000031e41ec method=org.codehaus.groovy.classgen.asm.BytecodeHelper.getTypeDescription(Lorg/codehaus/groovy/ast/ClassNode;Z)Ljava/lang/String; @ 29
Event: 7.166 Thread 0x000000000275b800 Uncommon trap: reason=bimorphic action=maybe_recompile pc=0x0000000002e7824c method=java.net.URL.<init>(Ljava/net/URL;Ljava/lang/String;Ljava/net/URLStreamHandler;)V @ 504

Classes redefined (0 events):
No events

Internal exceptions (10 events):
Event: 7.145 Thread 0x000000000275b800 Exception <a 'java/lang/ClassNotFoundException': Script19Customizer> (0x00000000d9f08378) thrown at [C:\re\workspace\8-2-build-windows-amd64-cygwin\jdk8u181\11358\hotspot\src\share\vm\classfile\systemDictionary.cpp, line 210]
Event: 7.148 Thread 0x000000000275b800 Exception <a 'java/lang/ClassNotFoundException': Script20BeanInfo> (0x00000000d9f95020) thrown at [C:\re\workspace\8-2-build-windows-amd64-cygwin\jdk8u181\11358\hotspot\src\share\vm\classfile\systemDictionary.cpp, line 210]
Event: 7.149 Thread 0x000000000275b800 Exception <a 'java/lang/ClassNotFoundException': Script20Customizer> (0x00000000d9fcda48) thrown at [C:\re\workspace\8-2-build-windows-amd64-cygwin\jdk8u181\11358\hotspot\src\share\vm\classfile\systemDictionary.cpp, line 210]
Event: 7.152 Thread 0x000000000275b800 Exception <a 'java/lang/ClassNotFoundException': Script21BeanInfo> (0x00000000da05a6d0) thrown at [C:\re\workspace\8-2-build-windows-amd64-cygwin\jdk8u181\11358\hotspot\src\share\vm\classfile\systemDictionary.cpp, line 210]
Event: 7.153 Thread 0x000000000275b800 Exception <a 'java/lang/ClassNotFoundException': Script21Customizer> (0x00000000da093120) thrown at [C:\re\workspace\8-2-build-windows-amd64-cygwin\jdk8u181\11358\hotspot\src\share\vm\classfile\systemDictionary.cpp, line 210]
Event: 7.156 Thread 0x000000000275b800 Exception <a 'java/lang/ClassNotFoundException': Script22BeanInfo> (0x00000000da11fda8) thrown at [C:\re\workspace\8-2-build-windows-amd64-cygwin\jdk8u181\11358\hotspot\src\share\vm\classfile\systemDictionary.cpp, line 210]
Event: 7.157 Thread 0x000000000275b800 Exception <a 'java/lang/ClassNotFoundException': Script22Customizer> (0x00000000da1587d0) thrown at [C:\re\workspace\8-2-build-windows-amd64-cygwin\jdk8u181\11358\hotspot\src\share\vm\classfile\systemDictionary.cpp, line 210]
Event: 7.162 Thread 0x000000000275b800 Exception <a 'java/lang/ClassNotFoundException': com/kms/katalon/core/webui/keyword/builtin/NavigateToUrlKeywordBeanInfo> (0x00000000da3008b8) thrown at [C:\re\workspace\8-2-build-windows-amd64-cygwin\jdk8u181\11358\hotspot\src\share\vm\classfile\systemDi
Event: 7.163 Thread 0x000000000275b800 Exception <a 'java/lang/ClassNotFoundException': com/kms/katalon/core/webui/keyword/builtin/NavigateToUrlKeywordCustomizer> (0x00000000da34f650) thrown at [C:\re\workspace\8-2-build-windows-amd64-cygwin\jdk8u181\11358\hotspot\src\share\vm\classfile\system
Event: 7.169 Thread 0x000000000275b800 Exception <a 'java/net/SocketTimeoutException': Read timed out> (0x00000000da488c28) thrown at [C:\re\workspace\8-2-build-windows-amd64-cygwin\jdk8u181\11358\hotspot\src\share\vm\prims\jni.cpp, line 735]

Events (10 events):
Event: 7.165 loading class com/kms/katalon/core/util/internal/PathUtil done
Event: 7.165 loading class sun/net/www/protocol/https/Handler
Event: 7.165 loading class sun/net/www/protocol/https/Handler done
Event: 7.166 Thread 0x000000000275b800 Uncommon trap: trap_request=0xffffffc6 fr.pc=0x0000000002e7824c
Event: 7.166 Thread 0x000000000275b800 DEOPT PACKING pc=0x0000000002e7824c sp=0x00000000026cd6c0
Event: 7.166 Thread 0x000000000275b800 DEOPT UNPACKING pc=0x000000000289583b sp=0x00000000026cd638 mode 2
Event: 7.166 loading class org/openqa/selenium/support/events/EventFiringWebDriver$EventFiringNavigation
Event: 7.166 loading class org/openqa/selenium/support/events/EventFiringWebDriver$EventFiringNavigation done
Event: 7.166 loading class org/openqa/selenium/remote/RemoteWebDriver$RemoteNavigation
Event: 7.166 loading class org/openqa/selenium/remote/RemoteWebDriver$RemoteNavigation done


Dynamic libraries:
0x00007ff624eb0000 - 0x00007ff624ee7000 	D:\D drive data\Katalon_Studio_Windows_64-7.2.1\jre\bin\javaw.exe
0x00007ffbe13d0000 - 0x00007ffbe15bd000 	C:\Windows\SYSTEM32\ntdll.dll
0x00007ffbdeaf0000 - 0x00007ffbdeba3000 	C:\Windows\System32\KERNEL32.DLL
0x00007ffbdd770000 - 0x00007ffbdda03000 	C:\Windows\System32\KERNELBASE.dll
0x0000000054350000 - 0x00000000543e3000 	C:\Windows\System32\SYSFER.DLL
0x00007ffbe0b00000 - 0x00007ffbe0ba3000 	C:\Windows\System32\ADVAPI32.dll
0x00007ffbdeed0000 - 0x00007ffbdef6e000 	C:\Windows\System32\msvcrt.dll
0x00007ffbdeff0000 - 0x00007ffbdf08e000 	C:\Windows\System32\sechost.dll
0x00007ffbde950000 - 0x00007ffbdea72000 	C:\Windows\System32\RPCRT4.dll
0x00007ffbde5f0000 - 0x00007ffbde787000 	C:\Windows\System32\USER32.dll
0x00007ffbdd4b0000 - 0x00007ffbdd4d0000 	C:\Windows\System32\win32u.dll
0x00007ffbdf440000 - 0x00007ffbdf469000 	C:\Windows\System32\GDI32.dll
0x00007ffbdd520000 - 0x00007ffbdd6b9000 	C:\Windows\System32\gdi32full.dll
0x00007ffbde4f0000 - 0x00007ffbde590000 	C:\Windows\System32\msvcp_win.dll
0x00007ffbdda10000 - 0x00007ffbddb0a000 	C:\Windows\System32\ucrtbase.dll
0x00007ffbca7c0000 - 0x00007ffbcaa39000 	C:\Windows\WinSxS\amd64_microsoft.windows.common-controls_6595b64144ccf1df_6.0.17763.973_none_05b245900721eb81\COMCTL32.dll
0x00007ffbdf110000 - 0x00007ffbdf43c000 	C:\Windows\System32\combase.dll
0x00007ffbde290000 - 0x00007ffbde30e000 	C:\Windows\System32\bcryptPrimitives.dll
0x00007ffbdebb0000 - 0x00007ffbdebde000 	C:\Windows\System32\IMM32.DLL
0x00000000537d0000 - 0x00000000538a2000 	D:\D drive data\Katalon_Studio_Windows_64-7.2.1\jre\bin\msvcr100.dll
0x0000000052e40000 - 0x00000000536e2000 	D:\D drive data\Katalon_Studio_Windows_64-7.2.1\jre\bin\server\jvm.dll
0x00007ffbdea80000 - 0x00007ffbdea88000 	C:\Windows\System32\PSAPI.DLL
0x00007ffbcfad0000 - 0x00007ffbcfad9000 	C:\Windows\SYSTEM32\WSOCK32.dll
0x00007ffbdf090000 - 0x00007ffbdf0fd000 	C:\Windows\System32\WS2_32.dll
0x00007ffbda6a0000 - 0x00007ffbda6c4000 	C:\Windows\SYSTEM32\WINMM.dll
0x00007ffbd8040000 - 0x00007ffbd804a000 	C:\Windows\SYSTEM32\VERSION.dll
0x00007ffbda670000 - 0x00007ffbda69d000 	C:\Windows\SYSTEM32\WINMMBASE.dll
0x00007ffbdd4d0000 - 0x00007ffbdd51a000 	C:\Windows\System32\cfgmgr32.dll
0x00000000539a0000 - 0x00000000539af000 	D:\D drive data\Katalon_Studio_Windows_64-7.2.1\jre\bin\verify.dll
0x0000000053970000 - 0x0000000053999000 	D:\D drive data\Katalon_Studio_Windows_64-7.2.1\jre\bin\java.dll
0x0000000053950000 - 0x0000000053966000 	D:\D drive data\Katalon_Studio_Windows_64-7.2.1\jre\bin\zip.dll
0x00007ffbdf4d0000 - 0x00007ffbe09c4000 	C:\Windows\System32\SHELL32.dll
0x00007ffbdecb0000 - 0x00007ffbded58000 	C:\Windows\System32\shcore.dll
0x00007ffbddb10000 - 0x00007ffbde25d000 	C:\Windows\System32\windows.storage.dll
0x00007ffbdd400000 - 0x00007ffbdd424000 	C:\Windows\System32\profapi.dll
0x00007ffbdd430000 - 0x00007ffbdd48d000 	C:\Windows\System32\powrprof.dll
0x00007ffbdea90000 - 0x00007ffbdeae2000 	C:\Windows\System32\shlwapi.dll
0x00007ffbdd3c0000 - 0x00007ffbdd3d1000 	C:\Windows\System32\kernel.appcore.dll
0x00007ffbdd490000 - 0x00007ffbdd4a7000 	C:\Windows\System32\cryptsp.dll
0x0000000053930000 - 0x000000005394a000 	D:\D drive data\Katalon_Studio_Windows_64-7.2.1\jre\bin\net.dll
0x00007ffbdcbd0000 - 0x00007ffbdcc37000 	C:\Windows\system32\mswsock.dll
0x0000000053910000 - 0x0000000053921000 	D:\D drive data\Katalon_Studio_Windows_64-7.2.1\jre\bin\nio.dll
0x00007ffbdc940000 - 0x00007ffbdca06000 	C:\Windows\SYSTEM32\DNSAPI.dll
0x00007ffbe1390000 - 0x00007ffbe1398000 	C:\Windows\System32\NSI.dll
0x00007ffbdc8f0000 - 0x00007ffbdc92d000 	C:\Windows\SYSTEM32\IPHLPAPI.DLL
0x00007ffbd4b20000 - 0x00007ffbd4b2a000 	C:\Windows\System32\rasadhlp.dll
0x00007ffbd81c0000 - 0x00007ffbd8239000 	C:\Windows\System32\fwpuclnt.dll
0x00007ffbde260000 - 0x00007ffbde286000 	C:\Windows\System32\bcrypt.dll
0x00000000538d0000 - 0x00000000538f4000 	D:\D drive data\Katalon_Studio_Windows_64-7.2.1\jre\bin\sunec.dll
0x00000000538c0000 - 0x00000000538cb000 	D:\D drive data\Katalon_Studio_Windows_64-7.2.1\jre\bin\sunmscapi.dll
0x00007ffbde310000 - 0x00007ffbde4ec000 	C:\Windows\System32\CRYPT32.dll
0x00007ffbdd3e0000 - 0x00007ffbdd3f2000 	C:\Windows\System32\MSASN1.dll
0x00007ffbd8130000 - 0x00007ffbd8146000 	C:\Windows\SYSTEM32\dhcpcsvc6.DLL
0x00007ffbd8100000 - 0x00007ffbd811c000 	C:\Windows\SYSTEM32\dhcpcsvc.DLL
0x00007ffbdc750000 - 0x00007ffbdc783000 	C:\Windows\system32\rsaenh.dll
0x00007ffbdd2f0000 - 0x00007ffbdd318000 	C:\Windows\SYSTEM32\USERENV.dll
0x00007ffbdcda0000 - 0x00007ffbdcdac000 	C:\Windows\SYSTEM32\CRYPTBASE.dll
0x00007ffbc91c0000 - 0x00007ffbc91d6000 	C:\Windows\system32\napinsp.dll
0x00007ffbc9210000 - 0x00007ffbc922a000 	C:\Windows\system32\pnrpnsp.dll
0x00007ffbd4560000 - 0x00007ffbd456e000 	C:\Windows\System32\winrnr.dll
0x00007ffbda510000 - 0x00007ffbda52b000 	C:\Windows\system32\NLAapi.dll
0x00007ffbca170000 - 0x00007ffbca185000 	C:\Windows\system32\wshbth.dll

VM Arguments:
jvm_args: -Dgroovy.home=/D:/D drive data/Katalon_Studio_Windows_64-7.2.1/plugins/org.codehaus.groovy_2.4.7.xx-201611170128-e46/ -Xmx2048m -Dfile.encoding=UTF-8 
java_command: org.codehaus.groovy.tools.GroovyStarter --classpath C:\Users\lachmipriya.g\Katalon Studio\Complex Order\Include\scripts\groovy;C:\Users\lachmipriya.g\Katalon Studio\Complex Order\Keywords;C:\Users\lachmipriya.g\Katalon Studio\Complex Order\Libs;C:\Users\lachmipriya.g\Katalon Studio\Complex Order\Test Listeners;D:\D drive data\Katalon_Studio_Windows_64-7.2.1\configuration\resources\lib\aalto-xml-1.0.0.jar;D:\D drive data\Katalon_Studio_Windows_64-7.2.1\configuration\resources\lib\aspectjweaver-1.9.1.jar;D:\D drive data\Katalon_Studio_Windows_64-7.2.1\configuration\resources\lib\bcpkix-jdk15on-1.58.jar;D:\D drive data\Katalon_Studio_Windows_64-7.2.1\configuration\resources\lib\bcprov-jdk15on-1.58.jar;D:\D drive data\Katalon_Studio_Windows_64-7.2.1\configuration\resources\lib\browsermob-core-2.1.5.jar;D:\D drive data\Katalon_Studio_Windows_64-7.2.1\configuration\resources\lib\cglib-3.2.10.jar;D:\D drive data\Katalon_Studio_Windows_64-7.2.1\configuration\resources\lib\commons-codec-1.10.jar;D:\D drive data\Katalon_Studio_Windows_64-7.2.1\configuration\resources\lib\commons-collections4-4.1.jar;D:\D drive data\Katalon_Studio_Windows_64-7.2.1\configuration\resources\lib\commons-validator-1.6.jar;D:\D drive data\Katalon_Studio_Windows_64-7.2.1\configuration\resources\lib\curvesapi-1.04.jar;D:\D drive data\Katalon_Studio_Windows_64-7.2.1\configuration\resources\lib\dnsjava-2.1.8.jar;D:\D drive data\Katalon_Studio_Windows_64-7.2.1\configuration\resources\lib\java-client-7.0.0.jar;D:\D drive data\Katalon_Studio_Windows_64-7.2.1\configuration\resources\lib\jna-4.1.0.jar;D:\D drive data\Katalon_Studio_Windows_64-7.2.1\configuration\resources\lib\jna-platform-4.1.0.jar;D:\D drive data\Katalon_Studio_Windows_64-7.2.1\configuration\resources\lib\jzlib-1.1.3.jar;D:\D drive data\Katalon_Studio_Windows_64-7.2.1\configuration\resources\lib\kat-server.jar;D:\D drive data\Katalon_Studio_Windows_64-7.2.1\configuration\resources\lib\littleproxy-1.1.0-beta-bmp-17.jar;D:\D d
java_class_path (initial): C:\Users\lachmipriya.g\Katalon Studio\Complex Order\bin\keyword;C:\Users\lachmipriya.g\Katalon Studio\Complex Order\bin\listener;C:\Users\lachmipriya.g\Katalon Studio\Complex Order\bin\lib;C:\Users\lachmipriya.g\Katalon Studio\Complex Order\bin\groovy;C:\Users\lachmipriya.g\Katalon Studio\Complex Order\bin;D:\D drive data\Katalon_Studio_Windows_64-7.2.1\plugins\com.kms.katalon.core_1.0.0.201912180934.jar;D:\D drive data\Katalon_Studio_Windows_64-7.2.1\configuration\resources\lib\aalto-xml-1.0.0.jar;D:\D drive data\Katalon_Studio_Windows_64-7.2.1\configuration\resources\lib\aspectjweaver-1.9.1.jar;D:\D drive data\Katalon_Studio_Windows_64-7.2.1\configuration\resources\lib\bcpkix-jdk15on-1.58.jar;D:\D drive data\Katalon_Studio_Windows_64-7.2.1\configuration\resources\lib\bcprov-jdk15on-1.58.jar;D:\D drive data\Katalon_Studio_Windows_64-7.2.1\configuration\resources\lib\browsermob-core-2.1.5.jar;D:\D drive data\Katalon_Studio_Windows_64-7.2.1\configuration\resources\lib\cglib-3.2.10.jar;D:\D drive data\Katalon_Studio_Windows_64-7.2.1\configuration\resources\lib\commons-codec-1.10.jar;D:\D drive data\Katalon_Studio_Windows_64-7.2.1\configuration\resources\lib\commons-collections4-4.1.jar;D:\D drive data\Katalon_Studio_Windows_64-7.2.1\configuration\resources\lib\commons-validator-1.6.jar;D:\D drive data\Katalon_Studio_Windows_64-7.2.1\configuration\resources\lib\curvesapi-1.04.jar;D:\D drive data\Katalon_Studio_Windows_64-7.2.1\configuration\resources\lib\dnsjava-2.1.8.jar;D:\D drive data\Katalon_Studio_Windows_64-7.2.1\configuration\resources\lib\java-client-7.0.0.jar;D:\D drive data\Katalon_Studio_Windows_64-7.2.1\configuration\resources\lib\jna-4.1.0.jar;D:\D drive data\Katalon_Studio_Windows_64-7.2.1\configuration\resources\lib\jna-platform-4.1.0.jar;D:\D drive data\Katalon_Studio_Windows_64-7.2.1\configuration\resources\lib\jzlib-1.1.3.jar;D:\D drive data\Katalon_Studio_Windows_64-7.2.1\configuration\resources\lib\kat-server.jar;D:\D dr
Launcher Type: SUN_STANDARD

Environment Variables:
PATH=D:/D drive data/Katalon_Studio_Windows_64-7.2.1/jre/bin/server;D:/D drive data/Katalon_Studio_Windows_64-7.2.1/jre/bin;D:/D drive data/Katalon_Studio_Windows_64-7.2.1/jre/lib/amd64;C:\Program Files (x86)\Common Files\Oracle\Java\javapath;C:\Program Files (x86)\Intel\Intel(R) Management Engine Components\iCLS\;C:\Program Files\Intel\Intel(R) Management Engine Components\iCLS\;C:\Windows\system32;C:\Windows;C:\Windows\System32\Wbem;C:\Windows\System32\WindowsPowerShell\v1.0\;C:\Windows\System32\OpenSSH\;C:\Program Files (x86)\Intel\Intel(R) Management Engine Components\DAL;C:\Program Files\Intel\Intel(R) Management Engine Components\DAL;C:\Program Files\TortoiseSVN\bin;C:\Windows\System32\cmd.exe;C:\Python27\tcl;C:\Python27;C:\Python27\Lib;C:\Python27\Tools\Scripts;C:\Python27\Scripts;C:\Users\lachmipriya.g\AppData\Local\Microsoft\WindowsApps;;D:\D drive data\Katalon_Studio_Windows_64-7.2.1;
USERNAME=lachmipriya.g
OS=Windows_NT
PROCESSOR_IDENTIFIER=Intel64 Family 6 Model 158 Stepping 10, GenuineIntel



---------------  S Y S T E M  ---------------

OS: Windows 10.0 , 64 bit Build 17763 (10.0.17763.475)

CPU:total 12 (initial active 12) (6 cores per cpu, 2 threads per core) family 6 model 158 stepping 10, cmov, cx8, fxsr, mmx, sse, sse2, sse3, ssse3, sse4.1, sse4.2, popcnt, avx, avx2, aes, clmul, erms, rtm, 3dnowpref, lzcnt, ht, tsc, tscinvbit, bmi1, bmi2, adx

Memory: 4k page, physical 16596392k(3579324k free), swap 29224612k(4428k free)

vm_info: Java HotSpot(TM) 64-Bit Server VM (25.181-b13) for windows-amd64 JRE (1.8.0_181-b13), built on Jul  7 2018 04:01:33 by "java_re" with MS VC++ 10.0 (VS2010)

time: Fri Mar 06 17:55:55 2020
elapsed time: 7 seconds (0d 0h 0m 7s)

