JvmtiExport can_access_local_variables 1
JvmtiExport can_hotswap_or_post_breakpoint 1
JvmtiExport can_post_on_exceptions 1
# 394 ciObject found
ciMethod java/lang/Object <init> ()V 4097 1 644778 0 0
ciMethod java/lang/Object hashCode ()I 3073 1 384 0 -1
ciMethod java/lang/Object equals (Ljava/lang/Object;)Z 25 1 8428 0 -1
ciMethod java/lang/String <init> ([CII)V 4097 1 5839 0 -1
ciMethod java/lang/String <init> ([CZ)V 3121 1 14965 0 -1
ciMethod java/lang/String equals (Ljava/lang/Object;)Z 1937 32769 15624 0 -1
ciMethod java/lang/String startsWith (Ljava/lang/String;I)Z 2105 145 3414 0 672
ciMethod java/lang/String startsWith (Ljava/lang/String;)Z 2049 1 128768 0 576
ciMethod java/lang/String hashCode ()I 2705 32769 2230 0 352
ciMethod java/lang/String indexOf (I)I 4097 1 99656 0 416
ciMethod java/lang/String indexOf (II)I 1673 81921 1059 0 480
ciMethod java/lang/String indexOfSupplementary (II)I 0 0 1 0 -1
ciMethod java/lang/String lastIndexOf (I)I 2985 1 40832 0 352
ciMethod java/lang/String lastIndexOf (II)I 1433 117953 1207 0 352
ciMethod java/lang/String lastIndexOfSupplementary (II)I 0 0 1 0 -1
ciMethod java/lang/String indexOf (Ljava/lang/String;)I 2129 1 36663 0 -1
ciMethod java/lang/String substring (I)Ljava/lang/String; 1073 1 6291 0 1184
ciMethod java/lang/String substring (II)Ljava/lang/String; 3153 1 9007 0 1248
ciMethod java/lang/String replace (CC)Ljava/lang/String; 1025 82041 2201 0 -1
ciMethod java/lang/String contains (Ljava/lang/CharSequence;)Z 3113 1 3158 0 -1
ciMethod java/lang/Class getClassLoader ()Ljava/lang/ClassLoader; 2073 1 8560 0 0
ciMethod java/lang/Class getClassLoader0 ()Ljava/lang/ClassLoader; 1033 1 129 0 0
ciMethod java/lang/ClassLoader loadClass (Ljava/lang/String;Z)Ljava/lang/Class; 2049 1 7533 11826 -1
ciMethod java/lang/ClassLoader checkClassLoaderPermission (Ljava/lang/ClassLoader;Ljava/lang/Class;)V 0 0 1 0 -1
ciMethod java/lang/System getSecurityManager ()Ljava/lang/SecurityManager; 3097 1 50982 0 0
ciMethod java/lang/Throwable getMessage ()Ljava/lang/String; 0 0 1 0 -1
ciMethod java/lang/ClassNotFoundException <init> (Ljava/lang/String;)V 769 1 5203 0 -1
ciMethod java/lang/ClassNotFoundException <init> (Ljava/lang/String;Ljava/lang/Throwable;)V 0 0 1 0 -1
ciMethod java/util/Map containsKey (Ljava/lang/Object;)Z 0 0 1 0 -1
ciMethod java/util/Map get (Ljava/lang/Object;)Ljava/lang/Object; 0 0 1 0 -1
ciMethod java/util/Map put (Ljava/lang/Object;Ljava/lang/Object;)Ljava/lang/Object; 0 0 1 0 -1
ciMethod java/util/Map values ()Ljava/util/Collection; 0 0 1 0 -1
ciMethod java/lang/StringBuffer <init> ()V 2289 1 7725 0 192
ciMethod java/lang/StringBuffer append (Ljava/lang/String;)Ljava/lang/StringBuffer; 1129 1 18527 0 1920
ciMethod java/lang/StringBuffer toString ()Ljava/lang/String; 889 1 7287 0 1312
ciMethod java/lang/AbstractStringBuilder <init> (I)V 3241 1 110795 0 256
ciMethod java/lang/AbstractStringBuilder append (Ljava/lang/String;)Ljava/lang/AbstractStringBuilder; 4097 1 12116 0 -1
ciMethod java/lang/StringBuilder <init> ()V 3233 1 86235 0 192
ciMethod java/lang/StringBuilder append (Ljava/lang/String;)Ljava/lang/StringBuilder; 4097 1 198845 0 1344
ciMethod java/lang/StringBuilder toString ()Ljava/lang/String; 3241 1 88991 0 992
ciMethod java/security/AccessController doPrivileged (Ljava/security/PrivilegedAction;)Ljava/lang/Object; 3073 1 384 0 -1
ciMethod java/util/Collection iterator ()Ljava/util/Iterator; 0 0 1 0 -1
ciMethod java/util/List iterator ()Ljava/util/Iterator; 0 0 1 0 -1
ciMethod java/util/AbstractList <init> ()V 2225 1 34586 0 0
ciMethod java/util/AbstractCollection <init> ()V 2609 1 55381 0 32
ciMethod java/util/ArrayList <init> ()V 569 1 13428 0 64
ciMethod java/util/Collections emptyList ()Ljava/util/List; 3081 1 25433 0 0
ciMethod java/util/Set iterator ()Ljava/util/Iterator; 0 0 1 0 -1
ciMethod java/util/AbstractMap <init> ()V 1953 1 28003 0 32
ciMethod sun/reflect/Reflection getCallerClass ()Ljava/lang/Class; 2049 1 256 0 -1
ciMethod java/util/HashMap hash (Ljava/lang/Object;)I 4097 1 69770 0 160
ciMethod java/util/HashMap <init> ()V 521 1 22312 0 32
ciMethod java/util/HashMap get (Ljava/lang/Object;)Ljava/lang/Object; 4097 1 24205 0 736
ciMethod java/util/HashMap getNode (ILjava/lang/Object;)Ljava/util/HashMap$Node; 4097 25 22812 0 704
ciMethod java/util/HashMap put (Ljava/lang/Object;Ljava/lang/Object;)Ljava/lang/Object; 2409 1 20223 0 224
ciMethod java/util/HashMap putVal (ILjava/lang/Object;Ljava/lang/Object;ZZ)Ljava/lang/Object; 2049 217 18613 0 0
ciMethod java/util/HashMap resize ()[Ljava/util/HashMap$Node; 145 3905 3119 0 -1
ciMethod java/util/HashMap treeifyBin ([Ljava/util/HashMap$Node;I)V 0 0 1 0 -1
ciMethod java/util/HashMap newNode (ILjava/lang/Object;Ljava/lang/Object;Ljava/util/HashMap$Node;)Ljava/util/HashMap$Node; 3921 1 6004 0 192
ciMethod java/util/HashMap afterNodeAccess (Ljava/util/HashMap$Node;)V 2049 1 1312 0 0
ciMethod java/util/HashMap afterNodeInsertion (Z)V 3921 1 1527 0 0
ciMethod java/util/HashMap$Node <init> (ILjava/lang/Object;Ljava/lang/Object;Ljava/util/HashMap$Node;)V 3713 1 12037 0 0
ciMethod java/lang/Math min (II)I 4097 1 143219 0 -1
ciMethod java/util/Iterator hasNext ()Z 0 0 1 0 -1
ciMethod java/util/Iterator next ()Ljava/lang/Object; 0 0 1 0 -1
ciMethod java/util/Arrays copyOfRange ([CII)[C 4097 1 5891 0 -1
ciMethod java/util/LinkedHashMap <init> ()V 2745 1 3019 0 -1
ciMethodData java/lang/Object <init> ()V 2 644789 orig 264 88 115 66 83 0 0 0 0 128 4 12 23 0 0 0 0 32 1 0 0 0 0 0 0 0 0 0 0 0 0 0 0 0 0 0 0 0 0 0 0 0 0 0 0 0 0 0 0 0 0 0 0 0 0 0 0 0 0 0 0 0 0 0 0 0 0 0 0 0 0 0 0 0 0 0 0 0 0 0 0 77 68 79 32 101 120 116 114 97 32 100 97 116 97 32 108 111 99 107 0 0 0 0 0 0 0 0 0 0 0 0 0 0 0 0 0 0 0 0 0 0 0 0 0 0 0 0 0 0 0 0 0 0 0 0 0 0 0 0 0 0 0 0 0 0 0 0 0 0 0 0 0 0 0 0 0 0 0 0 0 0 0 0 0 0 0 0 0 0 0 0 0 0 0 0 0 0 0 0 0 0 0 0 0 0 0 0 0 0 0 0 0 0 0 0 0 0 0 0 0 0 0 0 0 0 0 0 0 0 0 0 0 0 0 0 0 0 2 0 0 169 165 78 0 1 0 0 0 0 0 0 0 0 0 0 0 2 0 0 0 0 0 3 0 1 0 0 0 0 0 0 0 255 255 255 255 0 0 0 0 0 0 0 0 data 0 oops 0
ciMethod java/util/HashMap$TreeNode getTreeNode (ILjava/lang/Object;)Ljava/util/HashMap$TreeNode; 0 0 1 0 -1
ciMethod java/util/HashMap$TreeNode putTreeVal (Ljava/util/HashMap;[Ljava/util/HashMap$Node;ILjava/lang/Object;Ljava/lang/Object;)Ljava/util/HashMap$TreeNode; 0 0 1 0 -1
ciMethod java/util/HashMap$TreeNode split (Ljava/util/HashMap;[Ljava/util/HashMap$Node;II)V 0 0 1 0 -1
ciMethodData java/lang/String hashCode ()I 2 59752 orig 264 88 115 66 83 0 0 0 0 152 80 12 23 0 0 0 0 152 1 0 0 32 0 0 0 0 0 0 0 0 0 0 0 0 0 0 0 0 0 0 0 0 0 0 0 0 0 0 0 0 0 0 0 0 0 0 0 0 0 0 0 0 0 0 0 0 0 0 0 0 0 0 0 0 0 0 0 0 0 0 0 77 68 79 32 101 120 116 114 97 32 100 97 116 97 32 108 111 99 107 0 0 0 0 0 0 0 0 0 0 0 0 0 0 0 0 0 0 0 0 0 0 0 0 0 0 0 0 0 0 0 0 0 0 0 0 0 0 0 0 0 0 0 0 0 1 0 0 0 0 0 0 0 0 0 0 0 0 0 0 0 0 0 0 0 0 0 0 0 0 0 0 0 0 0 0 0 0 0 0 1 0 0 0 0 0 0 0 0 0 0 0 0 0 0 0 0 0 0 0 0 0 0 0 0 0 0 0 0 0 0 0 0 0 0 0 0 0 16 0 0 33 59 0 0 65 203 6 0 160 2 0 0 130 120 0 0 2 0 0 0 1 0 11 0 2 0 0 0 120 0 0 0 255 255 255 255 7 0 6 0 0 0 0 0 data 15 0x60007 0x3b0 0x78 0x3b4 0xee007 0x1 0x58 0x3b4 0x1e0007 0x3b4 0x38 0xd95f 0x2d0003 0xd95f 0xffffffffffffffe0 oops 0
ciMethodData java/lang/String indexOf (II)I 2 60506 orig 264 88 115 66 83 0 0 0 0 24 82 12 23 0 0 0 0 16 2 0 0 184 0 0 0 0 0 0 0 0 0 0 0 0 0 0 0 0 0 0 0 0 0 0 0 0 0 0 0 0 0 0 0 0 0 0 0 0 0 0 0 0 0 0 0 0 0 0 0 0 0 0 0 0 0 0 0 0 0 0 0 77 68 79 32 101 120 116 114 97 32 100 97 116 97 32 108 111 99 107 0 0 0 0 0 0 0 0 0 0 0 0 0 0 0 0 0 0 0 0 0 0 0 0 0 0 0 0 0 0 0 0 0 0 0 0 0 0 0 0 0 0 0 0 0 0 0 0 0 0 0 0 0 0 0 0 0 0 0 0 0 0 0 0 0 0 0 0 0 0 0 0 0 0 0 0 0 0 0 0 0 0 0 0 0 0 0 0 0 0 0 0 0 0 0 0 0 0 0 0 0 0 0 0 0 0 0 0 0 0 0 0 0 0 0 0 0 0 40 0 0 145 26 0 0 209 34 6 0 0 0 0 0 0 0 0 0 2 0 0 0 1 0 15 0 2 0 0 0 224 0 0 0 255 255 255 255 7 0 7 0 0 0 0 0 data 28 0x70007 0x352 0x38 0x0 0xc0003 0x0 0x38 0x110007 0x2b0 0x20 0xa2 0x190007 0x0 0x78 0x2b0 0x280007 0x222 0x58 0xc499 0x310007 0xc40b 0x20 0x8e 0x3a0003 0xc40b 0xffffffffffffffc0 0x420002 0x0 oops 0
ciMethodData java/lang/String indexOf (I)I 2 99656 orig 264 88 115 66 83 0 0 0 0 48 81 12 23 0 0 0 0 128 1 0 0 0 0 0 0 0 0 0 0 0 0 0 0 0 0 0 0 0 0 0 0 0 0 0 0 0 0 0 0 0 0 0 0 0 0 0 0 0 0 0 0 0 0 0 0 0 0 0 0 0 0 0 0 0 0 0 0 0 0 0 0 77 68 79 32 101 120 116 114 97 32 100 97 116 97 32 108 111 99 107 0 0 0 0 0 0 0 0 0 0 0 0 0 0 0 0 0 0 0 0 0 0 0 0 0 0 0 0 0 0 0 0 0 0 0 0 0 0 0 0 0 0 0 0 0 0 0 0 0 0 0 0 0 0 0 0 0 0 0 0 0 0 0 0 0 0 0 0 0 0 0 0 0 0 0 0 0 0 0 0 0 0 0 0 0 0 0 0 0 0 0 0 0 0 0 0 0 0 0 0 0 0 0 0 0 0 0 0 0 0 0 0 0 0 0 0 0 0 2 0 0 65 26 12 0 1 0 0 0 0 0 0 0 0 0 0 0 2 0 0 0 0 0 3 0 2 0 0 0 48 0 0 0 255 255 255 255 5 0 3 0 0 0 0 0 data 6 0x30005 0x94 0x2755d90 0x182b4 0x0 0x0 oops 1 2 java/lang/String
ciMethodData java/util/HashMap hash (Ljava/lang/Object;)I 2 69770 orig 264 88 115 66 83 0 0 0 0 232 208 26 23 0 0 0 0 176 1 0 0 32 0 0 0 0 0 0 0 0 0 0 0 0 0 0 0 0 0 0 0 0 0 0 0 0 0 0 0 0 0 0 0 0 0 0 0 0 0 0 0 0 0 0 0 0 0 0 0 0 0 0 0 0 0 0 0 0 0 0 0 77 68 79 32 101 120 116 114 97 32 100 97 116 97 32 108 111 99 107 0 0 0 0 0 0 0 0 0 0 0 0 0 0 0 0 0 0 0 0 0 0 0 0 0 0 0 0 0 0 0 0 0 0 0 0 0 0 0 0 0 0 0 0 0 0 0 0 0 0 0 0 0 0 0 0 0 0 0 0 0 0 0 0 0 0 0 0 0 0 0 0 0 0 0 0 0 0 0 0 0 0 0 0 0 0 0 0 0 0 0 0 0 0 0 0 0 0 0 0 0 0 0 0 0 0 0 0 0 0 0 0 0 0 0 0 0 0 2 0 0 81 116 8 0 1 0 0 0 0 0 0 0 0 0 0 0 2 0 0 0 0 0 6 0 2 0 0 0 104 0 0 0 255 255 255 255 7 0 1 0 0 0 0 0 data 13 0x10007 0x10e8a 0x38 0x0 0x50003 0x0 0x48 0x90005 0x53a6 0x2755d90 0xa986 0x2755e20 0xf4c oops 2 9 java/lang/String 11 java/lang/Class
ciMethodData java/lang/String startsWith (Ljava/lang/String;I)Z 2 16730 orig 264 88 115 66 83 0 0 0 0 144 78 12 23 0 0 0 0 176 1 0 0 32 0 0 0 0 0 0 0 0 0 0 0 0 0 0 0 0 0 0 0 0 0 0 0 0 0 0 0 0 0 0 0 0 0 0 0 0 0 0 0 0 0 0 0 0 0 0 0 0 0 0 0 0 0 0 0 0 0 0 0 77 68 79 32 101 120 116 114 97 32 100 97 116 97 32 108 111 99 107 0 0 0 0 0 0 0 0 0 0 0 0 0 0 0 0 0 0 0 0 0 0 0 0 0 0 0 0 0 0 0 0 0 0 0 0 0 0 0 0 0 0 0 0 0 0 0 0 0 0 0 0 0 0 0 0 0 0 0 0 0 0 0 0 0 0 0 0 0 0 0 0 0 0 0 0 0 0 0 0 0 0 0 0 0 0 0 0 0 0 0 0 0 0 0 0 0 0 0 0 0 0 0 0 0 0 0 0 0 0 0 0 0 0 0 0 0 7 1 0 0 121 98 0 0 65 10 2 0 0 0 0 0 0 0 0 0 2 0 0 0 1 0 13 0 2 0 0 0 128 0 0 0 255 255 255 255 7 0 25 0 0 0 0 0 data 16 0x190007 0x18 0x40 0xc37 0x250007 0xc1b 0x20 0x1c 0x2f0007 0x149 0x40 0x414d 0x410007 0x367b 0xffffffffffffffe0 0xad2 oops 0
ciMethodData java/lang/System getSecurityManager ()Ljava/lang/SecurityManager; 2 50982 orig 264 88 115 66 83 0 0 0 0 72 157 13 23 0 0 0 0 24 1 0 0 0 0 0 0 0 0 0 0 0 0 0 0 0 0 0 0 0 0 0 0 0 0 0 0 0 0 0 0 0 0 0 0 0 0 0 0 0 0 0 0 0 0 0 0 0 0 0 0 0 0 0 0 0 0 0 0 0 0 0 0 77 68 79 32 101 120 116 114 97 32 100 97 116 97 32 108 111 99 107 0 0 0 0 0 0 0 0 0 0 0 0 0 0 0 0 0 0 0 0 0 0 0 0 0 0 0 0 0 0 0 0 0 0 0 0 0 0 0 0 0 0 0 0 0 0 0 0 0 0 0 0 0 0 0 0 0 0 0 0 0 0 0 0 0 0 0 0 0 0 0 0 0 0 0 0 0 0 0 0 0 0 0 0 0 0 0 0 0 0 0 0 0 0 0 0 0 0 0 0 0 0 0 0 0 0 0 0 0 0 0 0 0 0 0 0 0 131 1 0 0 25 45 6 0 1 0 0 0 0 0 0 0 0 0 0 0 2 0 0 0 0 0 3 0 1 0 0 0 0 0 0 0 255 255 255 255 0 0 0 0 0 0 0 0 data 0 oops 0
ciMethodData java/lang/String lastIndexOf (II)I 2 50728 orig 264 88 115 66 83 0 0 0 0 104 84 12 23 0 0 0 0 240 1 0 0 32 0 0 0 0 0 0 0 0 0 0 0 0 0 0 0 0 0 0 0 0 0 0 0 0 0 0 0 0 0 0 0 0 0 0 0 0 0 0 0 0 0 0 0 0 0 0 0 0 0 0 0 0 0 0 0 0 0 0 0 77 68 79 32 101 120 116 114 97 32 100 97 116 97 32 108 111 99 107 0 0 0 0 0 0 0 0 0 0 0 0 0 0 0 0 0 0 0 0 0 0 0 0 0 0 0 0 0 0 0 0 0 0 0 0 0 0 0 0 0 0 0 0 0 0 0 0 0 0 0 0 0 0 0 0 0 0 0 0 0 0 0 0 0 0 0 0 0 0 0 0 0 0 0 0 0 0 0 0 0 0 0 0 0 0 0 0 0 0 0 0 0 0 0 0 0 0 0 0 0 0 0 0 0 0 0 0 0 0 0 0 0 0 0 0 0 152 57 0 0 33 32 0 0 129 100 4 0 0 0 0 0 0 0 0 0 2 0 0 0 1 0 14 0 2 0 0 0 152 0 0 0 255 255 255 255 7 0 3 0 0 0 0 0 data 19 0x30007 0x0 0x88 0x404 0x100002 0x404 0x170007 0xf4 0x58 0x8fa0 0x1f0007 0x8c90 0x20 0x310 0x280003 0x8c90 0xffffffffffffffc0 0x300002 0x0 oops 0
ciMethod java/util/LinkedList <init> ()V 2065 1 3447 0 -1
ciMethod java/util/LinkedList addFirst (Ljava/lang/Object;)V 2057 1 837 0 -1
ciMethod java/util/AbstractSequentialList iterator ()Ljava/util/Iterator; 3089 1 6499 0 -1
ciMethodData java/util/HashMap getNode (ILjava/lang/Object;)Ljava/util/HashMap$Node; 2 22812 orig 264 88 115 66 83 0 0 0 0 152 218 26 23 0 0 0 0 8 4 0 0 112 2 0 0 0 0 0 0 0 0 0 0 0 0 0 0 0 0 0 0 0 0 0 0 0 0 0 0 0 0 0 0 0 0 0 0 0 0 0 0 0 0 0 0 0 0 0 0 0 0 0 0 0 0 0 0 0 0 0 0 77 68 79 32 101 120 116 114 97 32 100 97 116 97 32 108 111 99 107 0 0 0 0 0 0 0 0 0 0 0 0 0 0 0 0 0 0 0 0 0 0 0 0 0 0 0 0 0 0 0 0 0 0 0 0 0 0 0 0 0 0 0 0 0 2 0 0 0 1 0 0 0 0 0 0 0 0 0 0 0 0 0 0 0 0 0 0 0 0 0 0 0 0 0 0 0 0 0 0 4 0 0 0 0 0 0 0 0 0 0 0 0 0 0 0 0 0 0 0 0 0 0 0 0 0 0 0 0 0 0 0 0 0 0 0 0 0 2 0 0 225 184 2 0 73 23 0 0 111 64 0 0 139 2 0 0 2 0 0 0 1 0 37 0 2 0 0 0 176 2 0 0 255 255 255 255 7 0 6 0 0 0 0 0 data 86 0x60007 0x6fd 0x2b0 0x501f 0xe0007 0x0 0x290 0x501f 0x1c0007 0x17a1 0x270 0x387e 0x250007 0x1243 0xb0 0x263b 0x310007 0x1bd7 0x90 0xa64 0x350007 0x0 0x70 0xa64 0x3b0005 0x764 0x1bea4530 0x70 0x2755d90 0x290 0x3ee007 0xa4 0x20 0x9c2 0x4c0007 0xc19 0x1a0 0x6ce 0x510004 0xfffffffffffff932 0x1c84be50 0x8d 0x0 0x0 0x540007 0x6ce 0x80 0x0 0x590004 0x0 0x0 0x0 0x0 0x0 0x5e0005 0x0 0x0 0x0 0x0 0x0 0x680007 0x2f1 0xb0 0x49d 0x740007 0x298 0x90 0x205 0x780007 0x0 0x70 0x205 0x7e0005 0x112 0x1bea4530 0x70 0x2755d90 0x83 0x81e007 0x4 0x20 0x203 0x8f0007 0xc0 0xffffffffffffff50 0x235 oops 5 26 java/util/jar/Attributes$Name 28 java/lang/String 40 java/util/HashMap$Node 74 java/util/jar/Attributes$Name 76 java/lang/String
ciMethodData java/util/HashMap putVal (ILjava/lang/Object;Ljava/lang/Object;ZZ)Ljava/lang/Object; 2 18614 orig 264 88 115 66 83 0 0 0 0 184 221 26 23 0 0 0 0 176 6 0 0 176 3 0 0 0 0 0 0 0 0 0 0 0 0 0 0 0 0 0 0 0 0 0 0 0 0 0 0 0 0 0 0 0 0 0 0 0 0 0 0 0 0 0 0 0 0 0 0 0 0 0 0 0 0 0 0 0 0 0 0 77 68 79 32 101 120 116 114 97 32 100 97 116 97 32 108 111 99 107 0 0 0 0 0 0 0 0 0 0 0 0 0 0 0 0 0 0 0 0 0 0 0 0 0 0 0 0 0 0 0 0 0 0 0 0 0 0 0 0 0 0 0 0 0 2 0 0 0 2 0 0 0 0 0 0 0 0 0 0 0 0 0 0 0 4 0 0 5 0 0 0 0 0 0 0 0 0 0 0 1 0 0 0 0 0 0 0 0 0 0 0 0 0 0 0 0 0 0 0 0 0 0 0 0 0 0 0 0 0 0 0 0 0 0 0 0 0 1 0 0 177 61 2 0 177 21 0 0 48 49 0 0 173 1 0 0 2 0 0 0 1 0 50 0 2 0 0 0 64 5 0 0 255 255 255 255 7 0 7 0 0 0 0 0 data 168 0x70007 0x10c9 0x40 0x36ed 0x100007 0x36ed 0x50 0x0 0x140005 0x7 0x1d7129b0 0x557 0x1beabf50 0xb6b 0x2c0007 0x10e3 0x98 0x36d3 0x380005 0x20e9 0x1d7129b0 0x15e1 0x28211100 0x9 0x3b0004 0x0 0x1c84be50 0x15ff 0x1ee8c980 0x20d4 0x3c0003 0x36d3 0x3d0 0x450007 0x97d 0xc8 0x766 0x510007 0x41c 0x90 0x34a 0x550007 0x0 0x88 0x34a 0x5b0005 0x2dc 0x2755d90 0x68 0x282a9d0 0x6 0x5e0007 0x2f 0x38 0x31b 0x650003 0x737 0x278 0x6a0004 0xfffffffffffff654 0x1c84be50 0x99 0x0 0x0 0x6d0007 0x9ac 0x98 0x0 0x720004 0x0 0x0 0x0 0x0 0x0 0x7b0005 0x0 0x0 0x0 0x0 0x0 0x800003 0x0 0x1b0 0x8e0007 0x2dd 0xb8 0x985 0x980005 0x49 0x1d7129b0 0x934 0x28211100 0x8 0xa20007 0x985 0x148 0x0 0xa90005 0x0 0x0 0x0 0x0 0x0 0xac0003 0x0 0xf8 0xb50007 0x2ae 0xc8 0x2f 0xc10007 0xd 0xc0 0x22 0xc50007 0x0 0x88 0x22 0xcbf005 0x8 0x2755d90 0x1f 0x282b380 0x4 0xce0007 0x8 0x38 0x23 0xd10003 0x23 0x30 0xdb0003 0x2b6 0xfffffffffffffe80 0xe00007 0x985 0x90 0x767 0xece007 0x4bd 0x40 0x2ab 0xf10007 0x2ab 0x20 0x0 0xfd0005 0x0 0x1d7129b0 0x760 0x1beabf50 0x8 0x11c0007 0x3e1d 0x50 0x23b 0x1200005 0x6 0x1d7129b0 0x225 0x1beabf50 0x10 0x1270005 0x2132 0x1d7129b0 0x1f15 0x28211100 0x11 oops 19 10 java/util/HashMap 12 java/util/LinkedHashMap 20 java/util/HashMap 22 java/io/ExpiringCache$1 26 java/util/HashMap$Node 28 java/util/LinkedHashMap$Entry 47 java/lang/String 49 java/io/File 60 java/util/HashMap$Node 89 java/util/HashMap 91 java/io/ExpiringCache$1 120 java/lang/String 122 java/lang/Integer 148 java/util/HashMap 150 java/util/LinkedHashMap 158 java/util/HashMap 160 java/util/LinkedHashMap 164 java/util/HashMap 166 java/io/ExpiringCache$1
ciMethodData java/util/HashMap put (Ljava/lang/Object;Ljava/lang/Object;)Ljava/lang/Object; 2 20223 orig 264 88 115 66 83 0 0 0 0 216 219 26 23 0 0 0 0 152 1 0 0 0 0 0 0 0 0 0 0 0 0 0 0 0 0 0 0 0 0 0 0 0 0 0 0 0 0 0 0 0 0 0 0 0 0 0 0 0 0 0 0 0 0 0 0 0 0 0 0 0 0 0 0 0 0 0 0 0 0 0 0 77 68 79 32 101 120 116 114 97 32 100 97 116 97 32 108 111 99 107 0 0 0 0 0 0 0 0 0 0 0 0 0 0 0 0 0 0 0 0 0 0 0 0 0 0 0 0 0 0 0 0 0 0 0 0 0 0 0 0 0 0 0 0 0 2 0 0 0 0 0 0 0 0 0 0 0 0 0 0 0 0 0 0 0 0 0 0 0 0 0 0 0 0 0 0 0 0 0 0 0 0 0 0 0 0 0 0 0 0 0 0 0 0 0 0 0 0 0 0 0 0 0 0 0 0 0 0 0 0 0 0 0 0 0 0 0 45 1 0 0 145 110 2 0 1 0 0 0 114 45 0 0 0 0 0 0 2 0 0 0 0 0 7 0 2 0 0 0 64 0 0 0 255 255 255 255 2 0 2 0 0 0 0 0 data 8 0x20002 0x4dd2 0x90005 0x1ebc 0x1d7129b0 0x2f01 0x28211100 0x15 oops 2 4 java/util/HashMap 6 java/io/ExpiringCache$1
ciMethodData java/util/HashMap get (Ljava/lang/Object;)Ljava/lang/Object; 2 24205 orig 264 88 115 66 83 0 0 0 0 104 217 26 23 0 0 0 0 200 1 0 0 16 0 0 0 0 0 0 0 0 0 0 0 0 0 0 0 0 0 0 0 0 0 0 0 0 0 0 0 0 0 0 0 0 0 0 0 0 0 0 0 0 0 0 0 0 0 0 0 0 0 0 0 0 0 0 0 0 0 0 0 77 68 79 32 101 120 116 114 97 32 100 97 116 97 32 108 111 99 107 0 0 0 0 0 0 0 0 0 0 0 0 0 0 0 0 0 0 0 0 0 0 0 0 0 0 0 0 0 0 0 0 0 0 0 0 0 0 0 0 0 0 0 0 0 2 0 0 0 0 0 0 0 0 0 0 0 0 0 0 0 0 0 0 0 0 0 0 0 0 0 0 0 0 0 0 0 0 0 0 0 0 0 0 0 0 0 0 0 0 0 0 0 0 0 0 0 0 0 0 0 0 0 0 0 0 0 0 0 0 0 0 0 0 0 0 0 0 2 0 0 105 228 2 0 1 0 0 0 152 68 0 0 0 0 0 0 2 0 0 0 0 0 10 0 2 0 0 0 120 0 0 0 255 255 255 255 2 0 2 0 0 0 0 0 data 15 0x20002 0x5c8d 0x60005 0x516 0x1d7129b0 0x50d2 0x1c84c840 0x6a5 0xb0007 0x2dae 0x38 0x2ee1 0xf0003 0x2ee1 0x18 oops 2 4 java/util/HashMap 6 org/codehaus/groovy/reflection/ClassInfo$LocalMap
ciMethodData java/util/AbstractList <init> ()V 2 34586 orig 264 88 115 66 83 0 0 0 0 224 160 24 23 0 0 0 0 48 1 0 0 0 0 0 0 0 0 0 0 0 0 0 0 0 0 0 0 0 0 0 0 0 0 0 0 0 0 0 0 0 0 0 0 0 0 0 0 0 0 0 0 0 0 0 0 0 0 0 0 0 0 0 0 0 0 0 0 0 0 0 0 77 68 79 32 101 120 116 114 97 32 100 97 116 97 32 108 111 99 107 0 0 0 0 0 0 0 0 0 0 0 0 0 0 0 0 0 0 0 0 0 0 0 0 0 0 0 0 0 0 0 0 0 0 0 0 0 0 0 0 0 0 0 0 0 0 0 0 0 0 0 0 0 0 0 0 0 0 0 0 0 0 0 0 0 0 0 0 0 0 0 0 0 0 0 0 0 0 0 0 0 0 0 0 0 0 0 0 0 0 0 0 0 0 0 0 0 0 0 0 0 0 0 0 0 0 0 0 0 0 0 0 0 0 0 0 0 22 1 0 0 33 48 4 0 1 0 0 0 0 0 0 0 0 0 0 0 2 0 0 0 0 0 3 0 2 0 0 0 16 0 0 0 255 255 255 255 2 0 1 0 0 0 0 0 data 2 0x10002 0x8604 oops 0
ciMethodData java/util/AbstractCollection <init> ()V 2 55381 orig 264 88 115 66 83 0 0 0 0 128 180 24 23 0 0 0 0 48 1 0 0 0 0 0 0 0 0 0 0 0 0 0 0 0 0 0 0 0 0 0 0 0 0 0 0 0 0 0 0 0 0 0 0 0 0 0 0 0 0 0 0 0 0 0 0 0 0 0 0 0 0 0 0 0 0 0 0 0 0 0 0 77 68 79 32 101 120 116 114 97 32 100 97 116 97 32 108 111 99 107 0 0 0 0 0 0 0 0 0 0 0 0 0 0 0 0 0 0 0 0 0 0 0 0 0 0 0 0 0 0 0 0 0 0 0 0 0 0 0 0 0 0 0 0 0 0 0 0 0 0 0 0 0 0 0 0 0 0 0 0 0 0 0 0 0 0 0 0 0 0 0 0 0 0 0 0 0 0 0 0 0 0 0 0 0 0 0 0 0 0 0 0 0 0 0 0 0 0 0 0 0 0 0 0 0 0 0 0 0 0 0 0 0 0 0 0 0 70 1 0 0 121 184 6 0 1 0 0 0 0 0 0 0 0 0 0 0 2 0 0 0 0 0 3 0 2 0 0 0 16 0 0 0 255 255 255 255 2 0 1 0 0 0 0 0 data 2 0x10002 0xd70f oops 0
ciMethodData java/util/HashMap$Node <init> (ILjava/lang/Object;Ljava/lang/Object;Ljava/util/HashMap$Node;)V 2 12037 orig 264 88 115 66 83 0 0 0 0 0 33 27 23 0 0 0 0 80 1 0 0 0 0 0 0 0 0 0 0 0 0 0 0 0 0 0 0 0 0 0 0 0 0 0 0 0 0 0 0 0 0 0 0 0 0 0 0 0 0 0 0 0 0 0 0 0 0 0 0 0 0 0 0 0 0 0 0 0 0 0 0 77 68 79 32 101 120 116 114 97 32 100 97 116 97 32 108 111 99 107 0 0 0 0 0 0 0 0 0 0 0 0 0 0 0 0 0 0 0 0 0 0 0 0 0 0 0 0 0 0 0 0 0 0 0 0 0 0 0 0 0 0 0 0 0 0 0 0 0 0 0 0 0 0 0 0 0 0 0 0 0 0 0 0 0 0 0 0 0 0 0 0 0 0 0 0 0 0 0 0 0 0 0 0 0 0 0 0 0 0 0 0 0 0 0 0 0 0 0 0 0 0 0 0 0 0 0 0 0 0 0 0 0 0 0 0 0 208 1 0 0 169 105 1 0 1 0 0 0 0 0 0 0 0 0 0 0 2 0 0 0 0 0 3 0 2 0 0 0 16 0 0 0 255 255 255 255 2 0 1 0 0 0 0 0 data 2 0x10002 0x2d35 oops 0
ciMethodData java/util/HashMap newNode (ILjava/lang/Object;Ljava/lang/Object;Ljava/util/HashMap$Node;)Ljava/util/HashMap$Node; 2 6004 orig 264 88 115 66 83 0 0 0 0 80 249 26 23 0 0 0 0 80 1 0 0 0 0 0 0 0 0 0 0 0 0 0 0 0 0 0 0 0 0 0 0 0 0 0 0 0 0 0 0 0 0 0 0 0 0 0 0 0 0 0 0 0 0 0 0 0 0 0 0 0 0 0 0 0 0 0 0 0 0 0 0 77 68 79 32 101 120 116 114 97 32 100 97 116 97 32 108 111 99 107 0 0 0 0 0 0 0 0 0 0 0 0 0 0 0 0 0 0 0 0 0 0 0 0 0 0 0 0 0 0 0 0 0 0 0 0 0 0 0 0 0 0 0 0 0 0 0 0 0 0 0 0 0 0 0 0 0 0 0 0 0 0 0 0 0 0 0 0 0 0 0 0 0 0 0 0 0 0 0 0 0 0 0 0 0 0 0 0 0 0 0 0 0 0 0 0 0 0 0 0 0 0 0 0 0 0 0 0 0 0 0 0 0 0 0 0 0 234 1 0 0 81 172 0 0 1 0 0 0 0 0 0 0 0 0 0 0 2 0 0 0 0 0 3 0 2 0 0 0 16 0 0 0 255 255 255 255 2 0 9 0 0 0 0 0 data 2 0x90002 0x158a oops 0
ciMethodData java/util/HashMap afterNodeInsertion (Z)V 2 1527 orig 264 88 115 66 83 0 0 0 0 24 253 26 23 0 0 0 0 40 1 0 0 0 0 0 0 0 0 0 0 0 0 0 0 0 0 0 0 0 0 0 0 0 0 0 0 0 0 0 0 0 0 0 0 0 0 0 0 0 0 0 0 0 0 0 0 0 0 0 0 0 0 0 0 0 0 0 0 0 0 0 0 77 68 79 32 101 120 116 114 97 32 100 97 116 97 32 108 111 99 107 0 0 0 0 0 0 0 0 0 0 0 0 0 0 0 0 0 0 0 0 0 0 0 0 0 0 0 0 0 0 0 0 0 0 0 0 0 0 0 0 0 0 0 0 0 0 0 0 0 0 0 0 0 0 0 0 0 0 0 0 0 0 0 0 0 0 0 0 0 0 0 0 0 0 0 0 0 0 0 0 0 0 0 0 0 0 0 0 0 0 0 0 0 0 0 0 0 0 0 0 0 0 0 0 0 0 0 0 0 0 0 0 0 0 0 0 0 234 1 0 0 105 32 0 0 1 0 0 0 0 0 0 0 0 0 0 0 2 0 0 0 0 0 3 0 1 0 0 0 0 0 0 0 255 255 255 255 0 0 0 0 0 0 0 0 data 0 oops 0
ciMethodData java/lang/String startsWith (Ljava/lang/String;)Z 2 128769 orig 264 88 115 66 83 0 0 0 0 40 79 12 23 0 0 0 0 128 1 0 0 0 0 0 0 0 0 0 0 0 0 0 0 0 0 0 0 0 0 0 0 0 0 0 0 0 0 0 0 0 0 0 0 0 0 0 0 0 0 0 0 0 0 0 0 0 0 0 0 0 0 0 0 0 0 0 0 0 0 0 0 77 68 79 32 101 120 116 114 97 32 100 97 116 97 32 108 111 99 107 0 0 0 0 0 0 0 0 0 0 0 0 0 0 0 0 0 0 0 0 0 0 0 0 0 0 0 0 0 0 0 0 0 0 0 0 0 0 0 0 0 0 0 0 0 0 0 0 0 0 0 0 0 0 0 0 0 0 0 0 0 0 0 0 0 0 0 0 0 0 0 0 0 0 0 0 0 0 0 0 0 0 0 0 0 0 0 0 0 0 0 0 0 0 0 0 0 0 0 0 0 0 0 0 0 0 0 0 0 0 0 0 0 0 0 0 0 0 1 0 0 9 176 15 0 1 0 0 0 0 0 0 0 0 0 0 0 2 0 0 0 0 0 3 0 2 0 0 0 48 0 0 0 255 255 255 255 5 0 3 0 0 0 0 0 data 6 0x30005 0x0 0x2755d90 0x1f601 0x0 0x0 oops 1 2 java/lang/String
ciMethodData java/lang/String lastIndexOf (I)I 2 40832 orig 264 88 115 66 83 0 0 0 0 152 83 12 23 0 0 0 0 128 1 0 0 0 0 0 0 0 0 0 0 0 0 0 0 0 0 0 0 0 0 0 0 0 0 0 0 0 0 0 0 0 0 0 0 0 0 0 0 0 0 0 0 0 0 0 0 0 0 0 0 0 0 0 0 0 0 0 0 0 0 0 0 77 68 79 32 101 120 116 114 97 32 100 97 116 97 32 108 111 99 107 0 0 0 0 0 0 0 0 0 0 0 0 0 0 0 0 0 0 0 0 0 0 0 0 0 0 0 0 0 0 0 0 0 0 0 0 0 0 0 0 0 0 0 0 0 0 0 0 0 0 0 0 0 0 0 0 0 0 0 0 0 0 0 0 0 0 0 0 0 0 0 0 0 0 0 0 0 0 0 0 0 0 0 0 0 0 0 0 0 0 0 0 0 0 0 0 0 0 0 0 0 0 0 0 0 0 0 0 0 0 0 0 0 0 0 0 0 117 1 0 0 89 240 4 0 1 0 0 0 0 0 0 0 0 0 0 0 2 0 0 0 0 0 3 0 2 0 0 0 48 0 0 0 255 255 255 255 5 0 9 0 0 0 0 0 data 6 0x90005 0x39 0x2755d90 0x9dd2 0x0 0x0 oops 1 2 java/lang/String
ciMethodData java/util/HashMap <init> ()V 2 22312 orig 264 88 115 66 83 0 0 0 0 160 213 26 23 0 0 0 0 48 1 0 0 0 0 0 0 0 0 0 0 0 0 0 0 0 0 0 0 0 0 0 0 0 0 0 0 0 0 0 0 0 0 0 0 0 0 0 0 0 0 0 0 0 0 0 0 0 0 0 0 0 0 0 0 0 0 0 0 0 0 0 0 77 68 79 32 101 120 116 114 97 32 100 97 116 97 32 108 111 99 107 0 0 0 0 0 0 0 0 0 0 0 0 0 0 0 0 0 0 0 0 0 0 0 0 0 0 0 0 0 0 0 0 0 0 0 0 0 0 0 0 0 0 0 0 0 0 0 0 0 0 0 0 0 0 0 0 0 0 0 0 0 0 0 0 0 0 0 0 0 0 0 0 0 0 0 0 0 0 0 0 0 0 0 0 0 0 0 0 0 0 0 0 0 0 0 0 0 0 0 0 0 0 0 0 0 0 0 0 0 0 0 0 0 0 0 0 0 65 0 0 0 57 183 2 0 1 0 0 0 0 0 0 0 0 0 0 0 2 0 0 0 0 0 3 0 2 0 0 0 16 0 0 0 255 255 255 255 2 0 1 0 0 0 0 0 data 2 0x10002 0x56e7 oops 0
ciMethodData java/util/AbstractMap <init> ()V 2 28003 orig 264 88 115 66 83 0 0 0 0 56 35 26 23 0 0 0 0 48 1 0 0 0 0 0 0 0 0 0 0 0 0 0 0 0 0 0 0 0 0 0 0 0 0 0 0 0 0 0 0 0 0 0 0 0 0 0 0 0 0 0 0 0 0 0 0 0 0 0 0 0 0 0 0 0 0 0 0 0 0 0 0 77 68 79 32 101 120 116 114 97 32 100 97 116 97 32 108 111 99 107 0 0 0 0 0 0 0 0 0 0 0 0 0 0 0 0 0 0 0 0 0 0 0 0 0 0 0 0 0 0 0 0 0 0 0 0 0 0 0 0 0 0 0 0 0 0 0 0 0 0 0 0 0 0 0 0 0 0 0 0 0 0 0 0 0 0 0 0 0 0 0 0 0 0 0 0 0 0 0 0 0 0 0 0 0 0 0 0 0 0 0 0 0 0 0 0 0 0 0 0 0 0 0 0 0 0 0 0 0 0 0 0 0 0 0 0 0 244 0 0 0 121 99 3 0 1 0 0 0 0 0 0 0 0 0 0 0 2 0 0 0 0 0 3 0 2 0 0 0 16 0 0 0 255 255 255 255 2 0 1 0 0 0 0 0 data 2 0x10002 0x6c6f oops 0
ciMethodData java/util/ArrayList <init> ()V 2 13428 orig 264 88 115 66 83 0 0 0 0 0 59 25 23 0 0 0 0 48 1 0 0 0 0 0 0 0 0 0 0 0 0 0 0 0 0 0 0 0 0 0 0 0 0 0 0 0 0 0 0 0 0 0 0 0 0 0 0 0 0 0 0 0 0 0 0 0 0 0 0 0 0 0 0 0 0 0 0 0 0 0 0 77 68 79 32 101 120 116 114 97 32 100 97 116 97 32 108 111 99 107 0 0 0 0 0 0 0 0 0 0 0 0 0 0 0 0 0 0 0 0 0 0 0 0 0 0 0 0 0 0 0 0 0 0 0 0 0 0 0 0 0 0 0 0 0 0 0 0 0 0 0 0 0 0 0 0 0 0 0 0 0 0 0 0 0 0 0 0 0 0 0 0 0 0 0 0 0 0 0 0 0 0 0 0 0 0 0 0 0 0 0 0 0 0 0 0 0 0 0 0 0 0 0 0 0 0 0 0 0 0 0 0 0 0 0 0 0 71 0 0 0 105 161 1 0 1 0 0 0 0 0 0 0 0 0 0 0 2 0 0 0 0 0 3 0 2 0 0 0 16 0 0 0 255 255 255 255 2 0 1 0 0 0 0 0 data 2 0x10002 0x342d oops 0
ciMethod groovy/lang/GroovyClassLoader getResourceLoader ()Lgroovy/lang/GroovyResourceLoader; 1025 1 128 0 0
ciMethod groovy/lang/GroovyClassLoader loadClass (Ljava/lang/String;ZZ)Ljava/lang/Class; 2049 1 1999 2090 0
ciMethod groovy/lang/GroovyClassLoader getClassCacheEntry (Ljava/lang/String;)Ljava/lang/Class; 2049 1 6629 0 -1
ciMethod groovy/lang/GroovyClassLoader setClassCacheEntry (Ljava/lang/Class;)V 17 1 30 0 -1
ciMethod groovy/lang/GroovyClassLoader removeClassCacheEntry (Ljava/lang/String;)V 177 1 1847 0 -1
ciMethod groovy/lang/GroovyClassLoader isRecompilable (Ljava/lang/Class;)Z 2065 1 4782 0 -1
ciMethod groovy/lang/GroovyClassLoader loadClass (Ljava/lang/String;ZZZ)Ljava/lang/Class; 2065 1 4782 3937 -1
ciMethod groovy/lang/GroovyClassLoader recompile (Ljava/net/URL;Ljava/lang/String;Ljava/lang/Class;)Ljava/lang/Class; 177 1 1847 0 -1
ciMethod org/codehaus/groovy/ast/ClassNode redirect ()Lorg/codehaus/groovy/ast/ClassNode; 2097 1 152058 0 96
ciMethod org/codehaus/groovy/ast/ClassNode setRedirect (Lorg/codehaus/groovy/ast/ClassNode;)V 2081 1 1527 0 0
ciMethod org/codehaus/groovy/ast/ClassNode makeArray ()Lorg/codehaus/groovy/ast/ClassNode; 25 1 158 0 -1
ciMethod org/codehaus/groovy/ast/ClassNode isPrimaryClassNode ()Z 2177 1 6489 0 0
ciMethod org/codehaus/groovy/ast/ClassNode <init> (Ljava/lang/String;ILorg/codehaus/groovy/ast/ClassNode;)V 3097 1 8756 0 0
ciMethod org/codehaus/groovy/ast/ClassNode <init> (Ljava/lang/String;ILorg/codehaus/groovy/ast/ClassNode;[Lorg/codehaus/groovy/ast/ClassNode;[Lorg/codehaus/groovy/ast/MixinNode;)V 2057 1 5587 0 832
ciMethod org/codehaus/groovy/ast/ClassNode getAllInterfaces ()Ljava/util/Set; 4097 1 7524 0 -1
ciMethod org/codehaus/groovy/ast/ClassNode getName ()Ljava/lang/String; 2505 1 6010 0 160
ciMethod org/codehaus/groovy/ast/ClassNode setName (Ljava/lang/String;)Ljava/lang/String; 2049 1 871 0 0
ciMethod org/codehaus/groovy/ast/ClassNode getModifiers ()I 2057 1 20213 0 -1
ciMethod org/codehaus/groovy/ast/ClassNode getModule ()Lorg/codehaus/groovy/ast/ModuleNode; 2049 1 10706 0 0
ciMethod org/codehaus/groovy/ast/ClassNode getOuterClass ()Lorg/codehaus/groovy/ast/ClassNode; 1625 1 203 0 -1
ciMethod org/codehaus/groovy/ast/ClassNode getSuperClass ()Lorg/codehaus/groovy/ast/ClassNode; 2049 1 10514 0 -1
ciMethod org/codehaus/groovy/ast/ClassNode getCompileUnit ()Lorg/codehaus/groovy/ast/CompileUnit; 2521 1 5449 0 -1
ciMethod org/codehaus/groovy/ast/ClassNode getNameWithoutPackage ()Ljava/lang/String; 2257 1 5630 0 0
ciMethod org/codehaus/groovy/ast/ClassNode isResolved ()Z 1369 1 8865 0 0
ciMethod org/codehaus/groovy/ast/ClassNode isArray ()Z 2057 1 9047 0 0
ciMethod org/codehaus/groovy/ast/ClassNode getComponentType ()Lorg/codehaus/groovy/ast/ClassNode; 1033 1 129 0 -1
ciMethod org/codehaus/groovy/ast/ClassNode hasPackageName ()Z 3849 1 4748 0 0
ciMethod org/codehaus/groovy/ast/ClassNode getGenericsTypes ()[Lorg/codehaus/groovy/ast/GenericsType; 1033 1 129 0 0
ciMethod org/codehaus/groovy/ast/ClassNode setGenericsTypes ([Lorg/codehaus/groovy/ast/GenericsType;)V 569 1 346 0 -1
ciMethod org/codehaus/groovy/ast/ClassNode setGenericsPlaceHolder (Z)V 217 1 150 0 -1
ciMethod org/codehaus/groovy/ast/ClassNode isUsingGenerics ()Z 1145 1 143 0 0
ciMethod org/codehaus/groovy/ast/ClassNode setUsingGenerics (Z)V 0 0 2 0 0
ciMethod org/codehaus/groovy/ast/AnnotatedNode <init> ()V 3073 1 23685 0 0
ciMethod org/codehaus/groovy/ast/ASTNode <init> ()V 2521 1 17646 0 64
ciMethod org/codehaus/groovy/ast/PackageNode getName ()Ljava/lang/String; 0 0 1 0 -1
ciMethodData java/lang/StringBuffer <init> ()V 2 7735 orig 264 88 115 66 83 0 0 0 0 0 36 19 23 0 0 0 0 48 1 0 0 0 0 0 0 0 0 0 0 0 0 0 0 0 0 0 0 0 0 0 0 0 0 0 0 0 0 0 0 0 0 0 0 0 0 0 0 0 0 0 0 0 0 0 0 0 0 0 0 0 0 0 0 0 0 0 0 0 0 0 0 77 68 79 32 101 120 116 114 97 32 100 97 116 97 32 108 111 99 107 0 0 0 0 0 0 0 0 0 0 0 0 0 0 0 0 0 0 0 0 0 0 0 0 0 0 0 0 0 0 0 0 0 0 0 0 0 0 0 0 0 0 0 0 0 0 0 0 0 0 0 0 0 0 0 0 0 0 0 0 0 0 0 0 0 0 0 0 0 0 0 0 0 0 0 0 0 0 0 0 0 0 0 0 0 0 0 0 0 0 0 0 0 0 0 0 0 0 0 0 0 0 0 0 0 0 0 0 0 0 0 0 0 0 0 0 0 30 1 0 0 201 232 0 0 1 0 0 0 0 0 0 0 0 0 0 0 2 0 0 0 0 0 3 0 2 0 0 0 16 0 0 0 255 255 255 255 2 0 3 0 0 0 0 0 data 2 0x30002 0x1d19 oops 0
ciMethod groovy/lang/GroovyResourceLoader loadGroovySource (Ljava/lang/String;)Ljava/net/URL; 0 0 1 0 -1
ciMethod groovy/lang/GroovyClassLoader$1 loadGroovySource (Ljava/lang/String;)Ljava/net/URL; 265 1 2004 0 0
ciMethodData java/util/HashMap afterNodeAccess (Ljava/util/HashMap$Node;)V 2 1312 orig 264 88 115 66 83 0 0 0 0 136 252 26 23 0 0 0 0 40 1 0 0 0 0 0 0 0 0 0 0 0 0 0 0 0 0 0 0 0 0 0 0 0 0 0 0 0 0 0 0 0 0 0 0 0 0 0 0 0 0 0 0 0 0 0 0 0 0 0 0 0 0 0 0 0 0 0 0 0 0 0 0 77 68 79 32 101 120 116 114 97 32 100 97 116 97 32 108 111 99 107 0 0 0 0 0 0 0 0 0 0 0 0 0 0 0 0 0 0 0 0 0 0 0 0 0 0 0 0 0 0 0 0 0 0 0 0 0 0 0 0 0 0 0 0 0 0 0 0 0 0 0 0 0 0 0 0 0 0 0 0 0 0 0 0 0 0 0 0 0 0 0 0 0 0 0 0 0 0 0 0 0 0 0 0 0 0 0 0 0 0 0 0 0 0 0 0 0 0 0 0 0 0 0 0 0 0 0 0 0 0 0 0 0 0 0 0 0 0 1 0 0 1 33 0 0 1 0 0 0 0 0 0 0 0 0 0 0 2 0 0 0 0 0 3 0 1 0 0 0 0 0 0 0 255 255 255 255 0 0 0 0 0 0 0 0 data 0 oops 0
ciMethod org/codehaus/groovy/control/CompilationUnit addSource (Ljava/net/URL;)Lorg/codehaus/groovy/control/SourceUnit; 0 0 1 0 -1
ciMethod org/codehaus/groovy/control/ProcessingUnit getClassLoader ()Lgroovy/lang/GroovyClassLoader; 1025 1 128 0 0
ciMethod org/codehaus/groovy/ast/CompileUnit getClass (Ljava/lang/String;)Lorg/codehaus/groovy/ast/ClassNode; 2081 1 5527 0 -1
ciMethod org/codehaus/groovy/ast/CompileUnit addClassNodeToCompile (Lorg/codehaus/groovy/ast/ClassNode;Lorg/codehaus/groovy/control/SourceUnit;)V 0 0 1 0 -1
ciMethod org/codehaus/groovy/ast/ClassHelper make (Ljava/lang/Class;)Lorg/codehaus/groovy/ast/ClassNode; 2121 1 4824 0 -1
ciMethod org/codehaus/groovy/ast/ClassNode$MapOfLists <init> ()V 2057 1 6405 0 0
ciMethod org/codehaus/groovy/ast/ClassNode$MapOfLists <init> (Lorg/codehaus/groovy/ast/ClassNode$1;)V 2057 1 6405 0 192
ciMethod org/codehaus/groovy/ast/GenericsType getType ()Lorg/codehaus/groovy/ast/ClassNode; 0 0 1 0 -1
ciMethod org/codehaus/groovy/ast/GenericsType getUpperBounds ()[Lorg/codehaus/groovy/ast/ClassNode; 0 0 1 0 -1
ciMethod org/codehaus/groovy/ast/GenericsType setPlaceholder (Z)V 193 1 24 0 -1
ciMethod org/codehaus/groovy/ast/GenericsType isResolved ()Z 33 1 4 0 -1
ciMethod org/codehaus/groovy/ast/GenericsType setResolved (Z)V 0 0 1 0 -1
ciMethod org/codehaus/groovy/ast/GenericsType isWildcard ()Z 0 0 1 0 -1
ciMethod org/codehaus/groovy/ast/GenericsType getLowerBound ()Lorg/codehaus/groovy/ast/ClassNode; 0 0 1 0 -1
ciMethod org/codehaus/groovy/control/ResolveVisitor resolveOrFail (Lorg/codehaus/groovy/ast/ClassNode;Lorg/codehaus/groovy/ast/ASTNode;)V 1489 1 2699 0 -1
ciMethod org/codehaus/groovy/control/ResolveVisitor resolve (Lorg/codehaus/groovy/ast/ClassNode;ZZZ)Z 2161 1 8441 0 0
ciMethod org/codehaus/groovy/control/ResolveVisitor resolveNestedClass (Lorg/codehaus/groovy/ast/ClassNode;)Z 2257 7881 5178 0 -1
ciMethod org/codehaus/groovy/control/ResolveVisitor replaceLastPoint (Ljava/lang/String;)Ljava/lang/String; 929 1 438 0 0
ciMethod org/codehaus/groovy/control/ResolveVisitor resolveFromStaticInnerClasses (Lorg/codehaus/groovy/ast/ClassNode;Z)Z 2249 1 5401 0 0
ciMethod org/codehaus/groovy/control/ResolveVisitor resolveFromDefaultImports (Lorg/codehaus/groovy/ast/ClassNode;Z)Z 2249 529 5416 0 0
ciMethod org/codehaus/groovy/control/ResolveVisitor resolveFromCompileUnit (Lorg/codehaus/groovy/ast/ClassNode;)Z 2081 1 5527 0 4000
ciMethod org/codehaus/groovy/control/ResolveVisitor ambiguousClass (Lorg/codehaus/groovy/ast/ClassNode;Lorg/codehaus/groovy/ast/ClassNode;Ljava/lang/String;)V 0 0 1 0 -1
ciMethod org/codehaus/groovy/control/ResolveVisitor resolveAliasFromModule (Lorg/codehaus/groovy/ast/ClassNode;)Z 137 273 432 0 -1
ciMethod org/codehaus/groovy/control/ResolveVisitor resolveFromModule (Lorg/codehaus/groovy/ast/ClassNode;Z)Z 2249 1121 5582 0 -1
ciMethod org/codehaus/groovy/control/ResolveVisitor resolveToOuter (Lorg/codehaus/groovy/ast/ClassNode;)Z 2249 1 5397 0 0
ciMethod org/codehaus/groovy/control/ResolveVisitor resolveGenericsTypes ([Lorg/codehaus/groovy/ast/GenericsType;)Z 2049 1 7495 0 320
ciMethod org/codehaus/groovy/control/ResolveVisitor resolveGenericsType (Lorg/codehaus/groovy/ast/GenericsType;)Z 0 0 4 0 0
ciMethod org/codehaus/groovy/ast/ImportNode getPackageName ()Ljava/lang/String; 0 0 1 0 -1
ciMethod org/codehaus/groovy/ast/ImportNode getFieldName ()Ljava/lang/String; 729 1 91 0 -1
ciMethod org/codehaus/groovy/ast/ImportNode getType ()Lorg/codehaus/groovy/ast/ClassNode; 1033 1 129 0 -1
ciMethod org/codehaus/groovy/control/ResolveVisitor$ConstructedClassWithPackage <init> (Ljava/lang/String;Ljava/lang/String;)V 993 1 2047 0 0
ciMethod org/codehaus/groovy/control/ResolveVisitor$ConstructedClassWithPackage getName ()Ljava/lang/String; 2081 1 5408 0 608
ciMethod org/codehaus/groovy/control/ResolveVisitor$ConstructedClassWithPackage hasPackageName ()Z 3073 1 5511 0 640
ciMethod org/codehaus/groovy/control/ResolveVisitor$ConstructedNestedClass <init> (Lorg/codehaus/groovy/ast/ClassNode;Ljava/lang/String;)V 3161 1 5758 0 -1
ciMethod org/codehaus/groovy/control/ClassNodeResolver resolveName (Ljava/lang/String;Lorg/codehaus/groovy/control/CompilationUnit;)Lorg/codehaus/groovy/control/ClassNodeResolver$LookupResult; 4097 1 5377 0 0
ciMethod org/codehaus/groovy/control/ClassNodeResolver cacheClass (Ljava/lang/String;Lorg/codehaus/groovy/ast/ClassNode;)V 2057 1 2192 0 0
ciMethod org/codehaus/groovy/control/ClassNodeResolver getFromClassCache (Ljava/lang/String;)Lorg/codehaus/groovy/ast/ClassNode; 4097 1 5377 0 0
ciMethod org/codehaus/groovy/control/ClassNodeResolver findClassNode (Ljava/lang/String;Lorg/codehaus/groovy/control/CompilationUnit;)Lorg/codehaus/groovy/control/ClassNodeResolver$LookupResult; 2049 1 1998 0 0
ciMethod org/codehaus/groovy/control/ClassNodeResolver tryAsLoaderClassOrScript (Ljava/lang/String;Lorg/codehaus/groovy/control/CompilationUnit;)Lorg/codehaus/groovy/control/ClassNodeResolver$LookupResult; 2049 1 1999 0 0
ciMethod org/codehaus/groovy/control/ClassNodeResolver tryAsScript (Ljava/lang/String;Lorg/codehaus/groovy/control/CompilationUnit;Ljava/lang/Class;)Lorg/codehaus/groovy/control/ClassNodeResolver$LookupResult; 2041 1 2162 0 0
ciMethod org/codehaus/groovy/control/ClassNodeResolver isSourceNewer (Ljava/net/URL;Ljava/lang/Class;)Z 0 0 1 0 -1
ciMethodData java/util/Collections emptyList ()Ljava/util/List; 2 25433 orig 264 88 115 66 83 0 0 0 0 232 179 25 23 0 0 0 0 24 1 0 0 0 0 0 0 0 0 0 0 0 0 0 0 0 0 0 0 0 0 0 0 0 0 0 0 0 0 0 0 0 0 0 0 0 0 0 0 0 0 0 0 0 0 0 0 0 0 0 0 0 0 0 0 0 0 0 0 0 0 0 0 77 68 79 32 101 120 116 114 97 32 100 97 116 97 32 108 111 99 107 0 0 0 0 0 0 0 0 0 0 0 0 0 0 0 0 0 0 0 0 0 0 0 0 0 0 0 0 0 0 0 0 0 0 0 0 0 0 0 0 0 0 0 0 0 0 0 0 0 0 0 0 0 0 0 0 0 0 0 0 0 0 0 0 0 0 0 0 0 0 0 0 0 0 0 0 0 0 0 0 0 0 0 0 0 0 0 0 0 0 0 0 0 0 0 0 0 0 0 0 0 0 0 0 0 0 0 0 0 0 0 0 0 0 0 0 0 129 1 0 0 193 14 3 0 1 0 0 0 0 0 0 0 0 0 0 0 2 0 0 0 0 0 3 0 1 0 0 0 0 0 0 0 255 255 255 255 0 0 0 0 0 0 0 0 data 0 oops 0
ciMethod org/codehaus/groovy/ast/ModuleNode getClasses ()Ljava/util/List; 2601 1 3407 0 -1
ciMethod org/codehaus/groovy/ast/ModuleNode getStarImports ()Ljava/util/List; 1065 1 133 0 -1
ciMethod org/codehaus/groovy/ast/ModuleNode getPackageName ()Ljava/lang/String; 33 1 32 0 -1
ciMethod org/codehaus/groovy/ast/ModuleNode hasPackageName ()Z 2049 1 7846 0 0
ciMethod org/codehaus/groovy/ast/ModuleNode getStaticImports ()Ljava/util/Map; 1025 1 128 0 -1
ciMethod org/codehaus/groovy/ast/ModuleNode getStaticStarImports ()Ljava/util/Map; 1233 1 154 0 -1
ciMethodData org/codehaus/groovy/ast/ASTNode <init> ()V 2 17646 orig 264 88 115 66 83 0 0 0 0 0 156 86 23 0 0 0 0 48 1 0 0 0 0 0 0 0 0 0 0 0 0 0 0 0 0 0 0 0 0 0 0 0 0 0 0 0 0 0 0 0 0 0 0 0 0 0 0 0 0 0 0 0 0 0 0 0 0 0 0 0 0 0 0 0 0 0 0 0 0 0 0 77 68 79 32 101 120 116 114 97 32 100 97 116 97 32 108 111 99 107 0 0 0 0 0 0 0 0 0 0 0 0 0 0 0 0 0 0 0 0 0 0 0 0 0 0 0 0 0 0 0 0 0 0 0 0 0 0 0 0 0 0 0 0 0 0 0 0 0 0 0 0 0 0 0 0 0 0 0 0 0 0 0 0 0 0 0 0 0 0 0 0 0 0 0 0 0 0 0 0 0 0 0 0 0 0 0 0 0 0 0 0 0 0 0 0 0 0 0 0 0 0 0 0 0 0 0 0 0 0 0 0 0 0 0 0 0 59 1 0 0 153 29 2 0 1 0 0 0 0 0 0 0 0 0 0 0 2 0 0 0 0 0 3 0 2 0 0 0 16 0 0 0 255 255 255 255 2 0 1 0 0 0 0 0 data 2 0x10002 0x43b3 oops 0
ciMethodData org/codehaus/groovy/ast/ClassNode redirect ()Lorg/codehaus/groovy/ast/ClassNode; 2 152058 orig 264 88 115 66 83 0 0 0 0 232 8 86 23 0 0 0 0 152 1 0 0 0 0 0 0 0 0 0 0 0 0 0 0 0 0 0 0 0 0 0 0 0 0 0 0 0 0 0 0 0 0 0 0 0 0 0 0 0 0 0 0 0 0 0 0 0 0 0 0 0 0 0 0 0 0 0 0 0 0 0 0 77 68 79 32 101 120 116 114 97 32 100 97 116 97 32 108 111 99 107 0 0 0 0 0 0 0 0 0 0 0 0 0 0 0 0 0 0 0 0 0 0 0 0 0 0 0 0 0 0 0 0 0 0 0 0 0 0 0 0 0 0 0 0 0 0 0 0 0 0 0 0 0 0 0 0 0 0 0 0 0 0 0 0 0 0 0 0 0 0 0 0 0 0 0 0 0 0 0 0 0 0 0 0 0 0 0 0 0 0 0 0 0 0 0 0 0 0 0 0 0 0 0 0 0 0 0 0 0 0 0 0 0 0 0 0 0 6 1 0 0 161 135 18 0 1 0 0 0 0 0 0 0 0 0 0 0 2 0 0 0 0 0 8 0 2 0 0 0 80 0 0 0 255 255 255 255 7 0 4 0 0 0 0 0 data 10 0x40007 0x49c8 0x20 0x2072c 0xd0005 0x0 0x1be026a0 0x49c8 0x0 0x0 oops 1 6 org/codehaus/groovy/ast/ClassNode
ciMethodData org/codehaus/groovy/ast/ClassNode getName ()Ljava/lang/String; 2 6010 orig 264 88 115 66 83 0 0 0 0 160 32 86 23 0 0 0 0 120 1 0 0 0 0 0 0 0 0 0 0 0 0 0 0 0 0 0 0 0 0 0 0 0 0 0 0 0 0 0 0 0 0 0 0 0 0 0 0 0 0 0 0 0 0 0 0 0 0 0 0 0 0 0 0 0 0 0 0 0 0 0 0 77 68 79 32 101 120 116 114 97 32 100 97 116 97 32 108 111 99 107 0 0 0 0 0 0 0 0 0 0 0 0 0 0 0 0 0 0 0 0 0 0 0 0 0 0 0 0 0 0 0 0 0 0 0 0 0 0 0 0 0 0 0 0 0 0 0 0 0 0 0 0 0 0 0 0 0 0 0 0 0 0 0 0 0 0 0 0 0 0 0 0 0 0 0 0 0 0 0 0 0 0 0 0 0 0 0 0 0 0 0 0 0 0 0 0 0 0 0 0 0 0 0 0 0 0 0 0 0 0 0 0 0 0 0 0 0 57 1 0 0 9 178 0 0 1 0 0 0 0 0 0 0 0 0 0 0 2 0 0 0 0 0 9 0 2 0 0 0 48 0 0 0 255 255 255 255 5 0 1 0 0 0 0 0 data 6 0x10005 0x0 0x1be026a0 0x115c 0x1be02c10 0x4e5 oops 2 2 org/codehaus/groovy/ast/ClassNode 4 org/codehaus/groovy/control/ResolveVisitor$ConstructedNestedClass
ciMethodData org/codehaus/groovy/ast/AnnotatedNode <init> ()V 2 23685 orig 264 88 115 66 83 0 0 0 0 120 140 86 23 0 0 0 0 104 1 0 0 0 0 0 0 0 0 0 0 0 0 0 0 0 0 0 0 0 0 0 0 0 0 0 0 0 0 0 0 0 0 0 0 0 0 0 0 0 0 0 0 0 0 0 0 0 0 0 0 0 0 0 0 0 0 0 0 0 0 0 0 77 68 79 32 101 120 116 114 97 32 100 97 116 97 32 108 111 99 107 0 0 0 0 0 0 0 0 0 0 0 0 0 0 0 0 0 0 0 0 0 0 0 0 0 0 0 0 0 0 0 0 0 0 0 0 0 0 0 0 0 0 0 0 0 0 0 0 0 0 0 0 0 0 0 0 0 0 0 0 0 0 0 0 0 0 0 0 0 0 0 0 0 0 0 0 0 0 0 0 0 0 0 0 0 0 0 0 0 0 0 0 0 0 0 0 0 0 0 0 0 0 0 0 0 0 0 0 0 0 0 0 0 0 0 0 0 128 1 0 0 41 216 2 0 1 0 0 0 0 0 0 0 0 0 0 0 2 0 0 0 0 0 3 0 2 0 0 0 32 0 0 0 255 255 255 255 2 0 1 0 0 0 0 0 data 4 0x10002 0x5b05 0x50002 0x5b05 oops 0
ciMethod org/codehaus/groovy/control/ClassNodeResolver$LookupResult <init> (Lorg/codehaus/groovy/control/SourceUnit;Lorg/codehaus/groovy/ast/ClassNode;)V 129 1 112 0 0
ciMethod org/codehaus/groovy/control/ClassNodeResolver$LookupResult isClassNode ()Z 121 1 72 0 0
ciMethod org/codehaus/groovy/control/ClassNodeResolver$LookupResult isSourceUnit ()Z 169 1 112 0 0
ciMethod org/codehaus/groovy/control/ClassNodeResolver$LookupResult getSourceUnit ()Lorg/codehaus/groovy/control/SourceUnit; 0 0 1 0 -1
ciMethod org/codehaus/groovy/control/ClassNodeResolver$LookupResult getClassNode ()Lorg/codehaus/groovy/ast/ClassNode; 289 1 36 0 0
ciMethod groovy/lang/GroovyClassLoader$1$1 <init> (Lgroovy/lang/GroovyClassLoader$1;Ljava/lang/String;)V 265 1 2004 0 0
ciMethodData org/codehaus/groovy/ast/ClassNode <init> (Ljava/lang/String;ILorg/codehaus/groovy/ast/ClassNode;[Lorg/codehaus/groovy/ast/ClassNode;[Lorg/codehaus/groovy/ast/MixinNode;)V 2 5587 orig 264 88 115 66 83 0 0 0 0 80 21 86 23 0 0 0 0 56 3 0 0 144 0 0 0 0 0 0 0 0 0 0 0 0 0 0 0 0 0 0 0 0 0 0 0 0 0 0 0 0 0 0 0 0 0 0 0 0 0 0 0 0 0 0 0 0 0 0 0 0 0 0 0 0 0 0 0 0 0 0 0 77 68 79 32 101 120 116 114 97 32 100 97 116 97 32 108 111 99 107 0 0 0 0 0 0 0 0 0 0 0 0 0 0 0 0 0 0 0 0 0 0 0 0 0 0 0 0 0 0 0 0 0 0 0 0 0 0 0 0 0 0 0 0 0 0 0 0 0 0 0 0 0 0 0 0 0 0 0 0 0 0 0 0 0 0 0 0 0 0 0 0 0 0 0 0 0 0 0 0 0 0 0 0 0 0 0 0 0 0 0 0 0 0 0 0 0 0 0 0 0 0 0 0 0 0 0 0 0 0 0 0 0 0 0 0 0 1 1 0 0 145 166 0 0 1 0 0 0 0 0 0 0 0 0 0 0 2 0 0 0 1 0 22 0 2 0 0 0 200 1 0 0 255 255 255 255 2 0 1 0 0 0 0 0 data 57 0x10002 0x14d2 0x130002 0x14d2 0x580007 0x168 0x50 0x136a 0x5d0005 0x0 0x1be026a0 0x136a 0x0 0x0 0x670007 0x0 0x138 0x14d2 0x6c0007 0x168 0x118 0x136a 0x7f0007 0x136a 0xf8 0x0 0x8e0007 0x0 0x70 0x0 0x930005 0x0 0x0 0x0 0x0 0x0 0x960007 0x0 0x38 0x0 0x9a0003 0x0 0x18 0xa50007 0x0 0x38 0x0 0xa80003 0x0 0x30 0xae0003 0x0 0xffffffffffffff20 0xb70002 0x14d2 0xc20002 0x14d2 oops 1 10 org/codehaus/groovy/ast/ClassNode
ciMethodData org/codehaus/groovy/ast/ClassNode$MapOfLists <init> (Lorg/codehaus/groovy/ast/ClassNode$1;)V 2 6405 orig 264 88 115 66 83 0 0 0 0 192 171 131 23 0 0 0 0 56 1 0 0 0 0 0 0 0 0 0 0 0 0 0 0 0 0 0 0 0 0 0 0 0 0 0 0 0 0 0 0 0 0 0 0 0 0 0 0 0 0 0 0 0 0 0 0 0 0 0 0 0 0 0 0 0 0 0 0 0 0 0 0 77 68 79 32 101 120 116 114 97 32 100 97 116 97 32 108 111 99 107 0 0 0 0 0 0 0 0 0 0 0 0 0 0 0 0 0 0 0 0 0 0 0 0 0 0 0 0 0 0 0 0 0 0 0 0 0 0 0 0 0 0 0 0 0 0 0 0 0 0 0 0 0 0 0 0 0 0 0 0 0 0 0 0 0 0 0 0 0 0 0 0 0 0 0 0 0 0 0 0 0 0 0 0 0 0 0 0 0 0 0 0 0 0 0 0 0 0 0 0 0 0 0 0 0 0 0 0 0 0 0 0 0 0 0 0 0 1 1 0 0 33 192 0 0 1 0 0 0 0 0 0 0 0 0 0 0 2 0 0 0 0 0 3 0 2 0 0 0 16 0 0 0 255 255 255 255 2 0 1 0 0 0 0 0 data 2 0x10002 0x1804 oops 0
ciMethodData org/codehaus/groovy/ast/ClassNode$MapOfLists <init> ()V 2 6405 orig 264 88 115 66 83 0 0 0 0 152 167 131 23 0 0 0 0 64 1 0 0 0 0 0 0 0 0 0 0 0 0 0 0 0 0 0 0 0 0 0 0 0 0 0 0 0 0 0 0 0 0 0 0 0 0 0 0 0 0 0 0 0 0 0 0 0 0 0 0 0 0 0 0 0 0 0 0 0 0 0 0 77 68 79 32 101 120 116 114 97 32 100 97 116 97 32 108 111 99 107 0 0 0 0 0 0 0 0 0 0 0 0 0 0 0 0 0 0 0 0 0 0 0 0 0 0 0 0 0 0 0 0 0 0 0 0 0 0 0 0 0 0 0 0 0 0 0 0 0 0 0 0 0 0 0 0 0 0 0 0 0 0 0 0 0 0 0 0 0 0 0 0 0 0 0 0 0 0 0 0 0 0 0 0 0 0 0 0 0 0 0 0 0 0 0 0 0 0 0 0 0 0 0 0 0 0 0 0 0 0 0 0 0 0 0 0 0 1 1 0 0 33 192 0 0 1 0 0 0 0 0 0 0 0 0 0 0 2 0 0 0 0 0 0 0 0 0 0 0 32 0 0 0 255 255 255 255 2 0 1 0 0 0 0 0 data 4 0x10002 0x1804 0x90002 0x1804 oops 0
ciMethodData org/codehaus/groovy/control/ResolveVisitor$ConstructedClassWithPackage getName ()Ljava/lang/String; 2 5408 orig 264 88 115 66 83 0 0 0 0 200 158 133 23 0 0 0 0 72 2 0 0 80 0 0 0 0 0 0 0 0 0 0 0 0 0 0 0 0 0 0 0 0 0 0 0 0 0 0 0 0 0 0 0 0 0 0 0 0 0 0 0 0 0 0 0 0 0 0 0 0 0 0 0 0 0 0 0 0 0 0 0 77 68 79 32 101 120 116 114 97 32 100 97 116 97 32 108 111 99 107 0 0 0 0 0 0 0 0 0 0 0 0 0 0 0 0 0 0 0 0 0 0 0 0 0 0 0 0 0 0 0 0 0 0 0 0 0 0 0 0 0 0 0 0 0 0 0 0 0 0 0 0 0 0 0 0 0 0 0 0 0 0 0 0 0 0 0 0 0 0 0 0 0 0 0 0 0 0 0 0 0 0 0 0 0 0 0 0 0 0 0 0 0 0 0 0 0 0 0 0 0 0 0 0 0 0 0 0 0 0 0 0 0 0 0 0 0 4 1 0 0 225 160 0 0 1 0 0 0 0 0 0 0 0 0 0 0 2 0 0 0 0 0 18 0 2 0 0 0 0 1 0 0 255 255 255 255 5 0 1 0 0 0 0 0 data 32 0x10005 0x0 0x1be02cc0 0x141c 0x0 0x0 0x50007 0x141c 0x30 0x0 0x90002 0x0 0x110002 0x141c 0x180005 0x4 0x282a770 0x1418 0x0 0x0 0x1f0005 0x4 0x282a770 0x1418 0x0 0x0 0x220005 0x4 0x282a770 0x1418 0x0 0x0 oops 4 2 org/codehaus/groovy/control/ResolveVisitor$ConstructedClassWithPackage 16 java/lang/StringBuilder 22 java/lang/StringBuilder 28 java/lang/StringBuilder
ciMethodData org/codehaus/groovy/ast/ClassNode <init> (Ljava/lang/String;ILorg/codehaus/groovy/ast/ClassNode;)V 2 8756 orig 264 88 115 66 83 0 0 0 0 88 19 86 23 0 0 0 0 72 1 0 0 0 0 0 0 0 0 0 0 0 0 0 0 0 0 0 0 0 0 0 0 0 0 0 0 0 0 0 0 0 0 0 0 0 0 0 0 0 0 0 0 0 0 0 0 0 0 0 0 0 0 0 0 0 0 0 0 0 0 0 0 77 68 79 32 101 120 116 114 97 32 100 97 116 97 32 108 111 99 107 0 0 0 0 0 0 0 0 0 0 0 0 0 0 0 0 0 0 0 0 0 0 0 0 0 0 0 0 0 0 0 0 0 0 0 0 0 0 0 0 0 0 0 0 0 0 0 0 0 0 0 0 0 0 0 0 0 0 0 0 0 0 0 0 0 0 0 0 0 0 0 0 0 0 0 0 0 0 0 0 0 0 0 0 0 0 0 0 0 0 0 0 0 0 0 0 0 0 0 0 0 0 0 0 0 0 0 0 0 0 0 0 0 0 0 0 0 131 1 0 0 137 5 1 0 1 0 0 0 0 0 0 0 0 0 0 0 2 0 0 0 0 0 3 0 2 0 0 0 16 0 0 0 255 255 255 255 2 0 10 0 0 0 0 0 data 2 0xa0002 0x20b1 oops 0
ciMethodData org/codehaus/groovy/ast/ClassNode getModule ()Lorg/codehaus/groovy/ast/ModuleNode; 2 10715 orig 264 88 115 66 83 0 0 0 0 160 39 86 23 0 0 0 0 120 1 0 0 0 0 0 0 0 0 0 0 0 0 0 0 0 0 0 0 0 0 0 0 0 0 0 0 0 0 0 0 0 0 0 0 0 0 0 0 0 0 0 0 0 0 0 0 0 0 0 0 0 0 0 0 0 0 0 0 0 0 0 0 77 68 79 32 101 120 116 114 97 32 100 97 116 97 32 108 111 99 107 0 0 0 0 0 0 0 0 0 0 0 0 0 0 0 0 0 0 0 0 0 0 0 0 0 0 0 0 0 0 0 0 0 0 0 0 0 0 0 0 0 0 0 0 0 0 0 0 0 0 0 0 0 0 0 0 0 0 0 0 0 0 0 0 0 0 0 0 0 0 0 0 0 0 0 0 0 0 0 0 0 0 0 0 0 0 0 0 0 0 0 0 0 0 0 0 0 0 0 0 0 0 0 0 0 0 0 0 0 0 0 0 0 0 0 0 0 0 1 0 0 217 70 1 0 1 0 0 0 0 0 0 0 0 0 0 0 2 0 0 0 0 0 9 0 2 0 0 0 48 0 0 0 255 255 255 255 5 0 1 0 0 0 0 0 data 6 0x10005 0x0 0x1be026a0 0x28db 0x0 0x0 oops 1 2 org/codehaus/groovy/ast/ClassNode
ciMethodData org/codehaus/groovy/ast/ClassNode isResolved ()Z 2 8865 orig 264 88 115 66 83 0 0 0 0 224 112 86 23 0 0 0 0 32 2 0 0 160 0 0 0 0 0 0 0 0 0 0 0 0 0 0 0 0 0 0 0 0 0 0 0 0 0 0 0 0 0 0 0 0 0 0 0 0 0 0 0 0 0 0 0 0 0 0 0 0 0 0 0 0 0 0 0 0 0 0 0 77 68 79 32 101 120 116 114 97 32 100 97 116 97 32 108 111 99 107 0 0 0 0 0 0 0 0 0 0 0 0 0 0 0 0 0 0 0 0 0 0 0 0 0 0 0 0 0 0 0 0 0 0 0 0 0 0 0 0 0 0 0 0 0 0 0 0 0 0 0 0 0 0 0 0 0 0 0 0 0 0 0 0 0 0 0 0 0 0 0 0 0 0 0 0 0 0 0 0 0 0 0 0 0 0 0 0 0 0 0 0 0 0 0 0 0 0 0 0 0 0 0 0 0 0 0 0 0 0 0 0 0 0 0 0 0 171 0 0 0 177 15 1 0 1 0 0 0 0 0 0 0 0 0 0 0 2 0 0 0 0 0 34 0 2 0 0 0 216 0 0 0 255 255 255 255 5 0 1 0 0 0 0 0 data 27 0x10005 0x1007 0x1be02cc0 0x7d6 0x1be02c10 0xa19 0x70007 0xb3e 0x90 0x16b8 0xe0007 0x16b8 0x88 0x0 0x150005 0x0 0x0 0x0 0x0 0x0 0x180007 0x0 0x38 0x0 0x1c0003 0xb3e 0x18 oops 2 2 org/codehaus/groovy/control/ResolveVisitor$ConstructedClassWithPackage 4 org/codehaus/groovy/control/ResolveVisitor$ConstructedNestedClass
ciMethodData org/codehaus/groovy/ast/ClassNode isArray ()Z 2 9048 orig 264 88 115 66 83 0 0 0 0 160 113 86 23 0 0 0 0 88 1 0 0 0 0 0 0 0 0 0 0 0 0 0 0 0 0 0 0 0 0 0 0 0 0 0 0 0 0 0 0 0 0 0 0 0 0 0 0 0 0 0 0 0 0 0 0 0 0 0 0 0 0 0 0 0 0 0 0 0 0 0 0 77 68 79 32 101 120 116 114 97 32 100 97 116 97 32 108 111 99 107 0 0 0 0 0 0 0 0 0 0 0 0 0 0 0 0 0 0 0 0 0 0 0 0 0 0 0 0 0 0 0 0 0 0 0 0 0 0 0 0 0 0 0 0 0 0 0 0 0 0 0 0 0 0 0 0 0 0 0 0 0 0 0 0 0 0 0 0 0 0 0 0 0 0 0 0 0 0 0 0 0 0 0 0 0 0 0 0 0 0 0 0 0 0 0 0 0 0 0 0 0 0 0 0 0 0 0 0 0 0 0 0 0 0 0 0 0 1 1 0 0 185 18 1 0 1 0 0 0 0 0 0 0 0 0 0 0 2 0 0 0 0 0 6 0 2 0 0 0 56 0 0 0 255 255 255 255 7 0 4 0 0 0 0 0 data 7 0x40007 0x2155 0x38 0x102 0x80003 0x102 0x18 oops 0
ciMethodData org/codehaus/groovy/ast/ModuleNode hasPackageName ()Z 2 7855 orig 264 88 115 66 83 0 0 0 0 216 158 201 29 0 0 0 0 208 1 0 0 0 0 0 0 0 0 0 0 0 0 0 0 0 0 0 0 0 0 0 0 0 0 0 0 0 0 0 0 0 0 0 0 0 0 0 0 0 0 0 0 0 0 0 0 0 0 0 0 0 0 0 0 0 0 0 0 0 0 0 0 77 68 79 32 101 120 116 114 97 32 100 97 116 97 32 108 111 99 107 0 0 0 0 0 0 0 0 0 0 0 0 0 0 0 0 0 0 0 0 0 0 0 0 0 0 0 0 0 0 0 0 0 0 0 0 0 0 0 0 0 0 0 0 0 0 0 0 0 0 0 0 0 0 0 0 0 0 0 0 0 0 0 0 0 0 0 0 0 0 0 0 0 0 0 0 0 0 0 0 0 0 0 0 0 0 0 0 0 0 0 0 0 0 0 0 0 0 0 0 0 0 0 0 0 0 0 0 0 0 0 0 0 0 0 0 0 0 1 0 0 121 237 0 0 1 0 0 0 0 0 0 0 0 0 0 0 2 0 0 0 0 0 9 0 2 0 0 0 136 0 0 0 255 255 255 255 7 0 4 0 0 0 0 0 data 17 0x40007 0x1daf 0x88 0x0 0xb0005 0x0 0x0 0x0 0x0 0x0 0xe0007 0x0 0x38 0x0 0x120003 0x0 0x18 oops 0
ciMethodData org/codehaus/groovy/control/ResolveVisitor resolveGenericsTypes ([Lorg/codehaus/groovy/ast/GenericsType;)Z 2 7495 orig 264 88 115 66 83 0 0 0 0 184 91 132 23 0 0 0 0 64 2 0 0 32 0 0 0 0 0 0 0 0 0 0 0 0 0 0 0 0 0 0 0 0 0 0 0 0 0 0 0 0 0 0 0 0 0 0 0 0 0 0 0 0 0 0 0 0 0 0 0 0 0 0 0 0 0 0 0 0 0 0 0 77 68 79 32 101 120 116 114 97 32 100 97 116 97 32 108 111 99 107 0 0 0 0 0 0 0 0 0 0 0 0 0 0 0 0 0 0 0 0 0 0 0 0 0 0 0 0 0 0 0 0 0 0 0 0 0 0 0 0 0 0 0 0 0 0 0 0 0 0 0 0 0 0 0 0 0 0 0 0 0 0 0 0 0 0 0 0 0 0 0 0 0 0 0 0 0 0 0 0 0 0 0 0 0 0 0 0 0 0 0 0 0 0 0 0 0 0 0 0 0 0 0 0 0 0 0 0 0 0 0 0 0 0 0 0 0 0 1 0 0 57 226 0 0 33 0 0 0 0 0 0 0 0 0 0 0 2 0 0 0 1 0 14 0 2 0 0 0 240 0 0 0 255 255 255 255 7 0 1 0 0 0 0 0 data 30 0x10007 0x2 0x20 0x1c45 0xb0005 0x0 0x1be026a0 0x2 0x0 0x0 0x1d0007 0x2 0xa0 0x4 0x290002 0x4 0x2c0007 0x0 0x58 0x4 0x300007 0x0 0x38 0x4 0x340003 0x4 0x18 0x3c0003 0x4 0xffffffffffffff78 oops 1 6 org/codehaus/groovy/ast/ClassNode
ciMethodData org/codehaus/groovy/ast/ClassNode setUsingGenerics (Z)V 1 2 orig 264 88 115 66 83 0 0 0 0 16 122 86 23 0 0 0 0 40 1 0 0 0 0 0 0 0 0 0 0 0 0 0 0 0 0 0 0 0 0 0 0 0 0 0 0 0 0 0 0 0 0 0 0 0 0 0 0 0 0 0 0 0 0 0 0 0 0 0 0 0 0 0 0 0 0 0 0 0 0 0 0 77 68 79 32 101 120 116 114 97 32 100 97 116 97 32 108 111 99 107 0 0 0 0 0 0 0 0 0 0 0 0 0 0 0 0 0 0 0 0 0 0 0 0 0 0 0 0 0 0 0 0 0 0 0 0 0 0 0 0 0 0 0 0 0 0 0 0 0 0 0 0 0 0 0 0 0 0 0 0 0 0 0 0 0 0 0 0 0 0 0 0 0 0 0 0 0 0 0 0 0 0 0 0 0 0 0 0 0 0 0 0 0 0 0 0 0 0 0 0 0 0 0 0 0 0 0 0 0 0 0 0 0 0 0 0 0 0 0 0 0 17 0 0 0 1 0 0 0 0 0 0 0 0 0 0 0 2 0 0 0 0 0 0 0 0 0 0 0 0 0 0 0 255 255 255 255 0 0 0 0 0 0 0 0 data 0 oops 0
ciMethodData org/codehaus/groovy/control/ResolveVisitor resolve (Lorg/codehaus/groovy/ast/ClassNode;ZZZ)Z 2 8443 orig 264 88 115 66 83 0 0 0 0 152 25 132 23 0 0 0 0 144 7 0 0 224 5 0 0 0 0 0 0 0 0 0 0 0 0 0 0 0 0 0 0 0 0 0 0 0 0 0 0 0 0 0 0 0 0 0 0 0 0 0 0 0 0 0 0 0 0 0 0 0 0 0 0 0 0 0 0 0 0 0 0 77 68 79 32 101 120 116 114 97 32 100 97 116 97 32 108 111 99 107 0 0 0 0 0 0 0 0 0 0 0 0 0 0 0 0 0 0 0 0 0 0 0 0 0 0 0 0 0 0 0 0 0 0 0 0 0 0 0 0 0 0 0 0 0 0 0 0 0 0 0 0 0 0 0 0 0 0 0 0 0 0 0 0 0 0 0 0 0 0 0 0 0 0 0 0 0 0 0 0 0 0 0 0 0 0 0 0 0 0 0 0 0 0 0 0 0 0 0 0 0 0 0 0 0 0 0 0 0 0 0 0 0 0 0 0 0 14 1 0 0 105 255 0 0 1 0 0 0 0 0 0 0 0 0 0 0 2 0 0 0 0 0 82 0 2 0 0 0 40 6 0 0 255 255 255 255 5 0 2 0 0 0 0 0 data 197 0x20005 0x7e1 0x1be026a0 0xe1e 0x1be02c10 0x9ee 0x50002 0x1fed 0xa0005 0x7e1 0x1be026a0 0xe1e 0x1be02c10 0x9ee 0xd0007 0xad5 0x70 0x1518 0x110005 0x7e1 0x1be026a0 0x349 0x1be02c10 0x9ee 0x140007 0x14df 0x20 0x39 0x1a0005 0x7e1 0x1be026a0 0x310 0x1be02c10 0x9ee 0x1d0007 0x14df 0xe0 0x0 0x210005 0x0 0x0 0x0 0x0 0x0 0x2d0002 0x0 0x340007 0x0 0x80 0x0 0x390005 0x0 0x0 0x0 0x0 0x0 0x410005 0x0 0x0 0x0 0x0 0x0 0x4c0007 0x14df 0x20 0x0 0x560005 0x7e1 0x1be026a0 0x310 0x1be02c10 0x9ee 0x590005 0x0 0x1d7129b0 0x14df 0x0 0x0 0x5e0007 0x14df 0x1a0 0x0 0x660005 0x0 0x0 0x0 0x0 0x0 0x690005 0x0 0x0 0x0 0x0 0x0 0x6e0004 0x0 0x0 0x0 0x0 0x0 0x760005 0x0 0x0 0x0 0x0 0x0 0x790005 0x0 0x0 0x0 0x0 0x0 0x850004 0x0 0x0 0x0 0x0 0x0 0x860005 0x0 0x0 0x0 0x0 0x0 0x8b0005 0x0 0x0 0x0 0x0 0x0 0x940005 0x0 0x1be026a0 0x14df 0x0 0x0 0x980005 0x7e1 0x1be026a0 0x310 0x1be02c10 0x9ee 0x9b0005 0x129 0x2755d90 0x13b6 0x0 0x0 0x9e0007 0x14df 0x50 0x0 0xa60005 0x0 0x0 0x0 0x0 0x0 0xad0002 0x14df 0xb00007 0x0 0x110 0x14de 0xb60002 0x14de 0xb90007 0xb6 0xe0 0x1428 0xbe0002 0x1428 0xc10007 0x0 0xb0 0x1428 0xc70002 0x1428 0xca0007 0xd 0x80 0x141a 0xd10002 0x141a 0xd40007 0x0 0x50 0x1415 0xd90002 0x1415 0xdc0007 0x144b 0x38 0x64 0xe00003 0x127 0x18 oops 15 2 org/codehaus/groovy/ast/ClassNode 4 org/codehaus/groovy/control/ResolveVisitor$ConstructedNestedClass 10 org/codehaus/groovy/ast/ClassNode 12 org/codehaus/groovy/control/ResolveVisitor$ConstructedNestedClass 20 org/codehaus/groovy/ast/ClassNode 22 org/codehaus/groovy/control/ResolveVisitor$ConstructedNestedClass 30 org/codehaus/groovy/ast/ClassNode 32 org/codehaus/groovy/control/ResolveVisitor$ConstructedNestedClass 68 org/codehaus/groovy/ast/ClassNode 70 org/codehaus/groovy/control/ResolveVisitor$ConstructedNestedClass 74 java/util/HashMap 132 org/codehaus/groovy/ast/ClassNode 138 org/codehaus/groovy/ast/ClassNode 140 org/codehaus/groovy/control/ResolveVisitor$ConstructedNestedClass 144 java/lang/String
ciMethodData org/codehaus/groovy/ast/ClassNode isPrimaryClassNode ()Z 2 6490 orig 264 88 115 66 83 0 0 0 0 0 12 86 23 0 0 0 0 32 2 0 0 160 0 0 0 0 0 0 0 0 0 0 0 0 0 0 0 0 0 0 0 0 0 0 0 0 0 0 0 0 0 0 0 0 0 0 0 0 0 0 0 0 0 0 0 0 0 0 0 0 0 0 0 0 0 0 0 0 0 0 0 77 68 79 32 101 120 116 114 97 32 100 97 116 97 32 108 111 99 107 0 0 0 0 0 0 0 0 0 0 0 0 0 0 0 0 0 0 0 0 0 0 0 0 0 0 0 0 0 0 0 0 0 0 0 0 0 0 0 0 0 0 0 0 0 0 0 0 0 0 0 0 0 0 0 0 0 0 0 0 0 0 0 0 0 0 0 0 0 0 0 0 0 0 0 0 0 0 0 0 0 0 0 0 0 0 0 0 0 0 0 0 0 0 0 0 0 0 0 0 0 0 0 0 0 0 0 0 0 0 0 0 0 0 0 0 0 16 1 0 0 81 194 0 0 1 0 0 0 0 0 0 0 0 0 0 0 2 0 0 0 0 0 34 0 2 0 0 0 216 0 0 0 255 255 255 255 5 0 1 0 0 0 0 0 data 27 0x10005 0x6a4 0x1be02c10 0x9e7 0x1be02cc0 0x7bf 0x70007 0x76 0x90 0x17d4 0xe0007 0x17d4 0x88 0x0 0x150005 0x0 0x0 0x0 0x0 0x0 0x180007 0x0 0x38 0x0 0x1c0003 0x76 0x18 oops 2 2 org/codehaus/groovy/control/ResolveVisitor$ConstructedNestedClass 4 org/codehaus/groovy/control/ResolveVisitor$ConstructedClassWithPackage
ciMethodData org/codehaus/groovy/ast/ClassNode getNameWithoutPackage ()Ljava/lang/String; 2 5632 orig 264 88 115 66 83 0 0 0 0 168 90 86 23 0 0 0 0 88 2 0 0 176 0 0 0 0 0 0 0 0 0 0 0 0 0 0 0 0 0 0 0 0 0 0 0 0 0 0 0 0 0 0 0 0 0 0 0 0 0 0 0 0 0 0 0 0 0 0 0 0 0 0 0 0 0 0 0 0 0 0 0 77 68 79 32 101 120 116 114 97 32 100 97 116 97 32 108 111 99 107 0 0 0 0 0 0 0 0 0 0 0 0 0 0 0 0 0 0 0 0 0 0 0 0 0 0 0 0 0 0 0 0 0 0 0 0 0 0 0 0 0 0 0 0 0 0 0 0 0 0 0 0 0 0 0 0 0 0 0 0 0 0 0 0 0 0 0 0 0 0 0 0 0 0 0 0 0 0 0 0 0 0 0 0 0 0 0 0 0 0 0 0 0 0 0 0 0 0 0 0 0 0 0 0 0 0 0 0 0 0 0 0 0 0 0 0 0 26 1 0 0 49 167 0 0 1 0 0 0 0 0 0 0 0 0 0 0 2 0 0 0 0 0 5 0 2 0 0 0 16 1 0 0 255 255 255 255 5 0 1 0 0 0 0 0 data 34 0x10005 0x0 0x1be026a0 0x14e6 0x0 0x0 0x60005 0xf3 0x2755d90 0x13f3 0x0 0x0 0xb0007 0x14e5 0x80 0x1 0xf0005 0x0 0x1be026a0 0x1 0x0 0x0 0x150005 0x1 0x0 0x0 0x0 0x0 0x1a0005 0x0 0x1be026a0 0x14e5 0x0 0x0 oops 4 2 org/codehaus/groovy/ast/ClassNode 8 java/lang/String 18 org/codehaus/groovy/ast/ClassNode 30 org/codehaus/groovy/ast/ClassNode
ciMethodData org/codehaus/groovy/control/ResolveVisitor resolveFromDefaultImports (Lorg/codehaus/groovy/ast/ClassNode;Z)Z 2 5420 orig 264 88 115 66 83 0 0 0 0 160 33 132 23 0 0 0 0 128 4 0 0 120 2 0 0 0 0 0 0 0 0 0 0 0 0 0 0 0 0 0 0 0 0 0 0 0 0 0 0 0 0 0 0 0 0 0 0 0 0 0 0 0 0 0 0 0 0 0 0 0 0 0 0 0 0 0 0 0 0 0 0 77 68 79 32 101 120 116 114 97 32 100 97 116 97 32 108 111 99 107 0 0 0 0 0 0 0 0 0 0 0 0 0 0 0 0 0 0 0 0 0 0 0 0 0 0 0 0 0 0 0 0 0 0 0 0 0 0 0 0 0 0 0 0 0 0 0 0 0 0 0 0 0 0 0 0 0 0 0 0 0 0 0 0 0 0 0 0 0 0 0 0 0 0 0 0 0 0 0 0 0 0 0 0 0 0 0 0 0 0 0 0 0 0 0 0 0 0 0 0 0 0 0 0 0 0 0 0 0 0 0 0 0 0 0 0 0 25 1 0 0 153 160 0 0 129 61 0 0 0 0 0 0 0 0 0 0 2 0 0 0 1 0 27 0 2 0 0 0 40 3 0 0 255 255 255 255 5 0 2 0 0 0 0 0 data 101 0x20005 0x7de 0x1be02c10 0x9e1 0x1be026a0 0x254 0x50007 0xae0 0x38 0x933 0x90003 0x933 0x18 0x110004 0xffffffffffffec0e 0x1be02c10 0x85 0x1be026a0 0x3f 0x140007 0x21 0x38 0x13f2 0x180003 0x13f2 0x18 0x1f0007 0x12be 0x258 0x155 0x2d0007 0x148 0x108 0x7bd 0x380005 0x0 0x1be026a0 0x4ed 0x1be02c10 0x2d0 0x450002 0x7bd 0x500002 0x7bd 0x530007 0x7b0 0x80 0xd 0x590005 0x0 0x1be02cc0 0xd 0x0 0x0 0x5c0005 0x0 0x1be026a0 0xd 0x0 0x0 0x640003 0x7b0 0xffffffffffffff10 0x680005 0x0 0x1be026a0 0xd0 0x1be02c10 0x78 0x700005 0xa 0x2755d90 0x13e 0x0 0x0 0x730007 0x148 0x50 0x0 0x7a0005 0x0 0x0 0x0 0x0 0x0 0x830005 0xa 0x2755d90 0x13e 0x0 0x0 0x860007 0x148 0x50 0x0 0x8d0005 0x0 0x0 0x0 0x0 0x0 oops 12 2 org/codehaus/groovy/control/ResolveVisitor$ConstructedNestedClass 4 org/codehaus/groovy/ast/ClassNode 15 org/codehaus/groovy/control/ResolveVisitor$ConstructedNestedClass 17 org/codehaus/groovy/ast/ClassNode 36 org/codehaus/groovy/ast/ClassNode 38 org/codehaus/groovy/control/ResolveVisitor$ConstructedNestedClass 50 org/codehaus/groovy/control/ResolveVisitor$ConstructedClassWithPackage 56 org/codehaus/groovy/ast/ClassNode 65 org/codehaus/groovy/ast/ClassNode 67 org/codehaus/groovy/control/ResolveVisitor$ConstructedNestedClass 71 java/lang/String 87 java/lang/String
ciMethodData org/codehaus/groovy/control/ResolveVisitor resolveFromStaticInnerClasses (Lorg/codehaus/groovy/ast/ClassNode;Z)Z 2 5401 orig 264 88 115 66 83 0 0 0 0 208 31 132 23 0 0 0 0 80 4 0 0 168 2 0 0 0 0 0 0 0 0 0 0 0 0 0 0 0 0 0 0 0 0 0 0 0 0 0 0 0 0 0 0 0 0 0 0 0 0 0 0 0 0 0 0 0 0 0 0 0 0 0 0 0 0 0 0 0 0 0 0 77 68 79 32 101 120 116 114 97 32 100 97 116 97 32 108 111 99 107 0 0 0 0 0 0 0 0 0 0 0 0 0 0 0 0 0 0 0 0 0 0 0 0 0 0 0 0 0 0 0 0 0 0 0 0 0 0 0 0 0 0 0 0 0 0 0 0 0 0 0 0 0 0 0 0 0 0 0 0 0 0 0 0 0 0 0 0 0 0 0 0 0 0 0 0 0 0 0 0 0 0 0 0 0 0 0 0 0 0 0 0 0 0 0 0 0 0 0 0 0 0 0 0 0 0 0 0 0 0 0 0 0 0 0 0 0 25 1 0 0 1 160 0 0 1 0 0 0 0 0 0 0 0 0 0 0 2 0 0 0 0 0 22 0 2 0 0 0 248 2 0 0 255 255 255 255 4 0 1 0 0 0 0 0 data 95 0x10004 0xfffffffffffff5e1 0x1be02c10 0x9e1 0x1be026a0 0x3f 0x40007 0xa1f 0x20 0x9e1 0xa0004 0xfffffffffffff602 0x1be026a0 0x3f 0x1be02cc0 0x3c 0xd0007 0x9fe 0x20 0x21 0x140005 0x0 0x1be026a0 0x246 0x1be02cc0 0x7b8 0x1a0007 0x887 0x228 0x177 0x1e0004 0xfffffffffffffe89 0x1be026a0 0x35 0x0 0x0 0x210007 0x177 0x108 0x0 0x250004 0x0 0x0 0x0 0x0 0x0 0x320002 0x0 0x3d0002 0x0 0x400007 0x0 0x80 0x0 0x450005 0x0 0x0 0x0 0x0 0x0 0x480005 0x0 0x0 0x0 0x0 0x0 0x530003 0x0 0xe8 0x570005 0x0 0x1be026a0 0x177 0x0 0x0 0x5c0002 0x177 0x640005 0x0 0x1be026a0 0x177 0x0 0x0 0x6d0002 0x177 0x700007 0x172 0x20 0x0 0x770005 0x0 0x1be026a0 0x172 0x0 0x0 oops 10 2 org/codehaus/groovy/control/ResolveVisitor$ConstructedNestedClass 4 org/codehaus/groovy/ast/ClassNode 12 org/codehaus/groovy/ast/ClassNode 14 org/codehaus/groovy/control/ResolveVisitor$ConstructedClassWithPackage 22 org/codehaus/groovy/ast/ClassNode 24 org/codehaus/groovy/control/ResolveVisitor$ConstructedClassWithPackage 32 org/codehaus/groovy/ast/ClassNode 71 org/codehaus/groovy/ast/ClassNode 79 org/codehaus/groovy/ast/ClassNode 91 org/codehaus/groovy/ast/ClassNode
ciMethodData org/codehaus/groovy/control/ResolveVisitor resolveToOuter (Lorg/codehaus/groovy/ast/ClassNode;)Z 2 5410 orig 264 88 115 66 83 0 0 0 0 56 44 132 23 0 0 0 0 120 4 0 0 128 1 0 0 0 0 0 0 0 0 0 0 0 0 0 0 0 0 0 0 0 0 0 0 0 0 0 0 0 0 0 0 0 0 0 0 0 0 0 0 0 0 0 0 0 0 0 0 0 0 0 0 0 0 0 0 0 0 0 0 77 68 79 32 101 120 116 114 97 32 100 97 116 97 32 108 111 99 107 0 0 0 0 0 0 0 0 0 0 0 0 0 0 0 0 0 0 0 0 0 0 0 0 0 0 0 0 0 0 0 0 0 0 0 0 0 0 0 0 0 0 0 0 0 0 0 0 0 0 0 0 0 0 0 0 0 0 0 0 0 0 0 0 0 0 0 0 0 0 0 0 0 0 0 0 0 0 0 0 0 0 0 0 0 0 0 0 0 0 0 0 0 0 0 0 0 0 0 0 0 0 0 0 0 0 0 0 0 0 0 0 0 0 0 0 0 25 1 0 0 73 160 0 0 1 0 0 0 0 0 0 0 0 0 0 0 2 0 0 0 0 0 33 0 2 0 0 0 40 3 0 0 255 255 255 255 5 0 1 0 0 0 0 0 data 101 0x10005 0x268 0x1be02c10 0x9e1 0x1be02cc0 0x7c0 0x60004 0xffffffffffffec18 0x1be02c10 0x8c 0x1be02cc0 0x3c 0x90007 0x13e8 0x50 0x21 0x140005 0x0 0x1c425880 0x21 0x0 0x0 0x1d0005 0x0 0x1be026a0 0x13e8 0x0 0x0 0x200005 0x0 0x1c967f10 0x13e8 0x0 0x0 0x230007 0x13e8 0x70 0x0 0x290005 0x0 0x0 0x0 0x0 0x0 0x2d0007 0x0 0x20 0x0 0x3d0005 0x0 0x1c425880 0x13e8 0x0 0x0 0x420007 0x1424 0x178 0x65 0x460005 0x0 0x1c425cf0 0x65 0x0 0x0 0x490007 0x65 0xc8 0x0 0x4d0005 0x0 0x0 0x0 0x0 0x0 0x560005 0x0 0x0 0x0 0x0 0x0 0x5c0005 0x0 0x0 0x0 0x0 0x0 0x5f0003 0x0 0x78 0x640005 0x0 0x1c425cf0 0x65 0x0 0x0 0x670005 0x0 0x1be026a0 0x58 0x1be02cc0 0xd oops 12 2 org/codehaus/groovy/control/ResolveVisitor$ConstructedNestedClass 4 org/codehaus/groovy/control/ResolveVisitor$ConstructedClassWithPackage 8 org/codehaus/groovy/control/ResolveVisitor$ConstructedNestedClass 10 org/codehaus/groovy/control/ResolveVisitor$ConstructedClassWithPackage 18 org/codehaus/groovy/control/ClassNodeResolver 24 org/codehaus/groovy/ast/ClassNode 30 org/codehaus/groovy/ast/ModuleNode 50 org/codehaus/groovy/control/ClassNodeResolver 60 org/codehaus/groovy/control/ClassNodeResolver$LookupResult 91 org/codehaus/groovy/control/ClassNodeResolver$LookupResult 97 org/codehaus/groovy/ast/ClassNode 99 org/codehaus/groovy/control/ResolveVisitor$ConstructedClassWithPackage
ciMethodData org/codehaus/groovy/ast/ClassNode hasPackageName ()Z 2 4748 orig 264 88 115 66 83 0 0 0 0 64 116 86 23 0 0 0 0 224 1 0 0 0 0 0 0 0 0 0 0 0 0 0 0 0 0 0 0 0 0 0 0 0 0 0 0 0 0 0 0 0 0 0 0 0 0 0 0 0 0 0 0 0 0 0 0 0 0 0 0 0 0 0 0 0 0 0 0 0 0 0 0 77 68 79 32 101 120 116 114 97 32 100 97 116 97 32 108 111 99 107 0 0 0 0 0 0 0 0 0 0 0 0 0 0 0 0 0 0 0 0 0 0 0 0 0 0 0 0 0 0 0 0 0 0 0 0 0 0 0 0 0 0 0 0 0 0 0 0 0 0 0 0 0 0 0 0 0 0 0 0 0 0 0 0 0 0 0 0 0 0 0 0 0 0 0 0 0 0 0 0 0 0 0 0 0 0 0 0 0 0 0 0 0 0 0 0 0 0 0 0 0 0 0 0 0 0 0 0 0 0 0 0 0 0 0 0 0 225 1 0 0 89 133 0 0 1 0 0 0 0 0 0 0 0 0 0 0 2 0 0 0 0 0 12 0 2 0 0 0 152 0 0 0 255 255 255 255 5 0 1 0 0 0 0 0 data 19 0x10005 0x0 0x1be026a0 0x10ab 0x0 0x0 0x90005 0x0 0x2755d90 0x10ab 0x0 0x0 0xc0007 0x396 0x38 0xd15 0x100003 0xd15 0x18 oops 2 2 org/codehaus/groovy/ast/ClassNode 8 java/lang/String
ciMethodData java/lang/Class getClassLoader ()Ljava/lang/ClassLoader; 2 8560 orig 264 88 115 66 83 0 0 0 0 72 204 12 23 0 0 0 0 232 1 0 0 80 0 0 0 0 0 0 0 0 0 0 0 0 0 0 0 0 0 0 0 0 0 0 0 0 0 0 0 0 0 0 0 0 0 0 0 0 0 0 0 0 0 0 0 0 0 0 0 0 0 0 0 0 0 0 0 0 0 0 0 77 68 79 32 101 120 116 114 97 32 100 97 116 97 32 108 111 99 107 0 0 0 0 0 0 0 0 0 0 0 0 0 0 0 0 0 0 0 0 0 0 0 0 0 0 0 0 0 0 0 0 0 0 0 0 0 0 0 0 0 0 0 0 0 0 0 0 0 0 0 0 0 0 0 0 0 0 0 0 0 0 0 0 0 0 0 0 0 0 0 0 0 0 0 0 0 0 0 0 0 0 0 0 0 0 0 0 0 0 0 0 0 0 0 0 0 0 0 0 0 0 0 0 0 0 0 0 0 0 0 0 0 0 0 0 0 3 1 0 0 105 3 1 0 1 0 0 0 0 0 0 0 0 0 0 0 2 0 0 0 1 0 30 0 2 0 0 0 160 0 0 0 255 255 255 255 5 0 1 0 0 0 0 0 data 20 0x10005 0xa 0x2755e20 0x2063 0x0 0x0 0x60007 0x10fe 0x20 0xf6f 0xb0002 0x10fe 0x100007 0x10fe 0x40 0x0 0x140002 0x0 0x170002 0x0 oops 1 2 java/lang/Class
ciMethodData org/codehaus/groovy/ast/ClassNode setRedirect (Lorg/codehaus/groovy/ast/ClassNode;)V 2 1528 orig 264 88 115 66 83 0 0 0 0 248 9 86 23 0 0 0 0 128 3 0 0 224 1 0 0 0 0 0 0 0 0 0 0 0 0 0 0 0 0 0 0 0 0 0 0 0 0 0 0 0 0 0 0 0 0 0 0 0 0 0 0 0 0 0 0 0 0 0 0 0 0 0 0 0 0 0 0 0 0 0 0 77 68 79 32 101 120 116 114 97 32 100 97 116 97 32 108 111 99 107 0 0 0 0 0 0 0 0 0 0 0 0 0 0 0 0 0 0 0 0 0 0 0 0 0 0 0 0 0 0 0 0 0 0 0 0 0 0 0 0 0 0 0 0 0 0 0 0 0 0 0 0 0 0 0 0 0 0 0 0 0 0 0 0 0 0 0 0 0 0 0 0 0 0 0 0 0 0 0 0 0 0 0 0 0 0 0 0 0 0 0 0 0 0 0 0 0 0 0 0 0 0 0 0 0 0 0 0 0 0 0 0 0 0 0 0 0 4 1 0 0 161 39 0 0 1 0 0 0 0 0 0 0 0 0 0 0 2 0 0 0 0 0 16 0 2 0 0 0 48 2 0 0 255 255 255 255 7 0 4 0 0 0 0 0 data 70 0x40007 0x4f4 0x1c0 0x0 0xf0002 0x0 0x140005 0x0 0x0 0x0 0x0 0x0 0x180005 0x0 0x0 0x0 0x0 0x0 0x1b0005 0x0 0x0 0x0 0x0 0x0 0x200005 0x0 0x0 0x0 0x0 0x0 0x240005 0x0 0x0 0x0 0x0 0x0 0x270005 0x0 0x0 0x0 0x0 0x0 0x2c0005 0x0 0x0 0x0 0x0 0x0 0x2f0005 0x0 0x0 0x0 0x0 0x0 0x320002 0x0 0x370007 0xb 0x50 0x4e9 0x3b0005 0x0 0x1be026a0 0x4e9 0x0 0x0 0x410007 0x4f4 0x20 0x0 oops 1 62 org/codehaus/groovy/ast/ClassNode
ciMethodData org/codehaus/groovy/control/ClassNodeResolver tryAsScript (Ljava/lang/String;Lorg/codehaus/groovy/control/CompilationUnit;Ljava/lang/Class;)Lorg/codehaus/groovy/control/ClassNodeResolver$LookupResult; 2 2163 orig 264 88 115 66 83 0 0 0 0 184 53 134 23 0 0 0 0 144 3 0 0 216 1 0 0 0 0 0 0 0 0 0 0 0 0 0 0 0 0 0 0 0 0 0 0 0 0 0 0 0 0 0 0 0 0 0 0 0 0 0 0 0 0 0 0 0 0 0 0 0 0 0 0 0 0 0 0 0 0 0 0 77 68 79 32 101 120 116 114 97 32 100 97 116 97 32 108 111 99 107 0 0 0 0 0 0 0 0 0 0 0 0 0 0 0 0 0 0 0 0 0 0 0 0 0 0 0 0 0 0 0 0 0 0 0 0 0 0 0 0 0 0 0 0 0 0 0 0 0 0 0 0 0 0 0 0 0 0 0 0 0 0 0 0 0 0 0 0 0 0 0 0 0 0 0 0 0 0 0 0 0 0 0 0 0 0 0 0 0 0 0 0 0 0 0 0 0 0 0 0 0 0 0 0 0 0 0 0 0 0 0 0 0 0 0 0 0 255 0 0 0 161 59 0 0 1 0 0 0 0 0 0 0 0 0 0 0 2 0 0 0 0 0 22 0 2 0 0 0 56 2 0 0 255 255 255 255 7 0 3 0 0 0 0 0 data 71 0x30007 0x738 0x40 0x3c 0x70002 0x3c 0x130002 0x3c 0x1a0005 0x88 0x2755d90 0x6ec 0x0 0x0 0x1d0007 0x58e 0x20 0x1e6 0x250005 0x67 0x2755d90 0x527 0x0 0x0 0x290007 0x91 0x20 0x4fd 0x2f0005 0x0 0x1c425a40 0x91 0x0 0x0 0x390005 0x0 0x1d13f970 0x91 0x0 0x0 0x3d0005 0x0 0x1cacbb50 0x91 0x0 0x0 0x440003 0x91 0x18 0x4b0007 0x91 0xb0 0x0 0x4f0007 0x0 0x50 0x0 0x550002 0x0 0x580007 0x0 0x60 0x0 0x5e0005 0x0 0x0 0x0 0x0 0x0 0x6a0002 0x0 oops 5 10 java/lang/String 20 java/lang/String 30 org/codehaus/groovy/control/CompilationUnit 36 groovy/lang/GroovyClassLoader 42 groovy/lang/GroovyClassLoader$1
ciMethodData org/codehaus/groovy/control/ClassNodeResolver tryAsLoaderClassOrScript (Ljava/lang/String;Lorg/codehaus/groovy/control/CompilationUnit;)Lorg/codehaus/groovy/control/ClassNodeResolver$LookupResult; 2 1999 orig 264 88 115 66 83 0 0 0 0 0 52 134 23 0 0 0 0 96 3 0 0 96 0 0 0 0 0 0 0 0 0 0 0 0 0 0 0 0 0 0 0 0 0 0 0 0 0 0 0 0 0 0 0 0 0 0 0 0 0 0 0 0 0 0 0 0 0 0 0 0 0 0 0 0 0 0 0 0 0 0 0 77 68 79 32 101 120 116 114 97 32 100 97 116 97 32 108 111 99 107 0 0 0 0 0 0 0 0 0 0 0 0 0 0 0 0 0 0 0 0 0 0 0 0 0 0 0 0 0 0 0 0 0 0 0 0 0 0 0 0 0 0 0 0 0 0 0 0 0 0 0 0 0 0 0 0 0 0 0 0 0 0 0 0 0 0 0 0 0 0 0 0 0 0 0 0 0 0 0 0 0 0 0 0 0 0 0 0 0 0 0 0 0 0 0 0 0 0 0 0 0 0 0 0 0 0 0 0 0 0 0 0 0 0 0 0 0 0 1 0 0 121 54 0 0 1 0 0 0 0 0 0 0 0 0 0 0 2 0 0 0 1 0 40 0 2 0 0 0 8 2 0 0 255 255 255 255 5 0 1 0 0 0 0 0 data 65 0x10005 0x0 0x1c425a40 0x6cf 0x0 0x0 0x90005 0x0 0x1d13f970 0x6cf 0x0 0x0 0xe0003 0x3c 0x108 0x160002 0x737 0x280002 0x0 0x2d0005 0x0 0x0 0x0 0x0 0x0 0x310005 0x0 0x0 0x0 0x0 0x0 0x360005 0x0 0x0 0x0 0x0 0x0 0x390005 0x0 0x0 0x0 0x0 0x0 0x3e0002 0x0 0x440007 0x3c 0x20 0x0 0x4b0005 0x1 0x2755e20 0x3b 0x0 0x0 0x4f0007 0x0 0x30 0x3c 0x560002 0x3c 0x5c0002 0x0 0x680002 0x0 oops 3 2 org/codehaus/groovy/control/CompilationUnit 8 groovy/lang/GroovyClassLoader 51 java/lang/Class
ciMethodData groovy/lang/GroovyClassLoader loadClass (Ljava/lang/String;ZZ)Ljava/lang/Class; 2 1999 orig 264 88 115 66 83 0 0 0 0 128 244 76 23 0 0 0 0 144 1 0 0 0 0 0 0 0 0 0 0 0 0 0 0 0 0 0 0 0 0 0 0 0 0 0 0 0 0 0 0 0 0 0 0 0 0 0 0 0 0 0 0 0 0 0 0 0 0 0 0 0 0 0 0 0 0 0 0 0 0 0 0 77 68 79 32 101 120 116 114 97 32 100 97 116 97 32 108 111 99 107 0 0 0 0 0 0 0 0 0 0 0 0 0 0 0 0 0 0 0 0 0 0 0 0 0 0 0 0 0 0 0 0 0 0 0 0 0 0 0 0 0 0 0 0 0 0 0 0 0 0 0 0 0 0 0 0 0 0 0 0 0 0 0 0 0 0 0 0 0 0 0 0 0 0 0 0 0 0 0 0 0 0 0 0 0 0 0 0 0 0 0 0 0 0 0 0 0 0 0 0 0 0 0 0 0 0 0 0 0 0 0 0 0 0 0 0 0 0 1 0 0 121 54 0 0 1 0 0 0 0 0 0 0 0 0 0 0 2 0 0 0 0 0 0 0 0 0 0 0 48 0 0 0 255 255 255 255 5 0 5 0 0 0 0 0 data 6 0x50005 0x0 0x1d13f970 0x6cf 0x0 0x0 oops 1 2 groovy/lang/GroovyClassLoader
ciMethodData groovy/lang/GroovyClassLoader$1 loadGroovySource (Ljava/lang/String;)Ljava/net/URL; 2 2004 orig 264 88 115 66 83 0 0 0 0 240 201 125 23 0 0 0 0 160 1 0 0 0 0 0 0 0 0 0 0 0 0 0 0 0 0 0 0 0 0 0 0 0 0 0 0 0 0 0 0 0 0 0 0 0 0 0 0 0 0 0 0 0 0 0 0 0 0 0 0 0 0 0 0 0 0 0 0 0 0 0 0 77 68 79 32 101 120 116 114 97 32 100 97 116 97 32 108 111 99 107 0 0 0 0 0 0 0 0 0 0 0 0 0 0 0 0 0 0 0 0 0 0 0 0 0 0 0 0 0 0 0 0 0 0 0 0 0 0 0 0 0 0 0 0 0 0 0 0 0 0 0 0 0 0 0 0 0 0 0 0 0 0 0 0 0 0 0 0 0 0 0 0 0 0 0 0 0 0 0 0 0 0 0 0 0 0 0 0 0 0 0 0 0 0 0 0 0 0 0 0 0 0 0 0 0 0 0 0 0 0 0 0 0 0 0 0 0 33 0 0 0 153 61 0 0 1 0 0 0 0 0 0 0 0 0 0 0 2 0 0 0 0 0 3 0 2 0 0 0 80 0 0 0 255 255 255 255 2 0 6 0 0 0 0 0 data 10 0x60002 0x7b3 0x90002 0x7b3 0xc0104 0x0 0x0 0x0 0x0 0x0 oops 0
ciMethodData groovy/lang/GroovyClassLoader$1$1 <init> (Lgroovy/lang/GroovyClassLoader$1;Ljava/lang/String;)V 2 2004 orig 264 88 115 66 83 0 0 0 0 56 77 203 29 0 0 0 0 64 1 0 0 0 0 0 0 0 0 0 0 0 0 0 0 0 0 0 0 0 0 0 0 0 0 0 0 0 0 0 0 0 0 0 0 0 0 0 0 0 0 0 0 0 0 0 0 0 0 0 0 0 0 0 0 0 0 0 0 0 0 0 0 77 68 79 32 101 120 116 114 97 32 100 97 116 97 32 108 111 99 107 0 0 0 0 0 0 0 0 0 0 0 0 0 0 0 0 0 0 0 0 0 0 0 0 0 0 0 0 0 0 0 0 0 0 0 0 0 0 0 0 0 0 0 0 0 0 0 0 0 0 0 0 0 0 0 0 0 0 0 0 0 0 0 0 0 0 0 0 0 0 0 0 0 0 0 0 0 0 0 0 0 0 0 0 0 0 0 0 0 0 0 0 0 0 0 0 0 0 0 0 0 0 0 0 0 0 0 0 0 0 0 0 0 0 0 0 0 33 0 0 0 153 61 0 0 1 0 0 0 0 0 0 0 0 0 0 0 2 0 0 0 0 0 3 0 2 0 0 0 16 0 0 0 255 255 255 255 2 0 11 0 0 0 0 0 data 2 0xb0002 0x7b3 oops 0
ciMethodData org/codehaus/groovy/control/ClassNodeResolver findClassNode (Ljava/lang/String;Lorg/codehaus/groovy/control/CompilationUnit;)Lorg/codehaus/groovy/control/ClassNodeResolver$LookupResult; 2 1999 orig 264 88 115 66 83 0 0 0 0 112 50 134 23 0 0 0 0 64 1 0 0 0 0 0 0 0 0 0 0 0 0 0 0 0 0 0 0 0 0 0 0 0 0 0 0 0 0 0 0 0 0 0 0 0 0 0 0 0 0 0 0 0 0 0 0 0 0 0 0 0 0 0 0 0 0 0 0 0 0 0 0 77 68 79 32 101 120 116 114 97 32 100 97 116 97 32 108 111 99 107 0 0 0 0 0 0 0 0 0 0 0 0 0 0 0 0 0 0 0 0 0 0 0 0 0 0 0 0 0 0 0 0 0 0 0 0 0 0 0 0 0 0 0 0 0 0 0 0 0 0 0 0 0 0 0 0 0 0 0 0 0 0 0 0 0 0 0 0 0 0 0 0 0 0 0 0 0 0 0 0 0 0 0 0 0 0 0 0 0 0 0 0 0 0 0 0 0 0 0 0 0 0 0 0 0 0 0 0 0 0 0 0 0 0 0 0 0 0 1 0 0 121 54 0 0 1 0 0 0 0 0 0 0 0 0 0 0 2 0 0 0 0 0 3 0 2 0 0 0 16 0 0 0 255 255 255 255 2 0 3 0 0 0 0 0 data 2 0x30002 0x6cf oops 0
ciMethodData org/codehaus/groovy/control/ClassNodeResolver cacheClass (Ljava/lang/String;Lorg/codehaus/groovy/ast/ClassNode;)V 2 2199 orig 264 88 115 66 83 0 0 0 0 232 48 134 23 0 0 0 0 136 1 0 0 0 0 0 0 0 0 0 0 0 0 0 0 0 0 0 0 0 0 0 0 0 0 0 0 0 0 0 0 0 0 0 0 0 0 0 0 0 0 0 0 0 0 0 0 0 0 0 0 0 0 0 0 0 0 0 0 0 0 0 0 77 68 79 32 101 120 116 114 97 32 100 97 116 97 32 108 111 99 107 0 0 0 0 0 0 0 0 0 0 0 0 0 0 0 0 0 0 0 0 0 0 0 0 0 0 0 0 0 0 0 0 0 0 0 0 0 0 0 0 0 0 0 0 0 0 0 0 0 0 0 0 0 0 0 0 0 0 0 0 0 0 0 0 0 0 0 0 0 0 0 0 0 0 0 0 0 0 0 0 0 0 0 0 0 0 0 0 0 0 0 0 0 0 0 0 0 0 0 0 0 0 0 0 0 0 0 0 0 0 0 0 0 0 0 0 0 1 1 0 0 177 60 0 0 1 0 0 0 0 0 0 0 0 0 0 0 2 0 0 0 0 0 3 0 2 0 0 0 48 0 0 0 255 255 255 255 5 0 6 0 0 0 0 0 data 6 0x60005 0x0 0x1d7129b0 0x796 0x0 0x0 oops 1 2 java/util/HashMap
ciMethodData org/codehaus/groovy/control/ClassNodeResolver resolveName (Ljava/lang/String;Lorg/codehaus/groovy/control/CompilationUnit;)Lorg/codehaus/groovy/control/ClassNodeResolver$LookupResult; 2 5377 orig 264 88 115 66 83 0 0 0 0 8 48 134 23 0 0 0 0 8 3 0 0 128 0 0 0 0 0 0 0 0 0 0 0 0 0 0 0 0 0 0 0 0 0 0 0 0 0 0 0 0 0 0 0 0 0 0 0 0 0 0 0 0 0 0 0 0 0 0 0 0 0 0 0 0 0 0 0 0 0 0 0 77 68 79 32 101 120 116 114 97 32 100 97 116 97 32 108 111 99 107 0 0 0 0 0 0 0 0 0 0 0 0 0 0 0 0 0 0 0 0 0 0 0 0 0 0 0 0 0 0 0 0 0 0 0 0 0 0 0 0 0 0 0 0 0 0 0 0 0 0 0 0 0 0 0 0 0 0 0 0 0 0 0 0 0 0 0 0 0 0 0 0 0 0 0 0 0 0 0 0 0 0 0 0 0 0 0 0 0 0 0 0 0 0 0 0 0 0 0 0 0 0 0 0 0 0 0 0 0 0 0 0 0 0 0 0 0 0 2 0 0 9 152 0 0 1 0 0 0 0 0 0 0 0 0 0 0 2 0 0 0 0 0 16 0 2 0 0 0 176 1 0 0 255 255 255 255 5 0 2 0 0 0 0 0 data 54 0x20005 0x0 0x1c425880 0x1301 0x0 0x0 0xa0007 0x6ba 0x20 0xc47 0x100007 0x696 0x30 0x24 0x190002 0x24 0x200005 0x0 0x1c425880 0x696 0x0 0x0 0x270007 0x6ff 0xd0 0x39 0x2c0005 0x0 0x1c425cf0 0x39 0x0 0x0 0x2f0007 0x0 0x80 0x39 0x360005 0x0 0x1c425cf0 0x39 0x0 0x0 0x390005 0x0 0x1c425880 0x39 0x0 0x0 0x440005 0x0 0x1c425880 0x6ff 0x0 0x0 oops 6 2 org/codehaus/groovy/control/ClassNodeResolver 18 org/codehaus/groovy/control/ClassNodeResolver 28 org/codehaus/groovy/control/ClassNodeResolver$LookupResult 38 org/codehaus/groovy/control/ClassNodeResolver$LookupResult 44 org/codehaus/groovy/control/ClassNodeResolver 50 org/codehaus/groovy/control/ClassNodeResolver
ciMethodData org/codehaus/groovy/control/ClassNodeResolver getFromClassCache (Ljava/lang/String;)Lorg/codehaus/groovy/ast/ClassNode; 2 5377 orig 264 88 115 66 83 0 0 0 0 176 49 134 23 0 0 0 0 176 1 0 0 0 0 0 0 0 0 0 0 0 0 0 0 0 0 0 0 0 0 0 0 0 0 0 0 0 0 0 0 0 0 0 0 0 0 0 0 0 0 0 0 0 0 0 0 0 0 0 0 0 0 0 0 0 0 0 0 0 0 0 0 77 68 79 32 101 120 116 114 97 32 100 97 116 97 32 108 111 99 107 0 0 0 0 0 0 0 0 0 0 0 0 0 0 0 0 0 0 0 0 0 0 0 0 0 0 0 0 0 0 0 0 0 0 0 0 0 0 0 0 0 0 0 0 0 0 0 0 0 0 0 0 0 0 0 0 0 0 0 0 0 0 0 0 0 0 0 0 0 0 0 0 0 0 0 0 0 0 0 0 0 0 0 0 0 0 0 0 0 0 0 0 0 0 0 0 0 0 0 0 0 0 0 0 0 0 0 0 0 0 0 0 0 0 0 0 0 0 2 0 0 9 152 0 0 1 0 0 0 0 0 0 0 0 0 0 0 2 0 0 0 0 0 3 0 2 0 0 0 96 0 0 0 255 255 255 255 5 0 5 0 0 0 0 0 data 12 0x50005 0x0 0x1d7129b0 0x1301 0x0 0x0 0xa0104 0x0 0x1c427160 0xc47 0x1be026a0 0x24 oops 3 2 java/util/HashMap 8 org/codehaus/groovy/control/ClassNodeResolver$1 10 org/codehaus/groovy/ast/ClassNode
ciMethodData org/codehaus/groovy/control/ResolveVisitor$ConstructedClassWithPackage <init> (Ljava/lang/String;Ljava/lang/String;)V 2 2047 orig 264 88 115 66 83 0 0 0 0 0 158 133 23 0 0 0 0 8 2 0 0 0 0 0 0 0 0 0 0 0 0 0 0 0 0 0 0 0 0 0 0 0 0 0 0 0 0 0 0 0 0 0 0 0 0 0 0 0 0 0 0 0 0 0 0 0 0 0 0 0 0 0 0 0 0 0 0 0 0 0 0 77 68 79 32 101 120 116 114 97 32 100 97 116 97 32 108 111 99 107 0 0 0 0 0 0 0 0 0 0 0 0 0 0 0 0 0 0 0 0 0 0 0 0 0 0 0 0 0 0 0 0 0 0 0 0 0 0 0 0 0 0 0 0 0 0 0 0 0 0 0 0 0 0 0 0 0 0 0 0 0 0 0 0 0 0 0 0 0 0 0 0 0 0 0 0 0 0 0 0 0 0 0 0 0 0 0 0 0 0 0 0 0 0 0 0 0 0 0 0 0 0 0 0 0 0 0 0 0 0 0 0 0 0 0 0 0 124 0 0 0 25 60 0 0 1 0 0 0 0 0 0 0 0 0 0 0 2 0 0 0 0 0 3 0 2 0 0 0 176 0 0 0 255 255 255 255 2 0 5 0 0 0 0 0 data 22 0x50002 0x783 0x90005 0x81 0x282a770 0x702 0x0 0x0 0xd0005 0x81 0x282a770 0x702 0x0 0x0 0x100005 0x81 0x282a770 0x702 0x0 0x0 0x170002 0x783 oops 3 4 java/lang/StringBuilder 10 java/lang/StringBuilder 16 java/lang/StringBuilder
ciMethodData org/codehaus/groovy/control/ResolveVisitor replaceLastPoint (Ljava/lang/String;)Ljava/lang/String; 1 438 orig 264 88 115 66 83 0 0 0 0 88 30 132 23 0 0 0 0 168 2 0 0 0 0 0 0 0 0 0 0 0 0 0 0 0 0 0 0 0 0 0 0 0 0 0 0 0 0 0 0 0 0 0 0 0 0 0 0 0 0 0 0 0 0 0 0 0 0 0 0 0 0 0 0 0 0 0 0 0 0 0 0 77 68 79 32 101 120 116 114 97 32 100 97 116 97 32 108 111 99 107 0 0 0 0 0 0 0 0 0 0 0 0 0 0 0 0 0 0 0 0 0 0 0 0 0 0 0 0 0 0 0 0 0 0 0 0 0 0 0 0 0 0 0 0 0 0 0 0 0 0 0 0 0 0 0 0 0 0 0 0 0 0 0 0 0 0 0 0 0 0 0 0 0 0 0 0 0 0 0 0 0 0 0 0 0 0 0 0 0 0 0 0 0 0 0 0 0 0 0 0 0 0 0 0 0 0 0 0 0 0 0 0 0 0 0 0 0 116 0 0 0 17 10 0 0 1 0 0 0 0 0 0 0 0 0 0 0 2 0 0 0 0 0 6 0 2 0 0 0 96 1 0 0 255 255 255 255 5 0 3 0 0 0 0 0 data 44 0x30005 0x84 0x2755d90 0xbe 0x0 0x0 0xb0002 0x142 0x110005 0x84 0x2755d90 0xbe 0x0 0x0 0x140005 0x84 0x282a630 0xbe 0x0 0x0 0x190005 0x84 0x282a630 0xbe 0x0 0x0 0x200005 0x84 0x2755d90 0xbe 0x0 0x0 0x230005 0x84 0x282a630 0xbe 0x0 0x0 0x260005 0x84 0x282a630 0xbe 0x0 0x0 oops 7 2 java/lang/String 10 java/lang/String 16 java/lang/StringBuffer 22 java/lang/StringBuffer 28 java/lang/String 34 java/lang/StringBuffer 40 java/lang/StringBuffer
ciMethodData org/codehaus/groovy/control/ResolveVisitor$ConstructedClassWithPackage hasPackageName ()Z 2 5511 orig 264 88 115 66 83 0 0 0 0 160 159 133 23 0 0 0 0 16 2 0 0 80 0 0 0 0 0 0 0 0 0 0 0 0 0 0 0 0 0 0 0 0 0 0 0 0 0 0 0 0 0 0 0 0 0 0 0 0 0 0 0 0 0 0 0 0 0 0 0 0 0 0 0 0 0 0 0 0 0 0 0 77 68 79 32 101 120 116 114 97 32 100 97 116 97 32 108 111 99 107 0 0 0 0 0 0 0 0 0 0 0 0 0 0 0 0 0 0 0 0 0 0 0 0 0 0 0 0 0 0 0 0 0 0 0 0 0 0 0 0 0 0 0 0 0 0 0 0 0 0 0 0 0 0 0 0 0 0 0 0 0 0 0 0 0 0 0 0 0 0 0 0 0 0 0 0 0 0 0 0 0 0 0 0 0 0 0 0 0 0 0 0 0 0 0 0 0 0 0 0 0 0 0 0 0 0 0 0 0 0 0 0 0 0 0 0 0 128 1 0 0 57 160 0 0 1 0 0 0 0 0 0 0 0 0 0 0 2 0 0 0 0 0 24 0 2 0 0 0 200 0 0 0 255 255 255 255 5 0 1 0 0 0 0 0 data 25 0x10005 0x0 0x1be02cc0 0x1407 0x0 0x0 0x50007 0x1407 0x30 0x0 0x90002 0x0 0x130005 0x0 0x2755d90 0x1407 0x0 0x0 0x170007 0x1407 0x38 0x0 0x1b0003 0x0 0x18 oops 2 2 org/codehaus/groovy/control/ResolveVisitor$ConstructedClassWithPackage 14 java/lang/String
ciMethodData org/codehaus/groovy/ast/ClassNode setName (Ljava/lang/String;)Ljava/lang/String; 1 871 orig 264 88 115 66 83 0 0 0 0 248 33 86 23 0 0 0 0 128 1 0 0 0 0 0 0 0 0 0 0 0 0 0 0 0 0 0 0 0 0 0 0 0 0 0 0 0 0 0 0 0 0 0 0 0 0 0 0 0 0 0 0 0 0 0 0 0 0 0 0 0 0 0 0 0 0 0 0 0 0 0 0 77 68 79 32 101 120 116 114 97 32 100 97 116 97 32 108 111 99 107 0 0 0 0 0 0 0 0 0 0 0 0 0 0 0 0 0 0 0 0 0 0 0 0 0 0 0 0 0 0 0 0 0 0 0 0 0 0 0 0 0 0 0 0 0 0 0 0 0 0 0 0 0 0 0 0 0 0 0 0 0 0 0 0 0 0 0 0 0 0 0 0 0 0 0 0 0 0 0 0 0 0 0 0 0 0 0 0 0 0 0 0 0 0 0 0 0 0 0 0 0 0 0 0 0 0 0 0 0 0 0 0 0 0 0 0 0 0 1 0 0 57 19 0 0 1 0 0 0 0 0 0 0 0 0 0 0 2 0 0 0 0 0 9 0 2 0 0 0 48 0 0 0 255 255 255 255 5 0 1 0 0 0 0 0 data 6 0x10005 0x0 0x1be026a0 0x267 0x0 0x0 oops 1 2 org/codehaus/groovy/ast/ClassNode
instanceKlass org/openqa/selenium/remote/http/W3CHttpCommandCodec$$Lambda$269
instanceKlass org/openqa/selenium/remote/http/W3CHttpCommandCodec$$Lambda$268
instanceKlass org/openqa/selenium/remote/http/W3CHttpCommandCodec$$Lambda$267
instanceKlass org/openqa/selenium/remote/http/W3CHttpCommandCodec$$Lambda$266
instanceKlass java/util/stream/Streams$AbstractStreamBuilderImpl
instanceKlass java/util/stream/Stream$Builder
instanceKlass java/util/stream/Collectors$$Lambda$265
instanceKlass java/util/stream/Collectors$$Lambda$264
instanceKlass java/util/stream/Collectors$$Lambda$263
instanceKlass java/util/stream/Collectors$$Lambda$262
instanceKlass org/openqa/selenium/remote/http/W3CHttpCommandCodec$$Lambda$261
instanceKlass com/kms/katalon/selenium/util/SeleniumKeysUtil$$Lambda$260
instanceKlass java/lang/CharSequence$1CodePointIterator
instanceKlass java/util/stream/FindOps$$Lambda$259
instanceKlass java/util/stream/FindOps$$Lambda$258
instanceKlass java/util/OptionalInt
instanceKlass java/lang/CharSequence$$Lambda$257
instanceKlass com/kms/katalon/selenium/util/SeleniumKeysUtil
instanceKlass com/kms/katalon/core/keyword/internal/KeywordMain
instanceKlass org/openqa/selenium/Proxy$1
instanceKlass java/util/stream/Collectors$$Lambda$256
instanceKlass java/util/stream/Collectors$$Lambda$255
instanceKlass java/util/stream/Collectors$$Lambda$254
instanceKlass java/util/stream/Collectors$$Lambda$253
instanceKlass org/openqa/selenium/AbstractCapabilities$$Lambda$252
instanceKlass java/util/Comparator$$Lambda$251
instanceKlass org/openqa/selenium/AbstractCapabilities$$Lambda$250
instanceKlass sun/misc/JavaxCryptoSealedObjectAccess
instanceKlass sun/misc/JavaObjectInputStreamAccess
instanceKlass sun/misc/JavaAWTAccess
instanceKlass sun/misc/JavaNetHttpCookieAccess
instanceKlass sun/misc/JavaOISAccess
instanceKlass sun/misc/JavaIOAccess
instanceKlass com/google/common/base/Throwables
instanceKlass java/util/stream/Collectors$$Lambda$249
instanceKlass java/util/stream/Collectors$$Lambda$248
instanceKlass java/util/stream/Collectors$$Lambda$247
instanceKlass org/openqa/selenium/remote/ErrorCodes$$Lambda$246
instanceKlass org/openqa/selenium/remote/ErrorCodes$$Lambda$245
instanceKlass org/openqa/selenium/remote/ErrorCodes$$Lambda$244
instanceKlass java/util/stream/SortedOps$RefSortingSink$$Lambda$243
instanceKlass java/util/stream/SortedOps
instanceKlass java/util/Comparator$$Lambda$242
instanceKlass java/lang/invoke/LambdaForm$DMH
instanceKlass org/openqa/selenium/remote/ErrorCodes$$Lambda$241
instanceKlass org/openqa/selenium/remote/ErrorCodes$$Lambda$240
instanceKlass org/openqa/selenium/remote/ErrorCodes$$Lambda$239
instanceKlass com/kms/katalon/core/trymonad/TryConsumer
instanceKlass org/openqa/selenium/net/Urls
instanceKlass com/kms/katalon/core/trymonad/Try
instanceKlass org/codehaus/groovy/runtime/ConversionHandler
instanceKlass com/kms/katalon/core/trymonad/TrySupplier
instanceKlass org/openqa/selenium/support/events/EventFiringWebDriver$EventFiringWebElement$$Lambda$238
instanceKlass org/openqa/selenium/support/events/EventFiringWebDriver$EventFiringWebElement
instanceKlass org/openqa/selenium/WrapsElement
instanceKlass org/openqa/selenium/interactions/Coordinates
instanceKlass com/google/common/collect/Lists
instanceKlass com/google/common/collect/FluentIterable
instanceKlass com/kms/katalon/core/webui/common/internal/SmartWait
instanceKlass com/kms/katalon/core/setting/PropertySettingStoreUtil
instanceKlass com/kms/katalon/core/setting/BundleSettingStore
instanceKlass com/kms/katalon/core/testobject/ObjectRepository$$Lambda$237
instanceKlass groovy/util/GroovyScriptEngine$ScriptClassLoader$1
instanceKlass org/dom4j/Visitor
instanceKlass org/openqa/selenium/remote/RemoteWebDriver$RemoteNavigation
instanceKlass org/openqa/selenium/support/events/EventFiringWebDriver$EventFiringNavigation
instanceKlass com/kms/katalon/core/util/internal/PathUtil
instanceKlass org/codehaus/groovy/control/customizers/ImportCustomizer$1
instanceKlass groovy/xml/QName
instanceKlass groovy/util/Node
